Running rv32ui-p-simple.hex..
DEBUG Fetch: PC=0x80000000 (#0)
DEBUG Instr 0x500006f: JAL x0, 0x50
DEBUG *** Next PC=0x80000050
TRACE          0: pipeline-fetch: PC=0x80000000, wb=0, ex=ALU (#0)
TRACE          1: pipeline-decode: PC=0x80000000, wb=0, ex=ALU (#0)
TRACE          1: *** pipeline-fetch stalled!
TRACE          2: pipeline-execute: PC=0x80000000, wb=0, ex=ALU (#0)
TRACE          2: *** pipeline-fetch stalled!
TRACE          3: pipeline-memory: PC=0x80000000, wb=0, ex=ALU (#0)
TRACE          3: *** pipeline-fetch stalled!
TRACE          4: pipeline-writeback: PC=0x80000000, wb=0, ex=ALU (#0)
DEBUG Fetch: PC=0x80000050 (#1)
DEBUG Instr 0x93: ADDI x1, x0, 0x0
DEBUG Src0 Reg: x0={0x0}
DEBUG Dest Reg: x1={0x0}
TRACE          4: pipeline-fetch: PC=0x80000050, wb=1, rd=x1, ex=ALU (#1)
TRACE          5: pipeline-decode: PC=0x80000050, wb=1, rd=x1, ex=ALU (#1)
DEBUG Fetch: PC=0x80000054 (#2)
DEBUG Instr 0x113: ADDI x2, x0, 0x0
DEBUG Src0 Reg: x0={0x0}
DEBUG Dest Reg: x2={0x0}
TRACE          5: pipeline-fetch: PC=0x80000054, wb=1, rd=x2, ex=ALU (#2)
TRACE          6: pipeline-execute: PC=0x80000050, wb=1, rd=x1, ex=ALU (#1)
TRACE          6: pipeline-decode: PC=0x80000054, wb=1, rd=x2, ex=ALU (#2)
DEBUG Fetch: PC=0x80000058 (#3)
DEBUG Instr 0x193: ADDI x3, x0, 0x0
DEBUG Src0 Reg: x0={0x0}
DEBUG Dest Reg: x3={0x0}
TRACE          6: pipeline-fetch: PC=0x80000058, wb=1, rd=x3, ex=ALU (#3)
TRACE          7: pipeline-memory: PC=0x80000050, wb=1, rd=x1, ex=ALU (#1)
TRACE          7: pipeline-execute: PC=0x80000054, wb=1, rd=x2, ex=ALU (#2)
TRACE          7: pipeline-decode: PC=0x80000058, wb=1, rd=x3, ex=ALU (#3)
DEBUG Fetch: PC=0x8000005c (#4)
DEBUG Instr 0x213: ADDI x4, x0, 0x0
DEBUG Src0 Reg: x0={0x0}
DEBUG Dest Reg: x4={0x0}
TRACE          7: pipeline-fetch: PC=0x8000005c, wb=1, rd=x4, ex=ALU (#4)
TRACE          8: pipeline-writeback: PC=0x80000050, wb=1, rd=x1, ex=ALU (#1)
TRACE          8: pipeline-memory: PC=0x80000054, wb=1, rd=x2, ex=ALU (#2)
TRACE          8: pipeline-execute: PC=0x80000058, wb=1, rd=x3, ex=ALU (#3)
TRACE          8: pipeline-decode: PC=0x8000005c, wb=1, rd=x4, ex=ALU (#4)
DEBUG Fetch: PC=0x80000060 (#5)
DEBUG Instr 0x293: ADDI x5, x0, 0x0
DEBUG Src0 Reg: x0={0x0}
DEBUG Dest Reg: x5={0x0}
TRACE          8: pipeline-fetch: PC=0x80000060, wb=1, rd=x5, ex=ALU (#5)
TRACE          9: pipeline-writeback: PC=0x80000054, wb=1, rd=x2, ex=ALU (#2)
TRACE          9: pipeline-memory: PC=0x80000058, wb=1, rd=x3, ex=ALU (#3)
TRACE          9: pipeline-execute: PC=0x8000005c, wb=1, rd=x4, ex=ALU (#4)
TRACE          9: pipeline-decode: PC=0x80000060, wb=1, rd=x5, ex=ALU (#5)
DEBUG Fetch: PC=0x80000064 (#6)
DEBUG Instr 0x313: ADDI x6, x0, 0x0
DEBUG Src0 Reg: x0={0x0}
DEBUG Dest Reg: x6={0x0}
TRACE          9: pipeline-fetch: PC=0x80000064, wb=1, rd=x6, ex=ALU (#6)
TRACE         10: pipeline-writeback: PC=0x80000058, wb=1, rd=x3, ex=ALU (#3)
TRACE         10: pipeline-memory: PC=0x8000005c, wb=1, rd=x4, ex=ALU (#4)
TRACE         10: pipeline-execute: PC=0x80000060, wb=1, rd=x5, ex=ALU (#5)
TRACE         10: pipeline-decode: PC=0x80000064, wb=1, rd=x6, ex=ALU (#6)
DEBUG Fetch: PC=0x80000068 (#7)
DEBUG Instr 0x393: ADDI x7, x0, 0x0
DEBUG Src0 Reg: x0={0x0}
DEBUG Dest Reg: x7={0x0}
TRACE         10: pipeline-fetch: PC=0x80000068, wb=1, rd=x7, ex=ALU (#7)
TRACE         11: pipeline-writeback: PC=0x8000005c, wb=1, rd=x4, ex=ALU (#4)
TRACE         11: pipeline-memory: PC=0x80000060, wb=1, rd=x5, ex=ALU (#5)
TRACE         11: pipeline-execute: PC=0x80000064, wb=1, rd=x6, ex=ALU (#6)
TRACE         11: pipeline-decode: PC=0x80000068, wb=1, rd=x7, ex=ALU (#7)
DEBUG Fetch: PC=0x8000006c (#8)
DEBUG Instr 0x413: ADDI x8, x0, 0x0
DEBUG Src0 Reg: x0={0x0}
DEBUG Dest Reg: x8={0x0}
TRACE         11: pipeline-fetch: PC=0x8000006c, wb=1, rd=x8, ex=ALU (#8)
TRACE         12: pipeline-writeback: PC=0x80000060, wb=1, rd=x5, ex=ALU (#5)
TRACE         12: pipeline-memory: PC=0x80000064, wb=1, rd=x6, ex=ALU (#6)
TRACE         12: pipeline-execute: PC=0x80000068, wb=1, rd=x7, ex=ALU (#7)
TRACE         12: pipeline-decode: PC=0x8000006c, wb=1, rd=x8, ex=ALU (#8)
DEBUG Fetch: PC=0x80000070 (#9)
DEBUG Instr 0x493: ADDI x9, x0, 0x0
DEBUG Src0 Reg: x0={0x0}
DEBUG Dest Reg: x9={0x0}
TRACE         12: pipeline-fetch: PC=0x80000070, wb=1, rd=x9, ex=ALU (#9)
TRACE         13: pipeline-writeback: PC=0x80000064, wb=1, rd=x6, ex=ALU (#6)
TRACE         13: pipeline-memory: PC=0x80000068, wb=1, rd=x7, ex=ALU (#7)
TRACE         13: pipeline-execute: PC=0x8000006c, wb=1, rd=x8, ex=ALU (#8)
TRACE         13: pipeline-decode: PC=0x80000070, wb=1, rd=x9, ex=ALU (#9)
DEBUG Fetch: PC=0x80000074 (#10)
DEBUG Instr 0x513: ADDI x10, x0, 0x0
DEBUG Src0 Reg: x0={0x0}
DEBUG Dest Reg: x10={0x0}
TRACE         13: pipeline-fetch: PC=0x80000074, wb=1, rd=x10, ex=ALU (#10)
TRACE         14: pipeline-writeback: PC=0x80000068, wb=1, rd=x7, ex=ALU (#7)
TRACE         14: pipeline-memory: PC=0x8000006c, wb=1, rd=x8, ex=ALU (#8)
TRACE         14: pipeline-execute: PC=0x80000070, wb=1, rd=x9, ex=ALU (#9)
TRACE         14: pipeline-decode: PC=0x80000074, wb=1, rd=x10, ex=ALU (#10)
DEBUG Fetch: PC=0x80000078 (#11)
DEBUG Instr 0x593: ADDI x11, x0, 0x0
DEBUG Src0 Reg: x0={0x0}
DEBUG Dest Reg: x11={0x0}
TRACE         14: pipeline-fetch: PC=0x80000078, wb=1, rd=x11, ex=ALU (#11)
TRACE         15: pipeline-writeback: PC=0x8000006c, wb=1, rd=x8, ex=ALU (#8)
TRACE         15: pipeline-memory: PC=0x80000070, wb=1, rd=x9, ex=ALU (#9)
TRACE         15: pipeline-execute: PC=0x80000074, wb=1, rd=x10, ex=ALU (#10)
TRACE         15: pipeline-decode: PC=0x80000078, wb=1, rd=x11, ex=ALU (#11)
DEBUG Fetch: PC=0x8000007c (#12)
DEBUG Instr 0x613: ADDI x12, x0, 0x0
DEBUG Src0 Reg: x0={0x0}
DEBUG Dest Reg: x12={0x0}
TRACE         15: pipeline-fetch: PC=0x8000007c, wb=1, rd=x12, ex=ALU (#12)
TRACE         16: pipeline-writeback: PC=0x80000070, wb=1, rd=x9, ex=ALU (#9)
TRACE         16: pipeline-memory: PC=0x80000074, wb=1, rd=x10, ex=ALU (#10)
TRACE         16: pipeline-execute: PC=0x80000078, wb=1, rd=x11, ex=ALU (#11)
TRACE         16: pipeline-decode: PC=0x8000007c, wb=1, rd=x12, ex=ALU (#12)
DEBUG Fetch: PC=0x80000080 (#13)
DEBUG Instr 0x693: ADDI x13, x0, 0x0
DEBUG Src0 Reg: x0={0x0}
DEBUG Dest Reg: x13={0x0}
TRACE         16: pipeline-fetch: PC=0x80000080, wb=1, rd=x13, ex=ALU (#13)
TRACE         17: pipeline-writeback: PC=0x80000074, wb=1, rd=x10, ex=ALU (#10)
TRACE         17: pipeline-memory: PC=0x80000078, wb=1, rd=x11, ex=ALU (#11)
TRACE         17: pipeline-execute: PC=0x8000007c, wb=1, rd=x12, ex=ALU (#12)
TRACE         17: pipeline-decode: PC=0x80000080, wb=1, rd=x13, ex=ALU (#13)
DEBUG Fetch: PC=0x80000084 (#14)
DEBUG Instr 0x713: ADDI x14, x0, 0x0
DEBUG Src0 Reg: x0={0x0}
DEBUG Dest Reg: x14={0x0}
TRACE         17: pipeline-fetch: PC=0x80000084, wb=1, rd=x14, ex=ALU (#14)
TRACE         18: pipeline-writeback: PC=0x80000078, wb=1, rd=x11, ex=ALU (#11)
TRACE         18: pipeline-memory: PC=0x8000007c, wb=1, rd=x12, ex=ALU (#12)
TRACE         18: pipeline-execute: PC=0x80000080, wb=1, rd=x13, ex=ALU (#13)
TRACE         18: pipeline-decode: PC=0x80000084, wb=1, rd=x14, ex=ALU (#14)
DEBUG Fetch: PC=0x80000088 (#15)
DEBUG Instr 0x793: ADDI x15, x0, 0x0
DEBUG Src0 Reg: x0={0x0}
DEBUG Dest Reg: x15={0x0}
TRACE         18: pipeline-fetch: PC=0x80000088, wb=1, rd=x15, ex=ALU (#15)
TRACE         19: pipeline-writeback: PC=0x8000007c, wb=1, rd=x12, ex=ALU (#12)
TRACE         19: pipeline-memory: PC=0x80000080, wb=1, rd=x13, ex=ALU (#13)
TRACE         19: pipeline-execute: PC=0x80000084, wb=1, rd=x14, ex=ALU (#14)
TRACE         19: pipeline-decode: PC=0x80000088, wb=1, rd=x15, ex=ALU (#15)
DEBUG Fetch: PC=0x8000008c (#16)
DEBUG Instr 0x813: ADDI x16, x0, 0x0
DEBUG Src0 Reg: x0={0x0}
DEBUG Dest Reg: x16={0x0}
TRACE         19: pipeline-fetch: PC=0x8000008c, wb=1, rd=x16, ex=ALU (#16)
TRACE         20: pipeline-writeback: PC=0x80000080, wb=1, rd=x13, ex=ALU (#13)
TRACE         20: pipeline-memory: PC=0x80000084, wb=1, rd=x14, ex=ALU (#14)
TRACE         20: pipeline-execute: PC=0x80000088, wb=1, rd=x15, ex=ALU (#15)
TRACE         20: pipeline-decode: PC=0x8000008c, wb=1, rd=x16, ex=ALU (#16)
DEBUG Fetch: PC=0x80000090 (#17)
DEBUG Instr 0x893: ADDI x17, x0, 0x0
DEBUG Src0 Reg: x0={0x0}
DEBUG Dest Reg: x17={0x0}
TRACE         20: pipeline-fetch: PC=0x80000090, wb=1, rd=x17, ex=ALU (#17)
TRACE         21: pipeline-writeback: PC=0x80000084, wb=1, rd=x14, ex=ALU (#14)
TRACE         21: pipeline-memory: PC=0x80000088, wb=1, rd=x15, ex=ALU (#15)
TRACE         21: pipeline-execute: PC=0x8000008c, wb=1, rd=x16, ex=ALU (#16)
TRACE         21: pipeline-decode: PC=0x80000090, wb=1, rd=x17, ex=ALU (#17)
DEBUG Fetch: PC=0x80000094 (#18)
DEBUG Instr 0x913: ADDI x18, x0, 0x0
DEBUG Src0 Reg: x0={0x0}
DEBUG Dest Reg: x18={0x0}
TRACE         21: pipeline-fetch: PC=0x80000094, wb=1, rd=x18, ex=ALU (#18)
TRACE         22: pipeline-writeback: PC=0x80000088, wb=1, rd=x15, ex=ALU (#15)
TRACE         22: pipeline-memory: PC=0x8000008c, wb=1, rd=x16, ex=ALU (#16)
TRACE         22: pipeline-execute: PC=0x80000090, wb=1, rd=x17, ex=ALU (#17)
TRACE         22: pipeline-decode: PC=0x80000094, wb=1, rd=x18, ex=ALU (#18)
DEBUG Fetch: PC=0x80000098 (#19)
DEBUG Instr 0x993: ADDI x19, x0, 0x0
DEBUG Src0 Reg: x0={0x0}
DEBUG Dest Reg: x19={0x0}
TRACE         22: pipeline-fetch: PC=0x80000098, wb=1, rd=x19, ex=ALU (#19)
TRACE         23: pipeline-writeback: PC=0x8000008c, wb=1, rd=x16, ex=ALU (#16)
TRACE         23: pipeline-memory: PC=0x80000090, wb=1, rd=x17, ex=ALU (#17)
TRACE         23: pipeline-execute: PC=0x80000094, wb=1, rd=x18, ex=ALU (#18)
TRACE         23: pipeline-decode: PC=0x80000098, wb=1, rd=x19, ex=ALU (#19)
DEBUG Fetch: PC=0x8000009c (#20)
DEBUG Instr 0xa13: ADDI x20, x0, 0x0
DEBUG Src0 Reg: x0={0x0}
DEBUG Dest Reg: x20={0x0}
TRACE         23: pipeline-fetch: PC=0x8000009c, wb=1, rd=x20, ex=ALU (#20)
TRACE         24: pipeline-writeback: PC=0x80000090, wb=1, rd=x17, ex=ALU (#17)
TRACE         24: pipeline-memory: PC=0x80000094, wb=1, rd=x18, ex=ALU (#18)
TRACE         24: pipeline-execute: PC=0x80000098, wb=1, rd=x19, ex=ALU (#19)
TRACE         24: pipeline-decode: PC=0x8000009c, wb=1, rd=x20, ex=ALU (#20)
DEBUG Fetch: PC=0x800000a0 (#21)
DEBUG Instr 0xa93: ADDI x21, x0, 0x0
DEBUG Src0 Reg: x0={0x0}
DEBUG Dest Reg: x21={0x0}
TRACE         24: pipeline-fetch: PC=0x800000a0, wb=1, rd=x21, ex=ALU (#21)
TRACE         25: pipeline-writeback: PC=0x80000094, wb=1, rd=x18, ex=ALU (#18)
TRACE         25: pipeline-memory: PC=0x80000098, wb=1, rd=x19, ex=ALU (#19)
TRACE         25: pipeline-execute: PC=0x8000009c, wb=1, rd=x20, ex=ALU (#20)
TRACE         25: pipeline-decode: PC=0x800000a0, wb=1, rd=x21, ex=ALU (#21)
DEBUG Fetch: PC=0x800000a4 (#22)
DEBUG Instr 0xb13: ADDI x22, x0, 0x0
DEBUG Src0 Reg: x0={0x0}
DEBUG Dest Reg: x22={0x0}
TRACE         25: pipeline-fetch: PC=0x800000a4, wb=1, rd=x22, ex=ALU (#22)
TRACE         26: pipeline-writeback: PC=0x80000098, wb=1, rd=x19, ex=ALU (#19)
TRACE         26: pipeline-memory: PC=0x8000009c, wb=1, rd=x20, ex=ALU (#20)
TRACE         26: pipeline-execute: PC=0x800000a0, wb=1, rd=x21, ex=ALU (#21)
TRACE         26: pipeline-decode: PC=0x800000a4, wb=1, rd=x22, ex=ALU (#22)
DEBUG Fetch: PC=0x800000a8 (#23)
DEBUG Instr 0xb93: ADDI x23, x0, 0x0
DEBUG Src0 Reg: x0={0x0}
DEBUG Dest Reg: x23={0x0}
TRACE         26: pipeline-fetch: PC=0x800000a8, wb=1, rd=x23, ex=ALU (#23)
TRACE         27: pipeline-writeback: PC=0x8000009c, wb=1, rd=x20, ex=ALU (#20)
TRACE         27: pipeline-memory: PC=0x800000a0, wb=1, rd=x21, ex=ALU (#21)
TRACE         27: pipeline-execute: PC=0x800000a4, wb=1, rd=x22, ex=ALU (#22)
TRACE         27: pipeline-decode: PC=0x800000a8, wb=1, rd=x23, ex=ALU (#23)
DEBUG Fetch: PC=0x800000ac (#24)
DEBUG Instr 0xc13: ADDI x24, x0, 0x0
DEBUG Src0 Reg: x0={0x0}
DEBUG Dest Reg: x24={0x0}
TRACE         27: pipeline-fetch: PC=0x800000ac, wb=1, rd=x24, ex=ALU (#24)
TRACE         28: pipeline-writeback: PC=0x800000a0, wb=1, rd=x21, ex=ALU (#21)
TRACE         28: pipeline-memory: PC=0x800000a4, wb=1, rd=x22, ex=ALU (#22)
TRACE         28: pipeline-execute: PC=0x800000a8, wb=1, rd=x23, ex=ALU (#23)
TRACE         28: pipeline-decode: PC=0x800000ac, wb=1, rd=x24, ex=ALU (#24)
DEBUG Fetch: PC=0x800000b0 (#25)
DEBUG Instr 0xc93: ADDI x25, x0, 0x0
DEBUG Src0 Reg: x0={0x0}
DEBUG Dest Reg: x25={0x0}
TRACE         28: pipeline-fetch: PC=0x800000b0, wb=1, rd=x25, ex=ALU (#25)
TRACE         29: pipeline-writeback: PC=0x800000a4, wb=1, rd=x22, ex=ALU (#22)
TRACE         29: pipeline-memory: PC=0x800000a8, wb=1, rd=x23, ex=ALU (#23)
TRACE         29: pipeline-execute: PC=0x800000ac, wb=1, rd=x24, ex=ALU (#24)
TRACE         29: pipeline-decode: PC=0x800000b0, wb=1, rd=x25, ex=ALU (#25)
DEBUG Fetch: PC=0x800000b4 (#26)
DEBUG Instr 0xd13: ADDI x26, x0, 0x0
DEBUG Src0 Reg: x0={0x0}
DEBUG Dest Reg: x26={0x0}
TRACE         29: pipeline-fetch: PC=0x800000b4, wb=1, rd=x26, ex=ALU (#26)
TRACE         30: pipeline-writeback: PC=0x800000a8, wb=1, rd=x23, ex=ALU (#23)
TRACE         30: pipeline-memory: PC=0x800000ac, wb=1, rd=x24, ex=ALU (#24)
TRACE         30: pipeline-execute: PC=0x800000b0, wb=1, rd=x25, ex=ALU (#25)
TRACE         30: pipeline-decode: PC=0x800000b4, wb=1, rd=x26, ex=ALU (#26)
DEBUG Fetch: PC=0x800000b8 (#27)
DEBUG Instr 0xd93: ADDI x27, x0, 0x0
DEBUG Src0 Reg: x0={0x0}
DEBUG Dest Reg: x27={0x0}
TRACE         30: pipeline-fetch: PC=0x800000b8, wb=1, rd=x27, ex=ALU (#27)
TRACE         31: pipeline-writeback: PC=0x800000ac, wb=1, rd=x24, ex=ALU (#24)
TRACE         31: pipeline-memory: PC=0x800000b0, wb=1, rd=x25, ex=ALU (#25)
TRACE         31: pipeline-execute: PC=0x800000b4, wb=1, rd=x26, ex=ALU (#26)
TRACE         31: pipeline-decode: PC=0x800000b8, wb=1, rd=x27, ex=ALU (#27)
DEBUG Fetch: PC=0x800000bc (#28)
DEBUG Instr 0xe13: ADDI x28, x0, 0x0
DEBUG Src0 Reg: x0={0x0}
DEBUG Dest Reg: x28={0x0}
TRACE         31: pipeline-fetch: PC=0x800000bc, wb=1, rd=x28, ex=ALU (#28)
TRACE         32: pipeline-writeback: PC=0x800000b0, wb=1, rd=x25, ex=ALU (#25)
TRACE         32: pipeline-memory: PC=0x800000b4, wb=1, rd=x26, ex=ALU (#26)
TRACE         32: pipeline-execute: PC=0x800000b8, wb=1, rd=x27, ex=ALU (#27)
TRACE         32: pipeline-decode: PC=0x800000bc, wb=1, rd=x28, ex=ALU (#28)
DEBUG Fetch: PC=0x800000c0 (#29)
DEBUG Instr 0xe93: ADDI x29, x0, 0x0
DEBUG Src0 Reg: x0={0x0}
DEBUG Dest Reg: x29={0x0}
TRACE         32: pipeline-fetch: PC=0x800000c0, wb=1, rd=x29, ex=ALU (#29)
TRACE         33: pipeline-writeback: PC=0x800000b4, wb=1, rd=x26, ex=ALU (#26)
TRACE         33: pipeline-memory: PC=0x800000b8, wb=1, rd=x27, ex=ALU (#27)
TRACE         33: pipeline-execute: PC=0x800000bc, wb=1, rd=x28, ex=ALU (#28)
TRACE         33: pipeline-decode: PC=0x800000c0, wb=1, rd=x29, ex=ALU (#29)
DEBUG Fetch: PC=0x800000c4 (#30)
DEBUG Instr 0xf13: ADDI x30, x0, 0x0
DEBUG Src0 Reg: x0={0x0}
DEBUG Dest Reg: x30={0x0}
TRACE         33: pipeline-fetch: PC=0x800000c4, wb=1, rd=x30, ex=ALU (#30)
TRACE         34: pipeline-writeback: PC=0x800000b8, wb=1, rd=x27, ex=ALU (#27)
TRACE         34: pipeline-memory: PC=0x800000bc, wb=1, rd=x28, ex=ALU (#28)
TRACE         34: pipeline-execute: PC=0x800000c0, wb=1, rd=x29, ex=ALU (#29)
TRACE         34: pipeline-decode: PC=0x800000c4, wb=1, rd=x30, ex=ALU (#30)
DEBUG Fetch: PC=0x800000c8 (#31)
DEBUG Instr 0xf93: ADDI x31, x0, 0x0
DEBUG Src0 Reg: x0={0x0}
DEBUG Dest Reg: x31={0x0}
TRACE         34: pipeline-fetch: PC=0x800000c8, wb=1, rd=x31, ex=ALU (#31)
TRACE         35: pipeline-writeback: PC=0x800000bc, wb=1, rd=x28, ex=ALU (#28)
TRACE         35: pipeline-memory: PC=0x800000c0, wb=1, rd=x29, ex=ALU (#29)
TRACE         35: pipeline-execute: PC=0x800000c4, wb=1, rd=x30, ex=ALU (#30)
TRACE         35: pipeline-decode: PC=0x800000c8, wb=1, rd=x31, ex=ALU (#31)
DEBUG Fetch: PC=0x800000cc (#32)
DEBUG Instr 0xf1402573: CSRRS x10, x0, 0xf14
DEBUG Src0 Reg: x0={0x0}
DEBUG Dest Reg: x10={0x0}
TRACE         35: pipeline-fetch: PC=0x800000cc, wb=1, rd=x10, ex=CSR (#32)
TRACE         36: pipeline-writeback: PC=0x800000c0, wb=1, rd=x29, ex=ALU (#29)
TRACE         36: pipeline-memory: PC=0x800000c4, wb=1, rd=x30, ex=ALU (#30)
TRACE         36: pipeline-execute: PC=0x800000c8, wb=1, rd=x31, ex=ALU (#31)
TRACE         36: pipeline-decode: PC=0x800000cc, wb=1, rd=x10, ex=CSR (#32)
DEBUG Fetch: PC=0x800000d0 (#33)
DEBUG Instr 0x51063: BNE x10, x0, 0x0
DEBUG Src0 Reg: x10={0x0}
DEBUG Src1 Reg: x0={0x0}
TRACE         36: pipeline-fetch: PC=0x800000d0, wb=0, ex=ALU (#33)
TRACE         37: pipeline-writeback: PC=0x800000c4, wb=1, rd=x30, ex=ALU (#30)
TRACE         37: pipeline-memory: PC=0x800000c8, wb=1, rd=x31, ex=ALU (#31)
TRACE         37: pipeline-execute: PC=0x800000cc, wb=1, rd=x10, ex=CSR (#32)
TRACE         37: pipeline-decode: PC=0x800000d0, wb=0, ex=ALU (#33)
TRACE         37: *** pipeline-fetch stalled!
TRACE         38: pipeline-writeback: PC=0x800000c8, wb=1, rd=x31, ex=ALU (#31)
TRACE         38: pipeline-memory: PC=0x800000cc, wb=1, rd=x10, ex=CSR (#32)
TRACE         38: pipeline-execute: PC=0x800000d0, wb=0, ex=ALU (#33)
TRACE         38: *** pipeline-fetch stalled!
TRACE         39: pipeline-writeback: PC=0x800000cc, wb=1, rd=x10, ex=CSR (#32)
TRACE         39: pipeline-memory: PC=0x800000d0, wb=0, ex=ALU (#33)
TRACE         39: *** pipeline-fetch stalled!
TRACE         40: pipeline-writeback: PC=0x800000d0, wb=0, ex=ALU (#33)
DEBUG Fetch: PC=0x800000d4 (#34)
DEBUG Instr 0x297: AUIPC x5, 0x0
DEBUG Dest Reg: x5={0x800000d4}
TRACE         40: pipeline-fetch: PC=0x800000d4, wb=1, rd=x5, ex=ALU (#34)
TRACE         41: pipeline-decode: PC=0x800000d4, wb=1, rd=x5, ex=ALU (#34)
DEBUG Fetch: PC=0x800000d8 (#35)
DEBUG Instr 0x1028293: ADDI x5, x5, 0x10
DEBUG Src0 Reg: x5={0x800000d4}
DEBUG Dest Reg: x5={0x800000e4}
TRACE         41: pipeline-fetch: PC=0x800000d8, wb=1, rd=x5, ex=ALU (#35)
TRACE         42: pipeline-execute: PC=0x800000d4, wb=1, rd=x5, ex=ALU (#34)
TRACE         42: pipeline-decode: PC=0x800000d8, wb=1, rd=x5, ex=ALU (#35)
DEBUG Fetch: PC=0x800000dc (#36)
DEBUG Instr 0x30529073: CSRRW x0, x5, 0x305
DEBUG Src0 Reg: x5={0x800000e4}
TRACE         42: pipeline-fetch: PC=0x800000dc, wb=0, ex=CSR (#36)
TRACE         43: pipeline-memory: PC=0x800000d4, wb=1, rd=x5, ex=ALU (#34)
TRACE         43: pipeline-execute: PC=0x800000d8, wb=1, rd=x5, ex=ALU (#35)
TRACE         43: pipeline-decode: PC=0x800000dc, wb=0, ex=CSR (#36)
DEBUG Fetch: PC=0x800000e0 (#37)
DEBUG Instr 0x74445073: CSRRWI x0, 0x744, 0x8
TRACE         43: pipeline-fetch: PC=0x800000e0, wb=0, ex=CSR (#37)
TRACE         44: pipeline-writeback: PC=0x800000d4, wb=1, rd=x5, ex=ALU (#34)
TRACE         44: pipeline-memory: PC=0x800000d8, wb=1, rd=x5, ex=ALU (#35)
TRACE         44: pipeline-execute: PC=0x800000dc, wb=0, ex=CSR (#36)
TRACE         44: pipeline-decode: PC=0x800000e0, wb=0, ex=CSR (#37)
DEBUG Fetch: PC=0x800000e4 (#38)
DEBUG Instr 0x297: AUIPC x5, 0x0
DEBUG Dest Reg: x5={0x800000e4}
TRACE         44: pipeline-fetch: PC=0x800000e4, wb=1, rd=x5, ex=ALU (#38)
TRACE         45: pipeline-writeback: PC=0x800000d8, wb=1, rd=x5, ex=ALU (#35)
TRACE         45: pipeline-memory: PC=0x800000dc, wb=0, ex=CSR (#36)
TRACE         45: pipeline-execute: PC=0x800000e0, wb=0, ex=CSR (#37)
TRACE         45: pipeline-decode: PC=0x800000e4, wb=1, rd=x5, ex=ALU (#38)
DEBUG Fetch: PC=0x800000e8 (#39)
DEBUG Instr 0x1028293: ADDI x5, x5, 0x10
DEBUG Src0 Reg: x5={0x800000e4}
DEBUG Dest Reg: x5={0x800000f4}
TRACE         45: pipeline-fetch: PC=0x800000e8, wb=1, rd=x5, ex=ALU (#39)
TRACE         46: pipeline-writeback: PC=0x800000dc, wb=0, ex=CSR (#36)
TRACE         46: pipeline-memory: PC=0x800000e0, wb=0, ex=CSR (#37)
TRACE         46: pipeline-execute: PC=0x800000e4, wb=1, rd=x5, ex=ALU (#38)
TRACE         46: pipeline-decode: PC=0x800000e8, wb=1, rd=x5, ex=ALU (#39)
DEBUG Fetch: PC=0x800000ec (#40)
DEBUG Instr 0x30529073: CSRRW x0, x5, 0x305
DEBUG Src0 Reg: x5={0x800000f4}
TRACE         46: pipeline-fetch: PC=0x800000ec, wb=0, ex=CSR (#40)
TRACE         47: pipeline-writeback: PC=0x800000e0, wb=0, ex=CSR (#37)
TRACE         47: pipeline-memory: PC=0x800000e4, wb=1, rd=x5, ex=ALU (#38)
TRACE         47: pipeline-execute: PC=0x800000e8, wb=1, rd=x5, ex=ALU (#39)
TRACE         47: pipeline-decode: PC=0x800000ec, wb=0, ex=CSR (#40)
DEBUG Fetch: PC=0x800000f0 (#41)
DEBUG Instr 0x18005073: CSRRWI x0, 0x180, 0x0
TRACE         47: pipeline-fetch: PC=0x800000f0, wb=0, ex=CSR (#41)
TRACE         48: pipeline-writeback: PC=0x800000e4, wb=1, rd=x5, ex=ALU (#38)
TRACE         48: pipeline-memory: PC=0x800000e8, wb=1, rd=x5, ex=ALU (#39)
TRACE         48: pipeline-execute: PC=0x800000ec, wb=0, ex=CSR (#40)
TRACE         48: pipeline-decode: PC=0x800000f0, wb=0, ex=CSR (#41)
DEBUG Fetch: PC=0x800000f4 (#42)
DEBUG Instr 0x297: AUIPC x5, 0x0
DEBUG Dest Reg: x5={0x800000f4}
TRACE         48: pipeline-fetch: PC=0x800000f4, wb=1, rd=x5, ex=ALU (#42)
TRACE         49: pipeline-writeback: PC=0x800000e8, wb=1, rd=x5, ex=ALU (#39)
TRACE         49: pipeline-memory: PC=0x800000ec, wb=0, ex=CSR (#40)
TRACE         49: pipeline-execute: PC=0x800000f0, wb=0, ex=CSR (#41)
TRACE         49: pipeline-decode: PC=0x800000f4, wb=1, rd=x5, ex=ALU (#42)
DEBUG Fetch: PC=0x800000f8 (#43)
DEBUG Instr 0x2028293: ADDI x5, x5, 0x20
DEBUG Src0 Reg: x5={0x800000f4}
DEBUG Dest Reg: x5={0x80000114}
TRACE         49: pipeline-fetch: PC=0x800000f8, wb=1, rd=x5, ex=ALU (#43)
TRACE         50: pipeline-writeback: PC=0x800000ec, wb=0, ex=CSR (#40)
TRACE         50: pipeline-memory: PC=0x800000f0, wb=0, ex=CSR (#41)
TRACE         50: pipeline-execute: PC=0x800000f4, wb=1, rd=x5, ex=ALU (#42)
TRACE         50: pipeline-decode: PC=0x800000f8, wb=1, rd=x5, ex=ALU (#43)
DEBUG Fetch: PC=0x800000fc (#44)
DEBUG Instr 0x30529073: CSRRW x0, x5, 0x305
DEBUG Src0 Reg: x5={0x80000114}
TRACE         50: pipeline-fetch: PC=0x800000fc, wb=0, ex=CSR (#44)
TRACE         51: pipeline-writeback: PC=0x800000f0, wb=0, ex=CSR (#41)
TRACE         51: pipeline-memory: PC=0x800000f4, wb=1, rd=x5, ex=ALU (#42)
TRACE         51: pipeline-execute: PC=0x800000f8, wb=1, rd=x5, ex=ALU (#43)
TRACE         51: pipeline-decode: PC=0x800000fc, wb=0, ex=CSR (#44)
DEBUG Fetch: PC=0x80000100 (#45)
DEBUG Instr 0x800002b7: LUI x5, 0xfff80000
DEBUG Dest Reg: x5={0x80000000}
TRACE         51: pipeline-fetch: PC=0x80000100, wb=1, rd=x5, ex=ALU (#45)
TRACE         52: pipeline-writeback: PC=0x800000f4, wb=1, rd=x5, ex=ALU (#42)
TRACE         52: pipeline-memory: PC=0x800000f8, wb=1, rd=x5, ex=ALU (#43)
TRACE         52: pipeline-execute: PC=0x800000fc, wb=0, ex=CSR (#44)
TRACE         52: pipeline-decode: PC=0x80000100, wb=1, rd=x5, ex=ALU (#45)
DEBUG Fetch: PC=0x80000104 (#46)
DEBUG Instr 0xfff28293: ADDI x5, x5, 0xffffffff
DEBUG Src0 Reg: x5={0x80000000}
DEBUG Dest Reg: x5={0x7fffffff}
TRACE         52: pipeline-fetch: PC=0x80000104, wb=1, rd=x5, ex=ALU (#46)
TRACE         53: pipeline-writeback: PC=0x800000f8, wb=1, rd=x5, ex=ALU (#43)
TRACE         53: pipeline-memory: PC=0x800000fc, wb=0, ex=CSR (#44)
TRACE         53: pipeline-execute: PC=0x80000100, wb=1, rd=x5, ex=ALU (#45)
TRACE         53: pipeline-decode: PC=0x80000104, wb=1, rd=x5, ex=ALU (#46)
DEBUG Fetch: PC=0x80000108 (#47)
DEBUG Instr 0x3b029073: CSRRW x0, x5, 0x3b0
DEBUG Src0 Reg: x5={0x7fffffff}
TRACE         53: pipeline-fetch: PC=0x80000108, wb=0, ex=CSR (#47)
TRACE         54: pipeline-writeback: PC=0x800000fc, wb=0, ex=CSR (#44)
TRACE         54: pipeline-memory: PC=0x80000100, wb=1, rd=x5, ex=ALU (#45)
TRACE         54: pipeline-execute: PC=0x80000104, wb=1, rd=x5, ex=ALU (#46)
TRACE         54: pipeline-decode: PC=0x80000108, wb=0, ex=CSR (#47)
DEBUG Fetch: PC=0x8000010c (#48)
DEBUG Instr 0x1f00293: ADDI x5, x0, 0x1f
DEBUG Src0 Reg: x0={0x0}
DEBUG Dest Reg: x5={0x1f}
TRACE         54: pipeline-fetch: PC=0x8000010c, wb=1, rd=x5, ex=ALU (#48)
TRACE         55: pipeline-writeback: PC=0x80000100, wb=1, rd=x5, ex=ALU (#45)
TRACE         55: pipeline-memory: PC=0x80000104, wb=1, rd=x5, ex=ALU (#46)
TRACE         55: pipeline-execute: PC=0x80000108, wb=0, ex=CSR (#47)
TRACE         55: pipeline-decode: PC=0x8000010c, wb=1, rd=x5, ex=ALU (#48)
DEBUG Fetch: PC=0x80000110 (#49)
DEBUG Instr 0x3a029073: CSRRW x0, x5, 0x3a0
DEBUG Src0 Reg: x5={0x1f}
TRACE         55: pipeline-fetch: PC=0x80000110, wb=0, ex=CSR (#49)
TRACE         56: pipeline-writeback: PC=0x80000104, wb=1, rd=x5, ex=ALU (#46)
TRACE         56: pipeline-memory: PC=0x80000108, wb=0, ex=CSR (#47)
TRACE         56: pipeline-execute: PC=0x8000010c, wb=1, rd=x5, ex=ALU (#48)
TRACE         56: pipeline-decode: PC=0x80000110, wb=0, ex=CSR (#49)
DEBUG Fetch: PC=0x80000114 (#50)
DEBUG Instr 0x30405073: CSRRWI x0, 0x304, 0x0
TRACE         56: pipeline-fetch: PC=0x80000114, wb=0, ex=CSR (#50)
TRACE         57: pipeline-writeback: PC=0x80000108, wb=0, ex=CSR (#47)
TRACE         57: pipeline-memory: PC=0x8000010c, wb=1, rd=x5, ex=ALU (#48)
TRACE         57: pipeline-execute: PC=0x80000110, wb=0, ex=CSR (#49)
TRACE         57: pipeline-decode: PC=0x80000114, wb=0, ex=CSR (#50)
DEBUG Fetch: PC=0x80000118 (#51)
DEBUG Instr 0x297: AUIPC x5, 0x0
DEBUG Dest Reg: x5={0x80000118}
TRACE         57: pipeline-fetch: PC=0x80000118, wb=1, rd=x5, ex=ALU (#51)
TRACE         58: pipeline-writeback: PC=0x8000010c, wb=1, rd=x5, ex=ALU (#48)
TRACE         58: pipeline-memory: PC=0x80000110, wb=0, ex=CSR (#49)
TRACE         58: pipeline-execute: PC=0x80000114, wb=0, ex=CSR (#50)
TRACE         58: pipeline-decode: PC=0x80000118, wb=1, rd=x5, ex=ALU (#51)
DEBUG Fetch: PC=0x8000011c (#52)
DEBUG Instr 0x1428293: ADDI x5, x5, 0x14
DEBUG Src0 Reg: x5={0x80000118}
DEBUG Dest Reg: x5={0x8000012c}
TRACE         58: pipeline-fetch: PC=0x8000011c, wb=1, rd=x5, ex=ALU (#52)
TRACE         59: pipeline-writeback: PC=0x80000110, wb=0, ex=CSR (#49)
TRACE         59: pipeline-memory: PC=0x80000114, wb=0, ex=CSR (#50)
TRACE         59: pipeline-execute: PC=0x80000118, wb=1, rd=x5, ex=ALU (#51)
TRACE         59: pipeline-decode: PC=0x8000011c, wb=1, rd=x5, ex=ALU (#52)
DEBUG Fetch: PC=0x80000120 (#53)
DEBUG Instr 0x30529073: CSRRW x0, x5, 0x305
DEBUG Src0 Reg: x5={0x8000012c}
TRACE         59: pipeline-fetch: PC=0x80000120, wb=0, ex=CSR (#53)
TRACE         60: pipeline-writeback: PC=0x80000114, wb=0, ex=CSR (#50)
TRACE         60: pipeline-memory: PC=0x80000118, wb=1, rd=x5, ex=ALU (#51)
TRACE         60: pipeline-execute: PC=0x8000011c, wb=1, rd=x5, ex=ALU (#52)
TRACE         60: pipeline-decode: PC=0x80000120, wb=0, ex=CSR (#53)
DEBUG Fetch: PC=0x80000124 (#54)
DEBUG Instr 0x30205073: CSRRWI x0, 0x302, 0x0
TRACE         60: pipeline-fetch: PC=0x80000124, wb=0, ex=CSR (#54)
TRACE         61: pipeline-writeback: PC=0x80000118, wb=1, rd=x5, ex=ALU (#51)
TRACE         61: pipeline-memory: PC=0x8000011c, wb=1, rd=x5, ex=ALU (#52)
TRACE         61: pipeline-execute: PC=0x80000120, wb=0, ex=CSR (#53)
TRACE         61: pipeline-decode: PC=0x80000124, wb=0, ex=CSR (#54)
DEBUG Fetch: PC=0x80000128 (#55)
DEBUG Instr 0x30305073: CSRRWI x0, 0x303, 0x0
TRACE         61: pipeline-fetch: PC=0x80000128, wb=0, ex=CSR (#55)
TRACE         62: pipeline-writeback: PC=0x8000011c, wb=1, rd=x5, ex=ALU (#52)
TRACE         62: pipeline-memory: PC=0x80000120, wb=0, ex=CSR (#53)
TRACE         62: pipeline-execute: PC=0x80000124, wb=0, ex=CSR (#54)
TRACE         62: pipeline-decode: PC=0x80000128, wb=0, ex=CSR (#55)
DEBUG Fetch: PC=0x8000012c (#56)
DEBUG Instr 0x193: ADDI x3, x0, 0x0
DEBUG Src0 Reg: x0={0x0}
DEBUG Dest Reg: x3={0x0}
TRACE         62: pipeline-fetch: PC=0x8000012c, wb=1, rd=x3, ex=ALU (#56)
TRACE         63: pipeline-writeback: PC=0x80000120, wb=0, ex=CSR (#53)
TRACE         63: pipeline-memory: PC=0x80000124, wb=0, ex=CSR (#54)
TRACE         63: pipeline-execute: PC=0x80000128, wb=0, ex=CSR (#55)
TRACE         63: pipeline-decode: PC=0x8000012c, wb=1, rd=x3, ex=ALU (#56)
DEBUG Fetch: PC=0x80000130 (#57)
DEBUG Instr 0x297: AUIPC x5, 0x0
DEBUG Dest Reg: x5={0x80000130}
TRACE         63: pipeline-fetch: PC=0x80000130, wb=1, rd=x5, ex=ALU (#57)
TRACE         64: pipeline-writeback: PC=0x80000124, wb=0, ex=CSR (#54)
TRACE         64: pipeline-memory: PC=0x80000128, wb=0, ex=CSR (#55)
TRACE         64: pipeline-execute: PC=0x8000012c, wb=1, rd=x3, ex=ALU (#56)
TRACE         64: pipeline-decode: PC=0x80000130, wb=1, rd=x5, ex=ALU (#57)
DEBUG Fetch: PC=0x80000134 (#58)
DEBUG Instr 0xed428293: ADDI x5, x5, 0xfffffed4
DEBUG Src0 Reg: x5={0x80000130}
DEBUG Dest Reg: x5={0x80000004}
TRACE         64: pipeline-fetch: PC=0x80000134, wb=1, rd=x5, ex=ALU (#58)
TRACE         65: pipeline-writeback: PC=0x80000128, wb=0, ex=CSR (#55)
TRACE         65: pipeline-memory: PC=0x8000012c, wb=1, rd=x3, ex=ALU (#56)
TRACE         65: pipeline-execute: PC=0x80000130, wb=1, rd=x5, ex=ALU (#57)
TRACE         65: pipeline-decode: PC=0x80000134, wb=1, rd=x5, ex=ALU (#58)
DEBUG Fetch: PC=0x80000138 (#59)
DEBUG Instr 0x30529073: CSRRW x0, x5, 0x305
DEBUG Src0 Reg: x5={0x80000004}
TRACE         65: pipeline-fetch: PC=0x80000138, wb=0, ex=CSR (#59)
TRACE         66: pipeline-writeback: PC=0x8000012c, wb=1, rd=x3, ex=ALU (#56)
TRACE         66: pipeline-memory: PC=0x80000130, wb=1, rd=x5, ex=ALU (#57)
TRACE         66: pipeline-execute: PC=0x80000134, wb=1, rd=x5, ex=ALU (#58)
TRACE         66: pipeline-decode: PC=0x80000138, wb=0, ex=CSR (#59)
DEBUG Fetch: PC=0x8000013c (#60)
DEBUG Instr 0x100513: ADDI x10, x0, 0x1
DEBUG Src0 Reg: x0={0x0}
DEBUG Dest Reg: x10={0x1}
TRACE         66: pipeline-fetch: PC=0x8000013c, wb=1, rd=x10, ex=ALU (#60)
TRACE         67: pipeline-writeback: PC=0x80000130, wb=1, rd=x5, ex=ALU (#57)
TRACE         67: pipeline-memory: PC=0x80000134, wb=1, rd=x5, ex=ALU (#58)
TRACE         67: pipeline-execute: PC=0x80000138, wb=0, ex=CSR (#59)
TRACE         67: pipeline-decode: PC=0x8000013c, wb=1, rd=x10, ex=ALU (#60)
DEBUG Fetch: PC=0x80000140 (#61)
DEBUG Instr 0x1f51513: SLLI x10, x10, 0x1f
DEBUG Src0 Reg: x10={0x1}
DEBUG Dest Reg: x10={0x80000000}
TRACE         67: pipeline-fetch: PC=0x80000140, wb=1, rd=x10, ex=ALU (#61)
TRACE         68: pipeline-writeback: PC=0x80000134, wb=1, rd=x5, ex=ALU (#58)
TRACE         68: pipeline-memory: PC=0x80000138, wb=0, ex=CSR (#59)
TRACE         68: pipeline-execute: PC=0x8000013c, wb=1, rd=x10, ex=ALU (#60)
TRACE         68: pipeline-decode: PC=0x80000140, wb=1, rd=x10, ex=ALU (#61)
DEBUG Fetch: PC=0x80000144 (#62)
DEBUG Instr 0x54c63: BLT x10, x0, 0x18
DEBUG Src0 Reg: x10={0x80000000}
DEBUG Src1 Reg: x0={0x0}
DEBUG *** Next PC=0x8000015c
TRACE         68: pipeline-fetch: PC=0x80000144, wb=0, ex=ALU (#62)
TRACE         69: pipeline-writeback: PC=0x80000138, wb=0, ex=CSR (#59)
TRACE         69: pipeline-memory: PC=0x8000013c, wb=1, rd=x10, ex=ALU (#60)
TRACE         69: pipeline-execute: PC=0x80000140, wb=1, rd=x10, ex=ALU (#61)
TRACE         69: pipeline-decode: PC=0x80000144, wb=0, ex=ALU (#62)
TRACE         69: *** pipeline-fetch stalled!
TRACE         70: pipeline-writeback: PC=0x8000013c, wb=1, rd=x10, ex=ALU (#60)
TRACE         70: pipeline-memory: PC=0x80000140, wb=1, rd=x10, ex=ALU (#61)
TRACE         70: pipeline-execute: PC=0x80000144, wb=0, ex=ALU (#62)
TRACE         70: *** pipeline-fetch stalled!
TRACE         71: pipeline-writeback: PC=0x80000140, wb=1, rd=x10, ex=ALU (#61)
TRACE         71: pipeline-memory: PC=0x80000144, wb=0, ex=ALU (#62)
TRACE         71: *** pipeline-fetch stalled!
TRACE         72: pipeline-writeback: PC=0x80000144, wb=0, ex=ALU (#62)
DEBUG Fetch: PC=0x8000015c (#63)
DEBUG Instr 0x293: ADDI x5, x0, 0x0
DEBUG Src0 Reg: x0={0x0}
DEBUG Dest Reg: x5={0x0}
TRACE         72: pipeline-fetch: PC=0x8000015c, wb=1, rd=x5, ex=ALU (#63)
TRACE         73: pipeline-decode: PC=0x8000015c, wb=1, rd=x5, ex=ALU (#63)
DEBUG Fetch: PC=0x80000160 (#64)
DEBUG Instr 0x28a63: BEQ x5, x0, 0x14
DEBUG Src0 Reg: x5={0x0}
DEBUG Src1 Reg: x0={0x0}
DEBUG *** Next PC=0x80000174
TRACE         73: pipeline-fetch: PC=0x80000160, wb=0, ex=ALU (#64)
TRACE         74: pipeline-execute: PC=0x8000015c, wb=1, rd=x5, ex=ALU (#63)
TRACE         74: pipeline-decode: PC=0x80000160, wb=0, ex=ALU (#64)
TRACE         74: *** pipeline-fetch stalled!
TRACE         75: pipeline-memory: PC=0x8000015c, wb=1, rd=x5, ex=ALU (#63)
TRACE         75: pipeline-execute: PC=0x80000160, wb=0, ex=ALU (#64)
TRACE         75: *** pipeline-fetch stalled!
TRACE         76: pipeline-writeback: PC=0x8000015c, wb=1, rd=x5, ex=ALU (#63)
TRACE         76: pipeline-memory: PC=0x80000160, wb=0, ex=ALU (#64)
TRACE         76: *** pipeline-fetch stalled!
TRACE         77: pipeline-writeback: PC=0x80000160, wb=0, ex=ALU (#64)
DEBUG Fetch: PC=0x80000174 (#65)
DEBUG Instr 0x30005073: CSRRWI x0, 0x300, 0x0
TRACE         77: pipeline-fetch: PC=0x80000174, wb=0, ex=CSR (#65)
TRACE         78: pipeline-decode: PC=0x80000174, wb=0, ex=CSR (#65)
DEBUG Fetch: PC=0x80000178 (#66)
DEBUG Instr 0x297: AUIPC x5, 0x0
DEBUG Dest Reg: x5={0x80000178}
TRACE         78: pipeline-fetch: PC=0x80000178, wb=1, rd=x5, ex=ALU (#66)
TRACE         79: pipeline-execute: PC=0x80000174, wb=0, ex=CSR (#65)
TRACE         79: pipeline-decode: PC=0x80000178, wb=1, rd=x5, ex=ALU (#66)
DEBUG Fetch: PC=0x8000017c (#67)
DEBUG Instr 0x1428293: ADDI x5, x5, 0x14
DEBUG Src0 Reg: x5={0x80000178}
DEBUG Dest Reg: x5={0x8000018c}
TRACE         79: pipeline-fetch: PC=0x8000017c, wb=1, rd=x5, ex=ALU (#67)
TRACE         80: pipeline-memory: PC=0x80000174, wb=0, ex=CSR (#65)
TRACE         80: pipeline-execute: PC=0x80000178, wb=1, rd=x5, ex=ALU (#66)
TRACE         80: pipeline-decode: PC=0x8000017c, wb=1, rd=x5, ex=ALU (#67)
DEBUG Fetch: PC=0x80000180 (#68)
DEBUG Instr 0x34129073: CSRRW x0, x5, 0x341
DEBUG Src0 Reg: x5={0x8000018c}
TRACE         80: pipeline-fetch: PC=0x80000180, wb=0, ex=CSR (#68)
TRACE         81: pipeline-writeback: PC=0x80000174, wb=0, ex=CSR (#65)
TRACE         81: pipeline-memory: PC=0x80000178, wb=1, rd=x5, ex=ALU (#66)
TRACE         81: pipeline-execute: PC=0x8000017c, wb=1, rd=x5, ex=ALU (#67)
TRACE         81: pipeline-decode: PC=0x80000180, wb=0, ex=CSR (#68)
DEBUG Fetch: PC=0x80000184 (#69)
DEBUG Instr 0xf1402573: CSRRS x10, x0, 0xf14
DEBUG Src0 Reg: x0={0x0}
DEBUG Dest Reg: x10={0x0}
TRACE         81: pipeline-fetch: PC=0x80000184, wb=1, rd=x10, ex=CSR (#69)
TRACE         82: pipeline-writeback: PC=0x80000178, wb=1, rd=x5, ex=ALU (#66)
TRACE         82: pipeline-memory: PC=0x8000017c, wb=1, rd=x5, ex=ALU (#67)
TRACE         82: pipeline-execute: PC=0x80000180, wb=0, ex=CSR (#68)
TRACE         82: pipeline-decode: PC=0x80000184, wb=1, rd=x10, ex=CSR (#69)
DEBUG Fetch: PC=0x80000188 (#70)
DEBUG Instr 0x30200073: MRET 0x302
TRACE         82: pipeline-fetch: PC=0x80000188, wb=0, ex=ALU (#70)
TRACE         83: pipeline-writeback: PC=0x8000017c, wb=1, rd=x5, ex=ALU (#67)
TRACE         83: pipeline-memory: PC=0x80000180, wb=0, ex=CSR (#68)
TRACE         83: pipeline-execute: PC=0x80000184, wb=1, rd=x10, ex=CSR (#69)
TRACE         83: pipeline-decode: PC=0x80000188, wb=0, ex=ALU (#70)
DEBUG Fetch: PC=0x8000018c (#71)
DEBUG Instr 0xff0000f: FENCE 0xff
TRACE         83: pipeline-fetch: PC=0x8000018c, wb=0, ex=LSU (#71)
TRACE         84: pipeline-writeback: PC=0x80000180, wb=0, ex=CSR (#68)
TRACE         84: pipeline-memory: PC=0x80000184, wb=1, rd=x10, ex=CSR (#69)
TRACE         84: pipeline-execute: PC=0x80000188, wb=0, ex=ALU (#70)
TRACE         84: pipeline-decode: PC=0x8000018c, wb=0, ex=LSU (#71)
DEBUG Fetch: PC=0x80000190 (#72)
DEBUG Instr 0x100193: ADDI x3, x0, 0x1
DEBUG Src0 Reg: x0={0x0}
DEBUG Dest Reg: x3={0x1}
TRACE         84: pipeline-fetch: PC=0x80000190, wb=1, rd=x3, ex=ALU (#72)
TRACE         85: pipeline-writeback: PC=0x80000184, wb=1, rd=x10, ex=CSR (#69)
TRACE         85: pipeline-memory: PC=0x80000188, wb=0, ex=ALU (#70)
TRACE         85: pipeline-execute: PC=0x8000018c, wb=0, ex=LSU (#71)
TRACE         85: pipeline-decode: PC=0x80000190, wb=1, rd=x3, ex=ALU (#72)
DEBUG Fetch: PC=0x80000194 (#73)
DEBUG Instr 0x5d00893: ADDI x17, x0, 0x5d
DEBUG Src0 Reg: x0={0x0}
DEBUG Dest Reg: x17={0x5d}
TRACE         85: pipeline-fetch: PC=0x80000194, wb=1, rd=x17, ex=ALU (#73)
TRACE         86: pipeline-writeback: PC=0x80000188, wb=0, ex=ALU (#70)
TRACE         86: pipeline-memory: PC=0x8000018c, wb=0, ex=LSU (#71)
TRACE         86: pipeline-execute: PC=0x80000190, wb=1, rd=x3, ex=ALU (#72)
TRACE         86: pipeline-decode: PC=0x80000194, wb=1, rd=x17, ex=ALU (#73)
DEBUG Fetch: PC=0x80000198 (#74)
DEBUG Instr 0x513: ADDI x10, x0, 0x0
DEBUG Src0 Reg: x0={0x0}
DEBUG Dest Reg: x10={0x0}
TRACE         86: pipeline-fetch: PC=0x80000198, wb=1, rd=x10, ex=ALU (#74)
TRACE         87: pipeline-writeback: PC=0x8000018c, wb=0, ex=LSU (#71)
TRACE         87: pipeline-memory: PC=0x80000190, wb=1, rd=x3, ex=ALU (#72)
TRACE         87: pipeline-execute: PC=0x80000194, wb=1, rd=x17, ex=ALU (#73)
TRACE         87: pipeline-decode: PC=0x80000198, wb=1, rd=x10, ex=ALU (#74)
DEBUG Fetch: PC=0x8000019c (#75)
DEBUG Instr 0x73: ECALL 0x0
TRACE         87: pipeline-fetch: PC=0x8000019c, wb=0, ex=ALU (#75)
PASSED!
