Running rv32ui-p-jalr.hex..
DEBUG Fetch: PC=0x80000000 (#0)
DEBUG Instr 0x500006f: JAL x0, 0x50
DEBUG *** Next PC=0x80000050
TRACE          0: pipeline-fetch: PC=0x80000000, wb=0, ex=ALU (#0)
TRACE          1: pipeline-decode: PC=0x80000000, wb=0, ex=ALU (#0)
TRACE          1: *** pipeline-fetch stalled!
TRACE          2: pipeline-execute: PC=0x80000000, wb=0, ex=ALU (#0)
TRACE          2: *** pipeline-fetch stalled!
TRACE          3: pipeline-memory: PC=0x80000000, wb=0, ex=ALU (#0)
TRACE          3: *** pipeline-fetch stalled!
TRACE          4: pipeline-writeback: PC=0x80000000, wb=0, ex=ALU (#0)
DEBUG Fetch: PC=0x80000050 (#1)
DEBUG Instr 0x93: ADDI x1, x0, 0x0
DEBUG Src0 Reg: x0={0x0}
DEBUG Dest Reg: x1={0x0}
TRACE          4: pipeline-fetch: PC=0x80000050, wb=1, rd=x1, ex=ALU (#1)
TRACE          5: pipeline-decode: PC=0x80000050, wb=1, rd=x1, ex=ALU (#1)
DEBUG Fetch: PC=0x80000054 (#2)
DEBUG Instr 0x113: ADDI x2, x0, 0x0
DEBUG Src0 Reg: x0={0x0}
DEBUG Dest Reg: x2={0x0}
TRACE          5: pipeline-fetch: PC=0x80000054, wb=1, rd=x2, ex=ALU (#2)
TRACE          6: pipeline-execute: PC=0x80000050, wb=1, rd=x1, ex=ALU (#1)
TRACE          6: pipeline-decode: PC=0x80000054, wb=1, rd=x2, ex=ALU (#2)
DEBUG Fetch: PC=0x80000058 (#3)
DEBUG Instr 0x193: ADDI x3, x0, 0x0
DEBUG Src0 Reg: x0={0x0}
DEBUG Dest Reg: x3={0x0}
TRACE          6: pipeline-fetch: PC=0x80000058, wb=1, rd=x3, ex=ALU (#3)
TRACE          7: pipeline-memory: PC=0x80000050, wb=1, rd=x1, ex=ALU (#1)
TRACE          7: pipeline-execute: PC=0x80000054, wb=1, rd=x2, ex=ALU (#2)
TRACE          7: pipeline-decode: PC=0x80000058, wb=1, rd=x3, ex=ALU (#3)
DEBUG Fetch: PC=0x8000005c (#4)
DEBUG Instr 0x213: ADDI x4, x0, 0x0
DEBUG Src0 Reg: x0={0x0}
DEBUG Dest Reg: x4={0x0}
TRACE          7: pipeline-fetch: PC=0x8000005c, wb=1, rd=x4, ex=ALU (#4)
TRACE          8: pipeline-writeback: PC=0x80000050, wb=1, rd=x1, ex=ALU (#1)
TRACE          8: pipeline-memory: PC=0x80000054, wb=1, rd=x2, ex=ALU (#2)
TRACE          8: pipeline-execute: PC=0x80000058, wb=1, rd=x3, ex=ALU (#3)
TRACE          8: pipeline-decode: PC=0x8000005c, wb=1, rd=x4, ex=ALU (#4)
DEBUG Fetch: PC=0x80000060 (#5)
DEBUG Instr 0x293: ADDI x5, x0, 0x0
DEBUG Src0 Reg: x0={0x0}
DEBUG Dest Reg: x5={0x0}
TRACE          8: pipeline-fetch: PC=0x80000060, wb=1, rd=x5, ex=ALU (#5)
TRACE          9: pipeline-writeback: PC=0x80000054, wb=1, rd=x2, ex=ALU (#2)
TRACE          9: pipeline-memory: PC=0x80000058, wb=1, rd=x3, ex=ALU (#3)
TRACE          9: pipeline-execute: PC=0x8000005c, wb=1, rd=x4, ex=ALU (#4)
TRACE          9: pipeline-decode: PC=0x80000060, wb=1, rd=x5, ex=ALU (#5)
DEBUG Fetch: PC=0x80000064 (#6)
DEBUG Instr 0x313: ADDI x6, x0, 0x0
DEBUG Src0 Reg: x0={0x0}
DEBUG Dest Reg: x6={0x0}
TRACE          9: pipeline-fetch: PC=0x80000064, wb=1, rd=x6, ex=ALU (#6)
TRACE         10: pipeline-writeback: PC=0x80000058, wb=1, rd=x3, ex=ALU (#3)
TRACE         10: pipeline-memory: PC=0x8000005c, wb=1, rd=x4, ex=ALU (#4)
TRACE         10: pipeline-execute: PC=0x80000060, wb=1, rd=x5, ex=ALU (#5)
TRACE         10: pipeline-decode: PC=0x80000064, wb=1, rd=x6, ex=ALU (#6)
DEBUG Fetch: PC=0x80000068 (#7)
DEBUG Instr 0x393: ADDI x7, x0, 0x0
DEBUG Src0 Reg: x0={0x0}
DEBUG Dest Reg: x7={0x0}
TRACE         10: pipeline-fetch: PC=0x80000068, wb=1, rd=x7, ex=ALU (#7)
TRACE         11: pipeline-writeback: PC=0x8000005c, wb=1, rd=x4, ex=ALU (#4)
TRACE         11: pipeline-memory: PC=0x80000060, wb=1, rd=x5, ex=ALU (#5)
TRACE         11: pipeline-execute: PC=0x80000064, wb=1, rd=x6, ex=ALU (#6)
TRACE         11: pipeline-decode: PC=0x80000068, wb=1, rd=x7, ex=ALU (#7)
DEBUG Fetch: PC=0x8000006c (#8)
DEBUG Instr 0x413: ADDI x8, x0, 0x0
DEBUG Src0 Reg: x0={0x0}
DEBUG Dest Reg: x8={0x0}
TRACE         11: pipeline-fetch: PC=0x8000006c, wb=1, rd=x8, ex=ALU (#8)
TRACE         12: pipeline-writeback: PC=0x80000060, wb=1, rd=x5, ex=ALU (#5)
TRACE         12: pipeline-memory: PC=0x80000064, wb=1, rd=x6, ex=ALU (#6)
TRACE         12: pipeline-execute: PC=0x80000068, wb=1, rd=x7, ex=ALU (#7)
TRACE         12: pipeline-decode: PC=0x8000006c, wb=1, rd=x8, ex=ALU (#8)
DEBUG Fetch: PC=0x80000070 (#9)
DEBUG Instr 0x493: ADDI x9, x0, 0x0
DEBUG Src0 Reg: x0={0x0}
DEBUG Dest Reg: x9={0x0}
TRACE         12: pipeline-fetch: PC=0x80000070, wb=1, rd=x9, ex=ALU (#9)
TRACE         13: pipeline-writeback: PC=0x80000064, wb=1, rd=x6, ex=ALU (#6)
TRACE         13: pipeline-memory: PC=0x80000068, wb=1, rd=x7, ex=ALU (#7)
TRACE         13: pipeline-execute: PC=0x8000006c, wb=1, rd=x8, ex=ALU (#8)
TRACE         13: pipeline-decode: PC=0x80000070, wb=1, rd=x9, ex=ALU (#9)
DEBUG Fetch: PC=0x80000074 (#10)
DEBUG Instr 0x513: ADDI x10, x0, 0x0
DEBUG Src0 Reg: x0={0x0}
DEBUG Dest Reg: x10={0x0}
TRACE         13: pipeline-fetch: PC=0x80000074, wb=1, rd=x10, ex=ALU (#10)
TRACE         14: pipeline-writeback: PC=0x80000068, wb=1, rd=x7, ex=ALU (#7)
TRACE         14: pipeline-memory: PC=0x8000006c, wb=1, rd=x8, ex=ALU (#8)
TRACE         14: pipeline-execute: PC=0x80000070, wb=1, rd=x9, ex=ALU (#9)
TRACE         14: pipeline-decode: PC=0x80000074, wb=1, rd=x10, ex=ALU (#10)
DEBUG Fetch: PC=0x80000078 (#11)
DEBUG Instr 0x593: ADDI x11, x0, 0x0
DEBUG Src0 Reg: x0={0x0}
DEBUG Dest Reg: x11={0x0}
TRACE         14: pipeline-fetch: PC=0x80000078, wb=1, rd=x11, ex=ALU (#11)
TRACE         15: pipeline-writeback: PC=0x8000006c, wb=1, rd=x8, ex=ALU (#8)
TRACE         15: pipeline-memory: PC=0x80000070, wb=1, rd=x9, ex=ALU (#9)
TRACE         15: pipeline-execute: PC=0x80000074, wb=1, rd=x10, ex=ALU (#10)
TRACE         15: pipeline-decode: PC=0x80000078, wb=1, rd=x11, ex=ALU (#11)
DEBUG Fetch: PC=0x8000007c (#12)
DEBUG Instr 0x613: ADDI x12, x0, 0x0
DEBUG Src0 Reg: x0={0x0}
DEBUG Dest Reg: x12={0x0}
TRACE         15: pipeline-fetch: PC=0x8000007c, wb=1, rd=x12, ex=ALU (#12)
TRACE         16: pipeline-writeback: PC=0x80000070, wb=1, rd=x9, ex=ALU (#9)
TRACE         16: pipeline-memory: PC=0x80000074, wb=1, rd=x10, ex=ALU (#10)
TRACE         16: pipeline-execute: PC=0x80000078, wb=1, rd=x11, ex=ALU (#11)
TRACE         16: pipeline-decode: PC=0x8000007c, wb=1, rd=x12, ex=ALU (#12)
DEBUG Fetch: PC=0x80000080 (#13)
DEBUG Instr 0x693: ADDI x13, x0, 0x0
DEBUG Src0 Reg: x0={0x0}
DEBUG Dest Reg: x13={0x0}
TRACE         16: pipeline-fetch: PC=0x80000080, wb=1, rd=x13, ex=ALU (#13)
TRACE         17: pipeline-writeback: PC=0x80000074, wb=1, rd=x10, ex=ALU (#10)
TRACE         17: pipeline-memory: PC=0x80000078, wb=1, rd=x11, ex=ALU (#11)
TRACE         17: pipeline-execute: PC=0x8000007c, wb=1, rd=x12, ex=ALU (#12)
TRACE         17: pipeline-decode: PC=0x80000080, wb=1, rd=x13, ex=ALU (#13)
DEBUG Fetch: PC=0x80000084 (#14)
DEBUG Instr 0x713: ADDI x14, x0, 0x0
DEBUG Src0 Reg: x0={0x0}
DEBUG Dest Reg: x14={0x0}
TRACE         17: pipeline-fetch: PC=0x80000084, wb=1, rd=x14, ex=ALU (#14)
TRACE         18: pipeline-writeback: PC=0x80000078, wb=1, rd=x11, ex=ALU (#11)
TRACE         18: pipeline-memory: PC=0x8000007c, wb=1, rd=x12, ex=ALU (#12)
TRACE         18: pipeline-execute: PC=0x80000080, wb=1, rd=x13, ex=ALU (#13)
TRACE         18: pipeline-decode: PC=0x80000084, wb=1, rd=x14, ex=ALU (#14)
DEBUG Fetch: PC=0x80000088 (#15)
DEBUG Instr 0x793: ADDI x15, x0, 0x0
DEBUG Src0 Reg: x0={0x0}
DEBUG Dest Reg: x15={0x0}
TRACE         18: pipeline-fetch: PC=0x80000088, wb=1, rd=x15, ex=ALU (#15)
TRACE         19: pipeline-writeback: PC=0x8000007c, wb=1, rd=x12, ex=ALU (#12)
TRACE         19: pipeline-memory: PC=0x80000080, wb=1, rd=x13, ex=ALU (#13)
TRACE         19: pipeline-execute: PC=0x80000084, wb=1, rd=x14, ex=ALU (#14)
TRACE         19: pipeline-decode: PC=0x80000088, wb=1, rd=x15, ex=ALU (#15)
DEBUG Fetch: PC=0x8000008c (#16)
DEBUG Instr 0x813: ADDI x16, x0, 0x0
DEBUG Src0 Reg: x0={0x0}
DEBUG Dest Reg: x16={0x0}
TRACE         19: pipeline-fetch: PC=0x8000008c, wb=1, rd=x16, ex=ALU (#16)
TRACE         20: pipeline-writeback: PC=0x80000080, wb=1, rd=x13, ex=ALU (#13)
TRACE         20: pipeline-memory: PC=0x80000084, wb=1, rd=x14, ex=ALU (#14)
TRACE         20: pipeline-execute: PC=0x80000088, wb=1, rd=x15, ex=ALU (#15)
TRACE         20: pipeline-decode: PC=0x8000008c, wb=1, rd=x16, ex=ALU (#16)
DEBUG Fetch: PC=0x80000090 (#17)
DEBUG Instr 0x893: ADDI x17, x0, 0x0
DEBUG Src0 Reg: x0={0x0}
DEBUG Dest Reg: x17={0x0}
TRACE         20: pipeline-fetch: PC=0x80000090, wb=1, rd=x17, ex=ALU (#17)
TRACE         21: pipeline-writeback: PC=0x80000084, wb=1, rd=x14, ex=ALU (#14)
TRACE         21: pipeline-memory: PC=0x80000088, wb=1, rd=x15, ex=ALU (#15)
TRACE         21: pipeline-execute: PC=0x8000008c, wb=1, rd=x16, ex=ALU (#16)
TRACE         21: pipeline-decode: PC=0x80000090, wb=1, rd=x17, ex=ALU (#17)
DEBUG Fetch: PC=0x80000094 (#18)
DEBUG Instr 0x913: ADDI x18, x0, 0x0
DEBUG Src0 Reg: x0={0x0}
DEBUG Dest Reg: x18={0x0}
TRACE         21: pipeline-fetch: PC=0x80000094, wb=1, rd=x18, ex=ALU (#18)
TRACE         22: pipeline-writeback: PC=0x80000088, wb=1, rd=x15, ex=ALU (#15)
TRACE         22: pipeline-memory: PC=0x8000008c, wb=1, rd=x16, ex=ALU (#16)
TRACE         22: pipeline-execute: PC=0x80000090, wb=1, rd=x17, ex=ALU (#17)
TRACE         22: pipeline-decode: PC=0x80000094, wb=1, rd=x18, ex=ALU (#18)
DEBUG Fetch: PC=0x80000098 (#19)
DEBUG Instr 0x993: ADDI x19, x0, 0x0
DEBUG Src0 Reg: x0={0x0}
DEBUG Dest Reg: x19={0x0}
TRACE         22: pipeline-fetch: PC=0x80000098, wb=1, rd=x19, ex=ALU (#19)
TRACE         23: pipeline-writeback: PC=0x8000008c, wb=1, rd=x16, ex=ALU (#16)
TRACE         23: pipeline-memory: PC=0x80000090, wb=1, rd=x17, ex=ALU (#17)
TRACE         23: pipeline-execute: PC=0x80000094, wb=1, rd=x18, ex=ALU (#18)
TRACE         23: pipeline-decode: PC=0x80000098, wb=1, rd=x19, ex=ALU (#19)
DEBUG Fetch: PC=0x8000009c (#20)
DEBUG Instr 0xa13: ADDI x20, x0, 0x0
DEBUG Src0 Reg: x0={0x0}
DEBUG Dest Reg: x20={0x0}
TRACE         23: pipeline-fetch: PC=0x8000009c, wb=1, rd=x20, ex=ALU (#20)
TRACE         24: pipeline-writeback: PC=0x80000090, wb=1, rd=x17, ex=ALU (#17)
TRACE         24: pipeline-memory: PC=0x80000094, wb=1, rd=x18, ex=ALU (#18)
TRACE         24: pipeline-execute: PC=0x80000098, wb=1, rd=x19, ex=ALU (#19)
TRACE         24: pipeline-decode: PC=0x8000009c, wb=1, rd=x20, ex=ALU (#20)
DEBUG Fetch: PC=0x800000a0 (#21)
DEBUG Instr 0xa93: ADDI x21, x0, 0x0
DEBUG Src0 Reg: x0={0x0}
DEBUG Dest Reg: x21={0x0}
TRACE         24: pipeline-fetch: PC=0x800000a0, wb=1, rd=x21, ex=ALU (#21)
TRACE         25: pipeline-writeback: PC=0x80000094, wb=1, rd=x18, ex=ALU (#18)
TRACE         25: pipeline-memory: PC=0x80000098, wb=1, rd=x19, ex=ALU (#19)
TRACE         25: pipeline-execute: PC=0x8000009c, wb=1, rd=x20, ex=ALU (#20)
TRACE         25: pipeline-decode: PC=0x800000a0, wb=1, rd=x21, ex=ALU (#21)
DEBUG Fetch: PC=0x800000a4 (#22)
DEBUG Instr 0xb13: ADDI x22, x0, 0x0
DEBUG Src0 Reg: x0={0x0}
DEBUG Dest Reg: x22={0x0}
TRACE         25: pipeline-fetch: PC=0x800000a4, wb=1, rd=x22, ex=ALU (#22)
TRACE         26: pipeline-writeback: PC=0x80000098, wb=1, rd=x19, ex=ALU (#19)
TRACE         26: pipeline-memory: PC=0x8000009c, wb=1, rd=x20, ex=ALU (#20)
TRACE         26: pipeline-execute: PC=0x800000a0, wb=1, rd=x21, ex=ALU (#21)
TRACE         26: pipeline-decode: PC=0x800000a4, wb=1, rd=x22, ex=ALU (#22)
DEBUG Fetch: PC=0x800000a8 (#23)
DEBUG Instr 0xb93: ADDI x23, x0, 0x0
DEBUG Src0 Reg: x0={0x0}
DEBUG Dest Reg: x23={0x0}
TRACE         26: pipeline-fetch: PC=0x800000a8, wb=1, rd=x23, ex=ALU (#23)
TRACE         27: pipeline-writeback: PC=0x8000009c, wb=1, rd=x20, ex=ALU (#20)
TRACE         27: pipeline-memory: PC=0x800000a0, wb=1, rd=x21, ex=ALU (#21)
TRACE         27: pipeline-execute: PC=0x800000a4, wb=1, rd=x22, ex=ALU (#22)
TRACE         27: pipeline-decode: PC=0x800000a8, wb=1, rd=x23, ex=ALU (#23)
DEBUG Fetch: PC=0x800000ac (#24)
DEBUG Instr 0xc13: ADDI x24, x0, 0x0
DEBUG Src0 Reg: x0={0x0}
DEBUG Dest Reg: x24={0x0}
TRACE         27: pipeline-fetch: PC=0x800000ac, wb=1, rd=x24, ex=ALU (#24)
TRACE         28: pipeline-writeback: PC=0x800000a0, wb=1, rd=x21, ex=ALU (#21)
TRACE         28: pipeline-memory: PC=0x800000a4, wb=1, rd=x22, ex=ALU (#22)
TRACE         28: pipeline-execute: PC=0x800000a8, wb=1, rd=x23, ex=ALU (#23)
TRACE         28: pipeline-decode: PC=0x800000ac, wb=1, rd=x24, ex=ALU (#24)
DEBUG Fetch: PC=0x800000b0 (#25)
DEBUG Instr 0xc93: ADDI x25, x0, 0x0
DEBUG Src0 Reg: x0={0x0}
DEBUG Dest Reg: x25={0x0}
TRACE         28: pipeline-fetch: PC=0x800000b0, wb=1, rd=x25, ex=ALU (#25)
TRACE         29: pipeline-writeback: PC=0x800000a4, wb=1, rd=x22, ex=ALU (#22)
TRACE         29: pipeline-memory: PC=0x800000a8, wb=1, rd=x23, ex=ALU (#23)
TRACE         29: pipeline-execute: PC=0x800000ac, wb=1, rd=x24, ex=ALU (#24)
TRACE         29: pipeline-decode: PC=0x800000b0, wb=1, rd=x25, ex=ALU (#25)
DEBUG Fetch: PC=0x800000b4 (#26)
DEBUG Instr 0xd13: ADDI x26, x0, 0x0
DEBUG Src0 Reg: x0={0x0}
DEBUG Dest Reg: x26={0x0}
TRACE         29: pipeline-fetch: PC=0x800000b4, wb=1, rd=x26, ex=ALU (#26)
TRACE         30: pipeline-writeback: PC=0x800000a8, wb=1, rd=x23, ex=ALU (#23)
TRACE         30: pipeline-memory: PC=0x800000ac, wb=1, rd=x24, ex=ALU (#24)
TRACE         30: pipeline-execute: PC=0x800000b0, wb=1, rd=x25, ex=ALU (#25)
TRACE         30: pipeline-decode: PC=0x800000b4, wb=1, rd=x26, ex=ALU (#26)
DEBUG Fetch: PC=0x800000b8 (#27)
DEBUG Instr 0xd93: ADDI x27, x0, 0x0
DEBUG Src0 Reg: x0={0x0}
DEBUG Dest Reg: x27={0x0}
TRACE         30: pipeline-fetch: PC=0x800000b8, wb=1, rd=x27, ex=ALU (#27)
TRACE         31: pipeline-writeback: PC=0x800000ac, wb=1, rd=x24, ex=ALU (#24)
TRACE         31: pipeline-memory: PC=0x800000b0, wb=1, rd=x25, ex=ALU (#25)
TRACE         31: pipeline-execute: PC=0x800000b4, wb=1, rd=x26, ex=ALU (#26)
TRACE         31: pipeline-decode: PC=0x800000b8, wb=1, rd=x27, ex=ALU (#27)
DEBUG Fetch: PC=0x800000bc (#28)
DEBUG Instr 0xe13: ADDI x28, x0, 0x0
DEBUG Src0 Reg: x0={0x0}
DEBUG Dest Reg: x28={0x0}
TRACE         31: pipeline-fetch: PC=0x800000bc, wb=1, rd=x28, ex=ALU (#28)
TRACE         32: pipeline-writeback: PC=0x800000b0, wb=1, rd=x25, ex=ALU (#25)
TRACE         32: pipeline-memory: PC=0x800000b4, wb=1, rd=x26, ex=ALU (#26)
TRACE         32: pipeline-execute: PC=0x800000b8, wb=1, rd=x27, ex=ALU (#27)
TRACE         32: pipeline-decode: PC=0x800000bc, wb=1, rd=x28, ex=ALU (#28)
DEBUG Fetch: PC=0x800000c0 (#29)
DEBUG Instr 0xe93: ADDI x29, x0, 0x0
DEBUG Src0 Reg: x0={0x0}
DEBUG Dest Reg: x29={0x0}
TRACE         32: pipeline-fetch: PC=0x800000c0, wb=1, rd=x29, ex=ALU (#29)
TRACE         33: pipeline-writeback: PC=0x800000b4, wb=1, rd=x26, ex=ALU (#26)
TRACE         33: pipeline-memory: PC=0x800000b8, wb=1, rd=x27, ex=ALU (#27)
TRACE         33: pipeline-execute: PC=0x800000bc, wb=1, rd=x28, ex=ALU (#28)
TRACE         33: pipeline-decode: PC=0x800000c0, wb=1, rd=x29, ex=ALU (#29)
DEBUG Fetch: PC=0x800000c4 (#30)
DEBUG Instr 0xf13: ADDI x30, x0, 0x0
DEBUG Src0 Reg: x0={0x0}
DEBUG Dest Reg: x30={0x0}
TRACE         33: pipeline-fetch: PC=0x800000c4, wb=1, rd=x30, ex=ALU (#30)
TRACE         34: pipeline-writeback: PC=0x800000b8, wb=1, rd=x27, ex=ALU (#27)
TRACE         34: pipeline-memory: PC=0x800000bc, wb=1, rd=x28, ex=ALU (#28)
TRACE         34: pipeline-execute: PC=0x800000c0, wb=1, rd=x29, ex=ALU (#29)
TRACE         34: pipeline-decode: PC=0x800000c4, wb=1, rd=x30, ex=ALU (#30)
DEBUG Fetch: PC=0x800000c8 (#31)
DEBUG Instr 0xf93: ADDI x31, x0, 0x0
DEBUG Src0 Reg: x0={0x0}
DEBUG Dest Reg: x31={0x0}
TRACE         34: pipeline-fetch: PC=0x800000c8, wb=1, rd=x31, ex=ALU (#31)
TRACE         35: pipeline-writeback: PC=0x800000bc, wb=1, rd=x28, ex=ALU (#28)
TRACE         35: pipeline-memory: PC=0x800000c0, wb=1, rd=x29, ex=ALU (#29)
TRACE         35: pipeline-execute: PC=0x800000c4, wb=1, rd=x30, ex=ALU (#30)
TRACE         35: pipeline-decode: PC=0x800000c8, wb=1, rd=x31, ex=ALU (#31)
DEBUG Fetch: PC=0x800000cc (#32)
DEBUG Instr 0xf1402573: CSRRS x10, x0, 0xf14
DEBUG Src0 Reg: x0={0x0}
DEBUG Dest Reg: x10={0x0}
TRACE         35: pipeline-fetch: PC=0x800000cc, wb=1, rd=x10, ex=CSR (#32)
TRACE         36: pipeline-writeback: PC=0x800000c0, wb=1, rd=x29, ex=ALU (#29)
TRACE         36: pipeline-memory: PC=0x800000c4, wb=1, rd=x30, ex=ALU (#30)
TRACE         36: pipeline-execute: PC=0x800000c8, wb=1, rd=x31, ex=ALU (#31)
TRACE         36: pipeline-decode: PC=0x800000cc, wb=1, rd=x10, ex=CSR (#32)
DEBUG Fetch: PC=0x800000d0 (#33)
DEBUG Instr 0x51063: BNE x10, x0, 0x0
DEBUG Src0 Reg: x10={0x0}
DEBUG Src1 Reg: x0={0x0}
TRACE         36: pipeline-fetch: PC=0x800000d0, wb=0, ex=ALU (#33)
TRACE         37: pipeline-writeback: PC=0x800000c4, wb=1, rd=x30, ex=ALU (#30)
TRACE         37: pipeline-memory: PC=0x800000c8, wb=1, rd=x31, ex=ALU (#31)
TRACE         37: pipeline-execute: PC=0x800000cc, wb=1, rd=x10, ex=CSR (#32)
TRACE         37: pipeline-decode: PC=0x800000d0, wb=0, ex=ALU (#33)
TRACE         37: *** pipeline-fetch stalled!
TRACE         38: pipeline-writeback: PC=0x800000c8, wb=1, rd=x31, ex=ALU (#31)
TRACE         38: pipeline-memory: PC=0x800000cc, wb=1, rd=x10, ex=CSR (#32)
TRACE         38: pipeline-execute: PC=0x800000d0, wb=0, ex=ALU (#33)
TRACE         38: *** pipeline-fetch stalled!
TRACE         39: pipeline-writeback: PC=0x800000cc, wb=1, rd=x10, ex=CSR (#32)
TRACE         39: pipeline-memory: PC=0x800000d0, wb=0, ex=ALU (#33)
TRACE         39: *** pipeline-fetch stalled!
TRACE         40: pipeline-writeback: PC=0x800000d0, wb=0, ex=ALU (#33)
DEBUG Fetch: PC=0x800000d4 (#34)
DEBUG Instr 0x297: AUIPC x5, 0x0
DEBUG Dest Reg: x5={0x800000d4}
TRACE         40: pipeline-fetch: PC=0x800000d4, wb=1, rd=x5, ex=ALU (#34)
TRACE         41: pipeline-decode: PC=0x800000d4, wb=1, rd=x5, ex=ALU (#34)
DEBUG Fetch: PC=0x800000d8 (#35)
DEBUG Instr 0x1028293: ADDI x5, x5, 0x10
DEBUG Src0 Reg: x5={0x800000d4}
DEBUG Dest Reg: x5={0x800000e4}
TRACE         41: pipeline-fetch: PC=0x800000d8, wb=1, rd=x5, ex=ALU (#35)
TRACE         42: pipeline-execute: PC=0x800000d4, wb=1, rd=x5, ex=ALU (#34)
TRACE         42: pipeline-decode: PC=0x800000d8, wb=1, rd=x5, ex=ALU (#35)
DEBUG Fetch: PC=0x800000dc (#36)
DEBUG Instr 0x30529073: CSRRW x0, x5, 0x305
DEBUG Src0 Reg: x5={0x800000e4}
TRACE         42: pipeline-fetch: PC=0x800000dc, wb=0, ex=CSR (#36)
TRACE         43: pipeline-memory: PC=0x800000d4, wb=1, rd=x5, ex=ALU (#34)
TRACE         43: pipeline-execute: PC=0x800000d8, wb=1, rd=x5, ex=ALU (#35)
TRACE         43: pipeline-decode: PC=0x800000dc, wb=0, ex=CSR (#36)
DEBUG Fetch: PC=0x800000e0 (#37)
DEBUG Instr 0x74445073: CSRRWI x0, 0x744, 0x8
TRACE         43: pipeline-fetch: PC=0x800000e0, wb=0, ex=CSR (#37)
TRACE         44: pipeline-writeback: PC=0x800000d4, wb=1, rd=x5, ex=ALU (#34)
TRACE         44: pipeline-memory: PC=0x800000d8, wb=1, rd=x5, ex=ALU (#35)
TRACE         44: pipeline-execute: PC=0x800000dc, wb=0, ex=CSR (#36)
TRACE         44: pipeline-decode: PC=0x800000e0, wb=0, ex=CSR (#37)
DEBUG Fetch: PC=0x800000e4 (#38)
DEBUG Instr 0x297: AUIPC x5, 0x0
DEBUG Dest Reg: x5={0x800000e4}
TRACE         44: pipeline-fetch: PC=0x800000e4, wb=1, rd=x5, ex=ALU (#38)
TRACE         45: pipeline-writeback: PC=0x800000d8, wb=1, rd=x5, ex=ALU (#35)
TRACE         45: pipeline-memory: PC=0x800000dc, wb=0, ex=CSR (#36)
TRACE         45: pipeline-execute: PC=0x800000e0, wb=0, ex=CSR (#37)
TRACE         45: pipeline-decode: PC=0x800000e4, wb=1, rd=x5, ex=ALU (#38)
DEBUG Fetch: PC=0x800000e8 (#39)
DEBUG Instr 0x1028293: ADDI x5, x5, 0x10
DEBUG Src0 Reg: x5={0x800000e4}
DEBUG Dest Reg: x5={0x800000f4}
TRACE         45: pipeline-fetch: PC=0x800000e8, wb=1, rd=x5, ex=ALU (#39)
TRACE         46: pipeline-writeback: PC=0x800000dc, wb=0, ex=CSR (#36)
TRACE         46: pipeline-memory: PC=0x800000e0, wb=0, ex=CSR (#37)
TRACE         46: pipeline-execute: PC=0x800000e4, wb=1, rd=x5, ex=ALU (#38)
TRACE         46: pipeline-decode: PC=0x800000e8, wb=1, rd=x5, ex=ALU (#39)
DEBUG Fetch: PC=0x800000ec (#40)
DEBUG Instr 0x30529073: CSRRW x0, x5, 0x305
DEBUG Src0 Reg: x5={0x800000f4}
TRACE         46: pipeline-fetch: PC=0x800000ec, wb=0, ex=CSR (#40)
TRACE         47: pipeline-writeback: PC=0x800000e0, wb=0, ex=CSR (#37)
TRACE         47: pipeline-memory: PC=0x800000e4, wb=1, rd=x5, ex=ALU (#38)
TRACE         47: pipeline-execute: PC=0x800000e8, wb=1, rd=x5, ex=ALU (#39)
TRACE         47: pipeline-decode: PC=0x800000ec, wb=0, ex=CSR (#40)
DEBUG Fetch: PC=0x800000f0 (#41)
DEBUG Instr 0x18005073: CSRRWI x0, 0x180, 0x0
TRACE         47: pipeline-fetch: PC=0x800000f0, wb=0, ex=CSR (#41)
TRACE         48: pipeline-writeback: PC=0x800000e4, wb=1, rd=x5, ex=ALU (#38)
TRACE         48: pipeline-memory: PC=0x800000e8, wb=1, rd=x5, ex=ALU (#39)
TRACE         48: pipeline-execute: PC=0x800000ec, wb=0, ex=CSR (#40)
TRACE         48: pipeline-decode: PC=0x800000f0, wb=0, ex=CSR (#41)
DEBUG Fetch: PC=0x800000f4 (#42)
DEBUG Instr 0x297: AUIPC x5, 0x0
DEBUG Dest Reg: x5={0x800000f4}
TRACE         48: pipeline-fetch: PC=0x800000f4, wb=1, rd=x5, ex=ALU (#42)
TRACE         49: pipeline-writeback: PC=0x800000e8, wb=1, rd=x5, ex=ALU (#39)
TRACE         49: pipeline-memory: PC=0x800000ec, wb=0, ex=CSR (#40)
TRACE         49: pipeline-execute: PC=0x800000f0, wb=0, ex=CSR (#41)
TRACE         49: pipeline-decode: PC=0x800000f4, wb=1, rd=x5, ex=ALU (#42)
DEBUG Fetch: PC=0x800000f8 (#43)
DEBUG Instr 0x2028293: ADDI x5, x5, 0x20
DEBUG Src0 Reg: x5={0x800000f4}
DEBUG Dest Reg: x5={0x80000114}
TRACE         49: pipeline-fetch: PC=0x800000f8, wb=1, rd=x5, ex=ALU (#43)
TRACE         50: pipeline-writeback: PC=0x800000ec, wb=0, ex=CSR (#40)
TRACE         50: pipeline-memory: PC=0x800000f0, wb=0, ex=CSR (#41)
TRACE         50: pipeline-execute: PC=0x800000f4, wb=1, rd=x5, ex=ALU (#42)
TRACE         50: pipeline-decode: PC=0x800000f8, wb=1, rd=x5, ex=ALU (#43)
DEBUG Fetch: PC=0x800000fc (#44)
DEBUG Instr 0x30529073: CSRRW x0, x5, 0x305
DEBUG Src0 Reg: x5={0x80000114}
TRACE         50: pipeline-fetch: PC=0x800000fc, wb=0, ex=CSR (#44)
TRACE         51: pipeline-writeback: PC=0x800000f0, wb=0, ex=CSR (#41)
TRACE         51: pipeline-memory: PC=0x800000f4, wb=1, rd=x5, ex=ALU (#42)
TRACE         51: pipeline-execute: PC=0x800000f8, wb=1, rd=x5, ex=ALU (#43)
TRACE         51: pipeline-decode: PC=0x800000fc, wb=0, ex=CSR (#44)
DEBUG Fetch: PC=0x80000100 (#45)
DEBUG Instr 0x800002b7: LUI x5, 0xfff80000
DEBUG Dest Reg: x5={0x80000000}
TRACE         51: pipeline-fetch: PC=0x80000100, wb=1, rd=x5, ex=ALU (#45)
TRACE         52: pipeline-writeback: PC=0x800000f4, wb=1, rd=x5, ex=ALU (#42)
TRACE         52: pipeline-memory: PC=0x800000f8, wb=1, rd=x5, ex=ALU (#43)
TRACE         52: pipeline-execute: PC=0x800000fc, wb=0, ex=CSR (#44)
TRACE         52: pipeline-decode: PC=0x80000100, wb=1, rd=x5, ex=ALU (#45)
DEBUG Fetch: PC=0x80000104 (#46)
DEBUG Instr 0xfff28293: ADDI x5, x5, 0xffffffff
DEBUG Src0 Reg: x5={0x80000000}
DEBUG Dest Reg: x5={0x7fffffff}
TRACE         52: pipeline-fetch: PC=0x80000104, wb=1, rd=x5, ex=ALU (#46)
TRACE         53: pipeline-writeback: PC=0x800000f8, wb=1, rd=x5, ex=ALU (#43)
TRACE         53: pipeline-memory: PC=0x800000fc, wb=0, ex=CSR (#44)
TRACE         53: pipeline-execute: PC=0x80000100, wb=1, rd=x5, ex=ALU (#45)
TRACE         53: pipeline-decode: PC=0x80000104, wb=1, rd=x5, ex=ALU (#46)
DEBUG Fetch: PC=0x80000108 (#47)
DEBUG Instr 0x3b029073: CSRRW x0, x5, 0x3b0
DEBUG Src0 Reg: x5={0x7fffffff}
TRACE         53: pipeline-fetch: PC=0x80000108, wb=0, ex=CSR (#47)
TRACE         54: pipeline-writeback: PC=0x800000fc, wb=0, ex=CSR (#44)
TRACE         54: pipeline-memory: PC=0x80000100, wb=1, rd=x5, ex=ALU (#45)
TRACE         54: pipeline-execute: PC=0x80000104, wb=1, rd=x5, ex=ALU (#46)
TRACE         54: pipeline-decode: PC=0x80000108, wb=0, ex=CSR (#47)
DEBUG Fetch: PC=0x8000010c (#48)
DEBUG Instr 0x1f00293: ADDI x5, x0, 0x1f
DEBUG Src0 Reg: x0={0x0}
DEBUG Dest Reg: x5={0x1f}
TRACE         54: pipeline-fetch: PC=0x8000010c, wb=1, rd=x5, ex=ALU (#48)
TRACE         55: pipeline-writeback: PC=0x80000100, wb=1, rd=x5, ex=ALU (#45)
TRACE         55: pipeline-memory: PC=0x80000104, wb=1, rd=x5, ex=ALU (#46)
TRACE         55: pipeline-execute: PC=0x80000108, wb=0, ex=CSR (#47)
TRACE         55: pipeline-decode: PC=0x8000010c, wb=1, rd=x5, ex=ALU (#48)
DEBUG Fetch: PC=0x80000110 (#49)
DEBUG Instr 0x3a029073: CSRRW x0, x5, 0x3a0
DEBUG Src0 Reg: x5={0x1f}
TRACE         55: pipeline-fetch: PC=0x80000110, wb=0, ex=CSR (#49)
TRACE         56: pipeline-writeback: PC=0x80000104, wb=1, rd=x5, ex=ALU (#46)
TRACE         56: pipeline-memory: PC=0x80000108, wb=0, ex=CSR (#47)
TRACE         56: pipeline-execute: PC=0x8000010c, wb=1, rd=x5, ex=ALU (#48)
TRACE         56: pipeline-decode: PC=0x80000110, wb=0, ex=CSR (#49)
DEBUG Fetch: PC=0x80000114 (#50)
DEBUG Instr 0x30405073: CSRRWI x0, 0x304, 0x0
TRACE         56: pipeline-fetch: PC=0x80000114, wb=0, ex=CSR (#50)
TRACE         57: pipeline-writeback: PC=0x80000108, wb=0, ex=CSR (#47)
TRACE         57: pipeline-memory: PC=0x8000010c, wb=1, rd=x5, ex=ALU (#48)
TRACE         57: pipeline-execute: PC=0x80000110, wb=0, ex=CSR (#49)
TRACE         57: pipeline-decode: PC=0x80000114, wb=0, ex=CSR (#50)
DEBUG Fetch: PC=0x80000118 (#51)
DEBUG Instr 0x297: AUIPC x5, 0x0
DEBUG Dest Reg: x5={0x80000118}
TRACE         57: pipeline-fetch: PC=0x80000118, wb=1, rd=x5, ex=ALU (#51)
TRACE         58: pipeline-writeback: PC=0x8000010c, wb=1, rd=x5, ex=ALU (#48)
TRACE         58: pipeline-memory: PC=0x80000110, wb=0, ex=CSR (#49)
TRACE         58: pipeline-execute: PC=0x80000114, wb=0, ex=CSR (#50)
TRACE         58: pipeline-decode: PC=0x80000118, wb=1, rd=x5, ex=ALU (#51)
DEBUG Fetch: PC=0x8000011c (#52)
DEBUG Instr 0x1428293: ADDI x5, x5, 0x14
DEBUG Src0 Reg: x5={0x80000118}
DEBUG Dest Reg: x5={0x8000012c}
TRACE         58: pipeline-fetch: PC=0x8000011c, wb=1, rd=x5, ex=ALU (#52)
TRACE         59: pipeline-writeback: PC=0x80000110, wb=0, ex=CSR (#49)
TRACE         59: pipeline-memory: PC=0x80000114, wb=0, ex=CSR (#50)
TRACE         59: pipeline-execute: PC=0x80000118, wb=1, rd=x5, ex=ALU (#51)
TRACE         59: pipeline-decode: PC=0x8000011c, wb=1, rd=x5, ex=ALU (#52)
DEBUG Fetch: PC=0x80000120 (#53)
DEBUG Instr 0x30529073: CSRRW x0, x5, 0x305
DEBUG Src0 Reg: x5={0x8000012c}
TRACE         59: pipeline-fetch: PC=0x80000120, wb=0, ex=CSR (#53)
TRACE         60: pipeline-writeback: PC=0x80000114, wb=0, ex=CSR (#50)
TRACE         60: pipeline-memory: PC=0x80000118, wb=1, rd=x5, ex=ALU (#51)
TRACE         60: pipeline-execute: PC=0x8000011c, wb=1, rd=x5, ex=ALU (#52)
TRACE         60: pipeline-decode: PC=0x80000120, wb=0, ex=CSR (#53)
DEBUG Fetch: PC=0x80000124 (#54)
DEBUG Instr 0x30205073: CSRRWI x0, 0x302, 0x0
TRACE         60: pipeline-fetch: PC=0x80000124, wb=0, ex=CSR (#54)
TRACE         61: pipeline-writeback: PC=0x80000118, wb=1, rd=x5, ex=ALU (#51)
TRACE         61: pipeline-memory: PC=0x8000011c, wb=1, rd=x5, ex=ALU (#52)
TRACE         61: pipeline-execute: PC=0x80000120, wb=0, ex=CSR (#53)
TRACE         61: pipeline-decode: PC=0x80000124, wb=0, ex=CSR (#54)
DEBUG Fetch: PC=0x80000128 (#55)
DEBUG Instr 0x30305073: CSRRWI x0, 0x303, 0x0
TRACE         61: pipeline-fetch: PC=0x80000128, wb=0, ex=CSR (#55)
TRACE         62: pipeline-writeback: PC=0x8000011c, wb=1, rd=x5, ex=ALU (#52)
TRACE         62: pipeline-memory: PC=0x80000120, wb=0, ex=CSR (#53)
TRACE         62: pipeline-execute: PC=0x80000124, wb=0, ex=CSR (#54)
TRACE         62: pipeline-decode: PC=0x80000128, wb=0, ex=CSR (#55)
DEBUG Fetch: PC=0x8000012c (#56)
DEBUG Instr 0x193: ADDI x3, x0, 0x0
DEBUG Src0 Reg: x0={0x0}
DEBUG Dest Reg: x3={0x0}
TRACE         62: pipeline-fetch: PC=0x8000012c, wb=1, rd=x3, ex=ALU (#56)
TRACE         63: pipeline-writeback: PC=0x80000120, wb=0, ex=CSR (#53)
TRACE         63: pipeline-memory: PC=0x80000124, wb=0, ex=CSR (#54)
TRACE         63: pipeline-execute: PC=0x80000128, wb=0, ex=CSR (#55)
TRACE         63: pipeline-decode: PC=0x8000012c, wb=1, rd=x3, ex=ALU (#56)
DEBUG Fetch: PC=0x80000130 (#57)
DEBUG Instr 0x297: AUIPC x5, 0x0
DEBUG Dest Reg: x5={0x80000130}
TRACE         63: pipeline-fetch: PC=0x80000130, wb=1, rd=x5, ex=ALU (#57)
TRACE         64: pipeline-writeback: PC=0x80000124, wb=0, ex=CSR (#54)
TRACE         64: pipeline-memory: PC=0x80000128, wb=0, ex=CSR (#55)
TRACE         64: pipeline-execute: PC=0x8000012c, wb=1, rd=x3, ex=ALU (#56)
TRACE         64: pipeline-decode: PC=0x80000130, wb=1, rd=x5, ex=ALU (#57)
DEBUG Fetch: PC=0x80000134 (#58)
DEBUG Instr 0xed428293: ADDI x5, x5, 0xfffffed4
DEBUG Src0 Reg: x5={0x80000130}
DEBUG Dest Reg: x5={0x80000004}
TRACE         64: pipeline-fetch: PC=0x80000134, wb=1, rd=x5, ex=ALU (#58)
TRACE         65: pipeline-writeback: PC=0x80000128, wb=0, ex=CSR (#55)
TRACE         65: pipeline-memory: PC=0x8000012c, wb=1, rd=x3, ex=ALU (#56)
TRACE         65: pipeline-execute: PC=0x80000130, wb=1, rd=x5, ex=ALU (#57)
TRACE         65: pipeline-decode: PC=0x80000134, wb=1, rd=x5, ex=ALU (#58)
DEBUG Fetch: PC=0x80000138 (#59)
DEBUG Instr 0x30529073: CSRRW x0, x5, 0x305
DEBUG Src0 Reg: x5={0x80000004}
TRACE         65: pipeline-fetch: PC=0x80000138, wb=0, ex=CSR (#59)
TRACE         66: pipeline-writeback: PC=0x8000012c, wb=1, rd=x3, ex=ALU (#56)
TRACE         66: pipeline-memory: PC=0x80000130, wb=1, rd=x5, ex=ALU (#57)
TRACE         66: pipeline-execute: PC=0x80000134, wb=1, rd=x5, ex=ALU (#58)
TRACE         66: pipeline-decode: PC=0x80000138, wb=0, ex=CSR (#59)
DEBUG Fetch: PC=0x8000013c (#60)
DEBUG Instr 0x100513: ADDI x10, x0, 0x1
DEBUG Src0 Reg: x0={0x0}
DEBUG Dest Reg: x10={0x1}
TRACE         66: pipeline-fetch: PC=0x8000013c, wb=1, rd=x10, ex=ALU (#60)
TRACE         67: pipeline-writeback: PC=0x80000130, wb=1, rd=x5, ex=ALU (#57)
TRACE         67: pipeline-memory: PC=0x80000134, wb=1, rd=x5, ex=ALU (#58)
TRACE         67: pipeline-execute: PC=0x80000138, wb=0, ex=CSR (#59)
TRACE         67: pipeline-decode: PC=0x8000013c, wb=1, rd=x10, ex=ALU (#60)
DEBUG Fetch: PC=0x80000140 (#61)
DEBUG Instr 0x1f51513: SLLI x10, x10, 0x1f
DEBUG Src0 Reg: x10={0x1}
DEBUG Dest Reg: x10={0x80000000}
TRACE         67: pipeline-fetch: PC=0x80000140, wb=1, rd=x10, ex=ALU (#61)
TRACE         68: pipeline-writeback: PC=0x80000134, wb=1, rd=x5, ex=ALU (#58)
TRACE         68: pipeline-memory: PC=0x80000138, wb=0, ex=CSR (#59)
TRACE         68: pipeline-execute: PC=0x8000013c, wb=1, rd=x10, ex=ALU (#60)
TRACE         68: pipeline-decode: PC=0x80000140, wb=1, rd=x10, ex=ALU (#61)
DEBUG Fetch: PC=0x80000144 (#62)
DEBUG Instr 0x54c63: BLT x10, x0, 0x18
DEBUG Src0 Reg: x10={0x80000000}
DEBUG Src1 Reg: x0={0x0}
DEBUG *** Next PC=0x8000015c
TRACE         68: pipeline-fetch: PC=0x80000144, wb=0, ex=ALU (#62)
TRACE         69: pipeline-writeback: PC=0x80000138, wb=0, ex=CSR (#59)
TRACE         69: pipeline-memory: PC=0x8000013c, wb=1, rd=x10, ex=ALU (#60)
TRACE         69: pipeline-execute: PC=0x80000140, wb=1, rd=x10, ex=ALU (#61)
TRACE         69: pipeline-decode: PC=0x80000144, wb=0, ex=ALU (#62)
TRACE         69: *** pipeline-fetch stalled!
TRACE         70: pipeline-writeback: PC=0x8000013c, wb=1, rd=x10, ex=ALU (#60)
TRACE         70: pipeline-memory: PC=0x80000140, wb=1, rd=x10, ex=ALU (#61)
TRACE         70: pipeline-execute: PC=0x80000144, wb=0, ex=ALU (#62)
TRACE         70: *** pipeline-fetch stalled!
TRACE         71: pipeline-writeback: PC=0x80000140, wb=1, rd=x10, ex=ALU (#61)
TRACE         71: pipeline-memory: PC=0x80000144, wb=0, ex=ALU (#62)
TRACE         71: *** pipeline-fetch stalled!
TRACE         72: pipeline-writeback: PC=0x80000144, wb=0, ex=ALU (#62)
DEBUG Fetch: PC=0x8000015c (#63)
DEBUG Instr 0x293: ADDI x5, x0, 0x0
DEBUG Src0 Reg: x0={0x0}
DEBUG Dest Reg: x5={0x0}
TRACE         72: pipeline-fetch: PC=0x8000015c, wb=1, rd=x5, ex=ALU (#63)
TRACE         73: pipeline-decode: PC=0x8000015c, wb=1, rd=x5, ex=ALU (#63)
DEBUG Fetch: PC=0x80000160 (#64)
DEBUG Instr 0x28a63: BEQ x5, x0, 0x14
DEBUG Src0 Reg: x5={0x0}
DEBUG Src1 Reg: x0={0x0}
DEBUG *** Next PC=0x80000174
TRACE         73: pipeline-fetch: PC=0x80000160, wb=0, ex=ALU (#64)
TRACE         74: pipeline-execute: PC=0x8000015c, wb=1, rd=x5, ex=ALU (#63)
TRACE         74: pipeline-decode: PC=0x80000160, wb=0, ex=ALU (#64)
TRACE         74: *** pipeline-fetch stalled!
TRACE         75: pipeline-memory: PC=0x8000015c, wb=1, rd=x5, ex=ALU (#63)
TRACE         75: pipeline-execute: PC=0x80000160, wb=0, ex=ALU (#64)
TRACE         75: *** pipeline-fetch stalled!
TRACE         76: pipeline-writeback: PC=0x8000015c, wb=1, rd=x5, ex=ALU (#63)
TRACE         76: pipeline-memory: PC=0x80000160, wb=0, ex=ALU (#64)
TRACE         76: *** pipeline-fetch stalled!
TRACE         77: pipeline-writeback: PC=0x80000160, wb=0, ex=ALU (#64)
DEBUG Fetch: PC=0x80000174 (#65)
DEBUG Instr 0x30005073: CSRRWI x0, 0x300, 0x0
TRACE         77: pipeline-fetch: PC=0x80000174, wb=0, ex=CSR (#65)
TRACE         78: pipeline-decode: PC=0x80000174, wb=0, ex=CSR (#65)
DEBUG Fetch: PC=0x80000178 (#66)
DEBUG Instr 0x297: AUIPC x5, 0x0
DEBUG Dest Reg: x5={0x80000178}
TRACE         78: pipeline-fetch: PC=0x80000178, wb=1, rd=x5, ex=ALU (#66)
TRACE         79: pipeline-execute: PC=0x80000174, wb=0, ex=CSR (#65)
TRACE         79: pipeline-decode: PC=0x80000178, wb=1, rd=x5, ex=ALU (#66)
DEBUG Fetch: PC=0x8000017c (#67)
DEBUG Instr 0x1428293: ADDI x5, x5, 0x14
DEBUG Src0 Reg: x5={0x80000178}
DEBUG Dest Reg: x5={0x8000018c}
TRACE         79: pipeline-fetch: PC=0x8000017c, wb=1, rd=x5, ex=ALU (#67)
TRACE         80: pipeline-memory: PC=0x80000174, wb=0, ex=CSR (#65)
TRACE         80: pipeline-execute: PC=0x80000178, wb=1, rd=x5, ex=ALU (#66)
TRACE         80: pipeline-decode: PC=0x8000017c, wb=1, rd=x5, ex=ALU (#67)
DEBUG Fetch: PC=0x80000180 (#68)
DEBUG Instr 0x34129073: CSRRW x0, x5, 0x341
DEBUG Src0 Reg: x5={0x8000018c}
TRACE         80: pipeline-fetch: PC=0x80000180, wb=0, ex=CSR (#68)
TRACE         81: pipeline-writeback: PC=0x80000174, wb=0, ex=CSR (#65)
TRACE         81: pipeline-memory: PC=0x80000178, wb=1, rd=x5, ex=ALU (#66)
TRACE         81: pipeline-execute: PC=0x8000017c, wb=1, rd=x5, ex=ALU (#67)
TRACE         81: pipeline-decode: PC=0x80000180, wb=0, ex=CSR (#68)
DEBUG Fetch: PC=0x80000184 (#69)
DEBUG Instr 0xf1402573: CSRRS x10, x0, 0xf14
DEBUG Src0 Reg: x0={0x0}
DEBUG Dest Reg: x10={0x0}
TRACE         81: pipeline-fetch: PC=0x80000184, wb=1, rd=x10, ex=CSR (#69)
TRACE         82: pipeline-writeback: PC=0x80000178, wb=1, rd=x5, ex=ALU (#66)
TRACE         82: pipeline-memory: PC=0x8000017c, wb=1, rd=x5, ex=ALU (#67)
TRACE         82: pipeline-execute: PC=0x80000180, wb=0, ex=CSR (#68)
TRACE         82: pipeline-decode: PC=0x80000184, wb=1, rd=x10, ex=CSR (#69)
DEBUG Fetch: PC=0x80000188 (#70)
DEBUG Instr 0x30200073: MRET 0x302
TRACE         82: pipeline-fetch: PC=0x80000188, wb=0, ex=ALU (#70)
TRACE         83: pipeline-writeback: PC=0x8000017c, wb=1, rd=x5, ex=ALU (#67)
TRACE         83: pipeline-memory: PC=0x80000180, wb=0, ex=CSR (#68)
TRACE         83: pipeline-execute: PC=0x80000184, wb=1, rd=x10, ex=CSR (#69)
TRACE         83: pipeline-decode: PC=0x80000188, wb=0, ex=ALU (#70)
DEBUG Fetch: PC=0x8000018c (#71)
DEBUG Instr 0x200193: ADDI x3, x0, 0x2
DEBUG Src0 Reg: x0={0x0}
DEBUG Dest Reg: x3={0x2}
TRACE         83: pipeline-fetch: PC=0x8000018c, wb=1, rd=x3, ex=ALU (#71)
TRACE         84: pipeline-writeback: PC=0x80000180, wb=0, ex=CSR (#68)
TRACE         84: pipeline-memory: PC=0x80000184, wb=1, rd=x10, ex=CSR (#69)
TRACE         84: pipeline-execute: PC=0x80000188, wb=0, ex=ALU (#70)
TRACE         84: pipeline-decode: PC=0x8000018c, wb=1, rd=x3, ex=ALU (#71)
DEBUG Fetch: PC=0x80000190 (#72)
DEBUG Instr 0x293: ADDI x5, x0, 0x0
DEBUG Src0 Reg: x0={0x0}
DEBUG Dest Reg: x5={0x0}
TRACE         84: pipeline-fetch: PC=0x80000190, wb=1, rd=x5, ex=ALU (#72)
TRACE         85: pipeline-writeback: PC=0x80000184, wb=1, rd=x10, ex=CSR (#69)
TRACE         85: pipeline-memory: PC=0x80000188, wb=0, ex=ALU (#70)
TRACE         85: pipeline-execute: PC=0x8000018c, wb=1, rd=x3, ex=ALU (#71)
TRACE         85: pipeline-decode: PC=0x80000190, wb=1, rd=x5, ex=ALU (#72)
DEBUG Fetch: PC=0x80000194 (#73)
DEBUG Instr 0x317: AUIPC x6, 0x0
DEBUG Dest Reg: x6={0x80000194}
TRACE         85: pipeline-fetch: PC=0x80000194, wb=1, rd=x6, ex=ALU (#73)
TRACE         86: pipeline-writeback: PC=0x80000188, wb=0, ex=ALU (#70)
TRACE         86: pipeline-memory: PC=0x8000018c, wb=1, rd=x3, ex=ALU (#71)
TRACE         86: pipeline-execute: PC=0x80000190, wb=1, rd=x5, ex=ALU (#72)
TRACE         86: pipeline-decode: PC=0x80000194, wb=1, rd=x6, ex=ALU (#73)
DEBUG Fetch: PC=0x80000198 (#74)
DEBUG Instr 0x1030313: ADDI x6, x6, 0x10
DEBUG Src0 Reg: x6={0x80000194}
DEBUG Dest Reg: x6={0x800001a4}
TRACE         86: pipeline-fetch: PC=0x80000198, wb=1, rd=x6, ex=ALU (#74)
TRACE         87: pipeline-writeback: PC=0x8000018c, wb=1, rd=x3, ex=ALU (#71)
TRACE         87: pipeline-memory: PC=0x80000190, wb=1, rd=x5, ex=ALU (#72)
TRACE         87: pipeline-execute: PC=0x80000194, wb=1, rd=x6, ex=ALU (#73)
TRACE         87: pipeline-decode: PC=0x80000198, wb=1, rd=x6, ex=ALU (#74)
DEBUG Fetch: PC=0x8000019c (#75)
DEBUG Instr 0x302e7: JALR x5, x6, 0x0
DEBUG Src0 Reg: x6={0x800001a4}
DEBUG Dest Reg: x5={0x800001a0}
DEBUG *** Next PC=0x800001a4
TRACE         87: pipeline-fetch: PC=0x8000019c, wb=1, rd=x5, ex=ALU (#75)
TRACE         88: pipeline-writeback: PC=0x80000190, wb=1, rd=x5, ex=ALU (#72)
TRACE         88: pipeline-memory: PC=0x80000194, wb=1, rd=x6, ex=ALU (#73)
TRACE         88: pipeline-execute: PC=0x80000198, wb=1, rd=x6, ex=ALU (#74)
TRACE         88: pipeline-decode: PC=0x8000019c, wb=1, rd=x5, ex=ALU (#75)
TRACE         88: *** pipeline-fetch stalled!
TRACE         89: pipeline-writeback: PC=0x80000194, wb=1, rd=x6, ex=ALU (#73)
TRACE         89: pipeline-memory: PC=0x80000198, wb=1, rd=x6, ex=ALU (#74)
TRACE         89: pipeline-execute: PC=0x8000019c, wb=1, rd=x5, ex=ALU (#75)
TRACE         89: *** pipeline-fetch stalled!
TRACE         90: pipeline-writeback: PC=0x80000198, wb=1, rd=x6, ex=ALU (#74)
TRACE         90: pipeline-memory: PC=0x8000019c, wb=1, rd=x5, ex=ALU (#75)
TRACE         90: *** pipeline-fetch stalled!
TRACE         91: pipeline-writeback: PC=0x8000019c, wb=1, rd=x5, ex=ALU (#75)
DEBUG Fetch: PC=0x800001a4 (#76)
DEBUG Instr 0x317: AUIPC x6, 0x0
DEBUG Dest Reg: x6={0x800001a4}
TRACE         91: pipeline-fetch: PC=0x800001a4, wb=1, rd=x6, ex=ALU (#76)
TRACE         92: pipeline-decode: PC=0x800001a4, wb=1, rd=x6, ex=ALU (#76)
DEBUG Fetch: PC=0x800001a8 (#77)
DEBUG Instr 0xffc30313: ADDI x6, x6, 0xfffffffc
DEBUG Src0 Reg: x6={0x800001a4}
DEBUG Dest Reg: x6={0x800001a0}
TRACE         92: pipeline-fetch: PC=0x800001a8, wb=1, rd=x6, ex=ALU (#77)
TRACE         93: pipeline-execute: PC=0x800001a4, wb=1, rd=x6, ex=ALU (#76)
TRACE         93: pipeline-decode: PC=0x800001a8, wb=1, rd=x6, ex=ALU (#77)
DEBUG Fetch: PC=0x800001ac (#78)
DEBUG Instr 0xc629a63: BNE x5, x6, 0xd4
DEBUG Src0 Reg: x5={0x800001a0}
DEBUG Src1 Reg: x6={0x800001a0}
TRACE         93: pipeline-fetch: PC=0x800001ac, wb=0, ex=ALU (#78)
TRACE         94: pipeline-memory: PC=0x800001a4, wb=1, rd=x6, ex=ALU (#76)
TRACE         94: pipeline-execute: PC=0x800001a8, wb=1, rd=x6, ex=ALU (#77)
TRACE         94: pipeline-decode: PC=0x800001ac, wb=0, ex=ALU (#78)
TRACE         94: *** pipeline-fetch stalled!
TRACE         95: pipeline-writeback: PC=0x800001a4, wb=1, rd=x6, ex=ALU (#76)
TRACE         95: pipeline-memory: PC=0x800001a8, wb=1, rd=x6, ex=ALU (#77)
TRACE         95: pipeline-execute: PC=0x800001ac, wb=0, ex=ALU (#78)
TRACE         95: *** pipeline-fetch stalled!
TRACE         96: pipeline-writeback: PC=0x800001a8, wb=1, rd=x6, ex=ALU (#77)
TRACE         96: pipeline-memory: PC=0x800001ac, wb=0, ex=ALU (#78)
TRACE         96: *** pipeline-fetch stalled!
TRACE         97: pipeline-writeback: PC=0x800001ac, wb=0, ex=ALU (#78)
DEBUG Fetch: PC=0x800001b0 (#79)
DEBUG Instr 0x300193: ADDI x3, x0, 0x3
DEBUG Src0 Reg: x0={0x0}
DEBUG Dest Reg: x3={0x3}
TRACE         97: pipeline-fetch: PC=0x800001b0, wb=1, rd=x3, ex=ALU (#79)
TRACE         98: pipeline-decode: PC=0x800001b0, wb=1, rd=x3, ex=ALU (#79)
DEBUG Fetch: PC=0x800001b4 (#80)
DEBUG Instr 0x297: AUIPC x5, 0x0
DEBUG Dest Reg: x5={0x800001b4}
TRACE         98: pipeline-fetch: PC=0x800001b4, wb=1, rd=x5, ex=ALU (#80)
TRACE         99: pipeline-execute: PC=0x800001b0, wb=1, rd=x3, ex=ALU (#79)
TRACE         99: pipeline-decode: PC=0x800001b4, wb=1, rd=x5, ex=ALU (#80)
DEBUG Fetch: PC=0x800001b8 (#81)
DEBUG Instr 0x1028293: ADDI x5, x5, 0x10
DEBUG Src0 Reg: x5={0x800001b4}
DEBUG Dest Reg: x5={0x800001c4}
TRACE         99: pipeline-fetch: PC=0x800001b8, wb=1, rd=x5, ex=ALU (#81)
TRACE        100: pipeline-memory: PC=0x800001b0, wb=1, rd=x3, ex=ALU (#79)
TRACE        100: pipeline-execute: PC=0x800001b4, wb=1, rd=x5, ex=ALU (#80)
TRACE        100: pipeline-decode: PC=0x800001b8, wb=1, rd=x5, ex=ALU (#81)
DEBUG Fetch: PC=0x800001bc (#82)
DEBUG Instr 0x282e7: JALR x5, x5, 0x0
DEBUG Src0 Reg: x5={0x800001c4}
DEBUG Dest Reg: x5={0x800001c0}
DEBUG *** Next PC=0x800001c4
TRACE        100: pipeline-fetch: PC=0x800001bc, wb=1, rd=x5, ex=ALU (#82)
TRACE        101: pipeline-writeback: PC=0x800001b0, wb=1, rd=x3, ex=ALU (#79)
TRACE        101: pipeline-memory: PC=0x800001b4, wb=1, rd=x5, ex=ALU (#80)
TRACE        101: pipeline-execute: PC=0x800001b8, wb=1, rd=x5, ex=ALU (#81)
TRACE        101: pipeline-decode: PC=0x800001bc, wb=1, rd=x5, ex=ALU (#82)
TRACE        101: *** pipeline-fetch stalled!
TRACE        102: pipeline-writeback: PC=0x800001b4, wb=1, rd=x5, ex=ALU (#80)
TRACE        102: pipeline-memory: PC=0x800001b8, wb=1, rd=x5, ex=ALU (#81)
TRACE        102: pipeline-execute: PC=0x800001bc, wb=1, rd=x5, ex=ALU (#82)
TRACE        102: *** pipeline-fetch stalled!
TRACE        103: pipeline-writeback: PC=0x800001b8, wb=1, rd=x5, ex=ALU (#81)
TRACE        103: pipeline-memory: PC=0x800001bc, wb=1, rd=x5, ex=ALU (#82)
TRACE        103: *** pipeline-fetch stalled!
TRACE        104: pipeline-writeback: PC=0x800001bc, wb=1, rd=x5, ex=ALU (#82)
DEBUG Fetch: PC=0x800001c4 (#83)
DEBUG Instr 0x317: AUIPC x6, 0x0
DEBUG Dest Reg: x6={0x800001c4}
TRACE        104: pipeline-fetch: PC=0x800001c4, wb=1, rd=x6, ex=ALU (#83)
TRACE        105: pipeline-decode: PC=0x800001c4, wb=1, rd=x6, ex=ALU (#83)
DEBUG Fetch: PC=0x800001c8 (#84)
DEBUG Instr 0xffc30313: ADDI x6, x6, 0xfffffffc
DEBUG Src0 Reg: x6={0x800001c4}
DEBUG Dest Reg: x6={0x800001c0}
TRACE        105: pipeline-fetch: PC=0x800001c8, wb=1, rd=x6, ex=ALU (#84)
TRACE        106: pipeline-execute: PC=0x800001c4, wb=1, rd=x6, ex=ALU (#83)
TRACE        106: pipeline-decode: PC=0x800001c8, wb=1, rd=x6, ex=ALU (#84)
DEBUG Fetch: PC=0x800001cc (#85)
DEBUG Instr 0xa629a63: BNE x5, x6, 0xb4
DEBUG Src0 Reg: x5={0x800001c0}
DEBUG Src1 Reg: x6={0x800001c0}
TRACE        106: pipeline-fetch: PC=0x800001cc, wb=0, ex=ALU (#85)
TRACE        107: pipeline-memory: PC=0x800001c4, wb=1, rd=x6, ex=ALU (#83)
TRACE        107: pipeline-execute: PC=0x800001c8, wb=1, rd=x6, ex=ALU (#84)
TRACE        107: pipeline-decode: PC=0x800001cc, wb=0, ex=ALU (#85)
TRACE        107: *** pipeline-fetch stalled!
TRACE        108: pipeline-writeback: PC=0x800001c4, wb=1, rd=x6, ex=ALU (#83)
TRACE        108: pipeline-memory: PC=0x800001c8, wb=1, rd=x6, ex=ALU (#84)
TRACE        108: pipeline-execute: PC=0x800001cc, wb=0, ex=ALU (#85)
TRACE        108: *** pipeline-fetch stalled!
TRACE        109: pipeline-writeback: PC=0x800001c8, wb=1, rd=x6, ex=ALU (#84)
TRACE        109: pipeline-memory: PC=0x800001cc, wb=0, ex=ALU (#85)
TRACE        109: *** pipeline-fetch stalled!
TRACE        110: pipeline-writeback: PC=0x800001cc, wb=0, ex=ALU (#85)
DEBUG Fetch: PC=0x800001d0 (#86)
DEBUG Instr 0x400193: ADDI x3, x0, 0x4
DEBUG Src0 Reg: x0={0x0}
DEBUG Dest Reg: x3={0x4}
TRACE        110: pipeline-fetch: PC=0x800001d0, wb=1, rd=x3, ex=ALU (#86)
TRACE        111: pipeline-decode: PC=0x800001d0, wb=1, rd=x3, ex=ALU (#86)
DEBUG Fetch: PC=0x800001d4 (#87)
DEBUG Instr 0x213: ADDI x4, x0, 0x0
DEBUG Src0 Reg: x0={0x0}
DEBUG Dest Reg: x4={0x0}
TRACE        111: pipeline-fetch: PC=0x800001d4, wb=1, rd=x4, ex=ALU (#87)
TRACE        112: pipeline-execute: PC=0x800001d0, wb=1, rd=x3, ex=ALU (#86)
TRACE        112: pipeline-decode: PC=0x800001d4, wb=1, rd=x4, ex=ALU (#87)
DEBUG Fetch: PC=0x800001d8 (#88)
DEBUG Instr 0x317: AUIPC x6, 0x0
DEBUG Dest Reg: x6={0x800001d8}
TRACE        112: pipeline-fetch: PC=0x800001d8, wb=1, rd=x6, ex=ALU (#88)
TRACE        113: pipeline-memory: PC=0x800001d0, wb=1, rd=x3, ex=ALU (#86)
TRACE        113: pipeline-execute: PC=0x800001d4, wb=1, rd=x4, ex=ALU (#87)
TRACE        113: pipeline-decode: PC=0x800001d8, wb=1, rd=x6, ex=ALU (#88)
DEBUG Fetch: PC=0x800001dc (#89)
DEBUG Instr 0x1030313: ADDI x6, x6, 0x10
DEBUG Src0 Reg: x6={0x800001d8}
DEBUG Dest Reg: x6={0x800001e8}
TRACE        113: pipeline-fetch: PC=0x800001dc, wb=1, rd=x6, ex=ALU (#89)
TRACE        114: pipeline-writeback: PC=0x800001d0, wb=1, rd=x3, ex=ALU (#86)
TRACE        114: pipeline-memory: PC=0x800001d4, wb=1, rd=x4, ex=ALU (#87)
TRACE        114: pipeline-execute: PC=0x800001d8, wb=1, rd=x6, ex=ALU (#88)
TRACE        114: pipeline-decode: PC=0x800001dc, wb=1, rd=x6, ex=ALU (#89)
DEBUG Fetch: PC=0x800001e0 (#90)
DEBUG Instr 0x306e7: JALR x13, x6, 0x0
DEBUG Src0 Reg: x6={0x800001e8}
DEBUG Dest Reg: x13={0x800001e4}
DEBUG *** Next PC=0x800001e8
TRACE        114: pipeline-fetch: PC=0x800001e0, wb=1, rd=x13, ex=ALU (#90)
TRACE        115: pipeline-writeback: PC=0x800001d4, wb=1, rd=x4, ex=ALU (#87)
TRACE        115: pipeline-memory: PC=0x800001d8, wb=1, rd=x6, ex=ALU (#88)
TRACE        115: pipeline-execute: PC=0x800001dc, wb=1, rd=x6, ex=ALU (#89)
TRACE        115: pipeline-decode: PC=0x800001e0, wb=1, rd=x13, ex=ALU (#90)
TRACE        115: *** pipeline-fetch stalled!
TRACE        116: pipeline-writeback: PC=0x800001d8, wb=1, rd=x6, ex=ALU (#88)
TRACE        116: pipeline-memory: PC=0x800001dc, wb=1, rd=x6, ex=ALU (#89)
TRACE        116: pipeline-execute: PC=0x800001e0, wb=1, rd=x13, ex=ALU (#90)
TRACE        116: *** pipeline-fetch stalled!
TRACE        117: pipeline-writeback: PC=0x800001dc, wb=1, rd=x6, ex=ALU (#89)
TRACE        117: pipeline-memory: PC=0x800001e0, wb=1, rd=x13, ex=ALU (#90)
TRACE        117: *** pipeline-fetch stalled!
TRACE        118: pipeline-writeback: PC=0x800001e0, wb=1, rd=x13, ex=ALU (#90)
DEBUG Fetch: PC=0x800001e8 (#91)
DEBUG Instr 0x120213: ADDI x4, x4, 0x1
DEBUG Src0 Reg: x4={0x0}
DEBUG Dest Reg: x4={0x1}
TRACE        118: pipeline-fetch: PC=0x800001e8, wb=1, rd=x4, ex=ALU (#91)
TRACE        119: pipeline-decode: PC=0x800001e8, wb=1, rd=x4, ex=ALU (#91)
DEBUG Fetch: PC=0x800001ec (#92)
DEBUG Instr 0x200293: ADDI x5, x0, 0x2
DEBUG Src0 Reg: x0={0x0}
DEBUG Dest Reg: x5={0x2}
TRACE        119: pipeline-fetch: PC=0x800001ec, wb=1, rd=x5, ex=ALU (#92)
TRACE        120: pipeline-execute: PC=0x800001e8, wb=1, rd=x4, ex=ALU (#91)
TRACE        120: pipeline-decode: PC=0x800001ec, wb=1, rd=x5, ex=ALU (#92)
DEBUG Fetch: PC=0x800001f0 (#93)
DEBUG Instr 0xfe5214e3: BNE x4, x5, 0xffffffe8
DEBUG Src0 Reg: x4={0x1}
DEBUG Src1 Reg: x5={0x2}
DEBUG *** Next PC=0x800001d8
TRACE        120: pipeline-fetch: PC=0x800001f0, wb=0, ex=ALU (#93)
TRACE        121: pipeline-memory: PC=0x800001e8, wb=1, rd=x4, ex=ALU (#91)
TRACE        121: pipeline-execute: PC=0x800001ec, wb=1, rd=x5, ex=ALU (#92)
TRACE        121: pipeline-decode: PC=0x800001f0, wb=0, ex=ALU (#93)
TRACE        121: *** pipeline-fetch stalled!
TRACE        122: pipeline-writeback: PC=0x800001e8, wb=1, rd=x4, ex=ALU (#91)
TRACE        122: pipeline-memory: PC=0x800001ec, wb=1, rd=x5, ex=ALU (#92)
TRACE        122: pipeline-execute: PC=0x800001f0, wb=0, ex=ALU (#93)
TRACE        122: *** pipeline-fetch stalled!
TRACE        123: pipeline-writeback: PC=0x800001ec, wb=1, rd=x5, ex=ALU (#92)
TRACE        123: pipeline-memory: PC=0x800001f0, wb=0, ex=ALU (#93)
TRACE        123: *** pipeline-fetch stalled!
TRACE        124: pipeline-writeback: PC=0x800001f0, wb=0, ex=ALU (#93)
DEBUG Fetch: PC=0x800001d8 (#65624)
DEBUG Instr 0x317: AUIPC x6, 0x0
DEBUG Dest Reg: x6={0x800001d8}
TRACE        124: pipeline-fetch: PC=0x800001d8, wb=1, rd=x6, ex=ALU (#65624)
TRACE        125: pipeline-decode: PC=0x800001d8, wb=1, rd=x6, ex=ALU (#65624)
DEBUG Fetch: PC=0x800001dc (#65625)
DEBUG Instr 0x1030313: ADDI x6, x6, 0x10
DEBUG Src0 Reg: x6={0x800001d8}
DEBUG Dest Reg: x6={0x800001e8}
TRACE        125: pipeline-fetch: PC=0x800001dc, wb=1, rd=x6, ex=ALU (#65625)
TRACE        126: pipeline-execute: PC=0x800001d8, wb=1, rd=x6, ex=ALU (#65624)
TRACE        126: pipeline-decode: PC=0x800001dc, wb=1, rd=x6, ex=ALU (#65625)
DEBUG Fetch: PC=0x800001e0 (#65626)
DEBUG Instr 0x306e7: JALR x13, x6, 0x0
DEBUG Src0 Reg: x6={0x800001e8}
DEBUG Dest Reg: x13={0x800001e4}
DEBUG *** Next PC=0x800001e8
TRACE        126: pipeline-fetch: PC=0x800001e0, wb=1, rd=x13, ex=ALU (#65626)
TRACE        127: pipeline-memory: PC=0x800001d8, wb=1, rd=x6, ex=ALU (#65624)
TRACE        127: pipeline-execute: PC=0x800001dc, wb=1, rd=x6, ex=ALU (#65625)
TRACE        127: pipeline-decode: PC=0x800001e0, wb=1, rd=x13, ex=ALU (#65626)
TRACE        127: *** pipeline-fetch stalled!
TRACE        128: pipeline-writeback: PC=0x800001d8, wb=1, rd=x6, ex=ALU (#65624)
TRACE        128: pipeline-memory: PC=0x800001dc, wb=1, rd=x6, ex=ALU (#65625)
TRACE        128: pipeline-execute: PC=0x800001e0, wb=1, rd=x13, ex=ALU (#65626)
TRACE        128: *** pipeline-fetch stalled!
TRACE        129: pipeline-writeback: PC=0x800001dc, wb=1, rd=x6, ex=ALU (#65625)
TRACE        129: pipeline-memory: PC=0x800001e0, wb=1, rd=x13, ex=ALU (#65626)
TRACE        129: *** pipeline-fetch stalled!
TRACE        130: pipeline-writeback: PC=0x800001e0, wb=1, rd=x13, ex=ALU (#65626)
DEBUG Fetch: PC=0x800001e8 (#65627)
DEBUG Instr 0x120213: ADDI x4, x4, 0x1
DEBUG Src0 Reg: x4={0x1}
DEBUG Dest Reg: x4={0x2}
TRACE        130: pipeline-fetch: PC=0x800001e8, wb=1, rd=x4, ex=ALU (#65627)
TRACE        131: pipeline-decode: PC=0x800001e8, wb=1, rd=x4, ex=ALU (#65627)
DEBUG Fetch: PC=0x800001ec (#65628)
DEBUG Instr 0x200293: ADDI x5, x0, 0x2
DEBUG Src0 Reg: x0={0x0}
DEBUG Dest Reg: x5={0x2}
TRACE        131: pipeline-fetch: PC=0x800001ec, wb=1, rd=x5, ex=ALU (#65628)
TRACE        132: pipeline-execute: PC=0x800001e8, wb=1, rd=x4, ex=ALU (#65627)
TRACE        132: pipeline-decode: PC=0x800001ec, wb=1, rd=x5, ex=ALU (#65628)
DEBUG Fetch: PC=0x800001f0 (#65629)
DEBUG Instr 0xfe5214e3: BNE x4, x5, 0xffffffe8
DEBUG Src0 Reg: x4={0x2}
DEBUG Src1 Reg: x5={0x2}
TRACE        132: pipeline-fetch: PC=0x800001f0, wb=0, ex=ALU (#65629)
TRACE        133: pipeline-memory: PC=0x800001e8, wb=1, rd=x4, ex=ALU (#65627)
TRACE        133: pipeline-execute: PC=0x800001ec, wb=1, rd=x5, ex=ALU (#65628)
TRACE        133: pipeline-decode: PC=0x800001f0, wb=0, ex=ALU (#65629)
TRACE        133: *** pipeline-fetch stalled!
TRACE        134: pipeline-writeback: PC=0x800001e8, wb=1, rd=x4, ex=ALU (#65627)
TRACE        134: pipeline-memory: PC=0x800001ec, wb=1, rd=x5, ex=ALU (#65628)
TRACE        134: pipeline-execute: PC=0x800001f0, wb=0, ex=ALU (#65629)
TRACE        134: *** pipeline-fetch stalled!
TRACE        135: pipeline-writeback: PC=0x800001ec, wb=1, rd=x5, ex=ALU (#65628)
TRACE        135: pipeline-memory: PC=0x800001f0, wb=0, ex=ALU (#65629)
TRACE        135: *** pipeline-fetch stalled!
TRACE        136: pipeline-writeback: PC=0x800001f0, wb=0, ex=ALU (#65629)
DEBUG Fetch: PC=0x800001f4 (#94)
DEBUG Instr 0x500193: ADDI x3, x0, 0x5
DEBUG Src0 Reg: x0={0x0}
DEBUG Dest Reg: x3={0x5}
TRACE        136: pipeline-fetch: PC=0x800001f4, wb=1, rd=x3, ex=ALU (#94)
TRACE        137: pipeline-decode: PC=0x800001f4, wb=1, rd=x3, ex=ALU (#94)
DEBUG Fetch: PC=0x800001f8 (#95)
DEBUG Instr 0x213: ADDI x4, x0, 0x0
DEBUG Src0 Reg: x0={0x0}
DEBUG Dest Reg: x4={0x0}
TRACE        137: pipeline-fetch: PC=0x800001f8, wb=1, rd=x4, ex=ALU (#95)
TRACE        138: pipeline-execute: PC=0x800001f4, wb=1, rd=x3, ex=ALU (#94)
TRACE        138: pipeline-decode: PC=0x800001f8, wb=1, rd=x4, ex=ALU (#95)
DEBUG Fetch: PC=0x800001fc (#96)
DEBUG Instr 0x317: AUIPC x6, 0x0
DEBUG Dest Reg: x6={0x800001fc}
TRACE        138: pipeline-fetch: PC=0x800001fc, wb=1, rd=x6, ex=ALU (#96)
TRACE        139: pipeline-memory: PC=0x800001f4, wb=1, rd=x3, ex=ALU (#94)
TRACE        139: pipeline-execute: PC=0x800001f8, wb=1, rd=x4, ex=ALU (#95)
TRACE        139: pipeline-decode: PC=0x800001fc, wb=1, rd=x6, ex=ALU (#96)
DEBUG Fetch: PC=0x80000200 (#97)
DEBUG Instr 0x1430313: ADDI x6, x6, 0x14
DEBUG Src0 Reg: x6={0x800001fc}
DEBUG Dest Reg: x6={0x80000210}
TRACE        139: pipeline-fetch: PC=0x80000200, wb=1, rd=x6, ex=ALU (#97)
TRACE        140: pipeline-writeback: PC=0x800001f4, wb=1, rd=x3, ex=ALU (#94)
TRACE        140: pipeline-memory: PC=0x800001f8, wb=1, rd=x4, ex=ALU (#95)
TRACE        140: pipeline-execute: PC=0x800001fc, wb=1, rd=x6, ex=ALU (#96)
TRACE        140: pipeline-decode: PC=0x80000200, wb=1, rd=x6, ex=ALU (#97)
DEBUG Fetch: PC=0x80000204 (#98)
DEBUG Instr 0x13: ADDI x0, x0, 0x0
DEBUG Src0 Reg: x0={0x0}
TRACE        140: pipeline-fetch: PC=0x80000204, wb=0, ex=ALU (#98)
TRACE        141: pipeline-writeback: PC=0x800001f8, wb=1, rd=x4, ex=ALU (#95)
TRACE        141: pipeline-memory: PC=0x800001fc, wb=1, rd=x6, ex=ALU (#96)
TRACE        141: pipeline-execute: PC=0x80000200, wb=1, rd=x6, ex=ALU (#97)
TRACE        141: pipeline-decode: PC=0x80000204, wb=0, ex=ALU (#98)
DEBUG Fetch: PC=0x80000208 (#99)
DEBUG Instr 0x306e7: JALR x13, x6, 0x0
DEBUG Src0 Reg: x6={0x80000210}
DEBUG Dest Reg: x13={0x8000020c}
DEBUG *** Next PC=0x80000210
TRACE        141: pipeline-fetch: PC=0x80000208, wb=1, rd=x13, ex=ALU (#99)
TRACE        142: pipeline-writeback: PC=0x800001fc, wb=1, rd=x6, ex=ALU (#96)
TRACE        142: pipeline-memory: PC=0x80000200, wb=1, rd=x6, ex=ALU (#97)
TRACE        142: pipeline-execute: PC=0x80000204, wb=0, ex=ALU (#98)
TRACE        142: pipeline-decode: PC=0x80000208, wb=1, rd=x13, ex=ALU (#99)
TRACE        142: *** pipeline-fetch stalled!
TRACE        143: pipeline-writeback: PC=0x80000200, wb=1, rd=x6, ex=ALU (#97)
TRACE        143: pipeline-memory: PC=0x80000204, wb=0, ex=ALU (#98)
TRACE        143: pipeline-execute: PC=0x80000208, wb=1, rd=x13, ex=ALU (#99)
TRACE        143: *** pipeline-fetch stalled!
TRACE        144: pipeline-writeback: PC=0x80000204, wb=0, ex=ALU (#98)
TRACE        144: pipeline-memory: PC=0x80000208, wb=1, rd=x13, ex=ALU (#99)
TRACE        144: *** pipeline-fetch stalled!
TRACE        145: pipeline-writeback: PC=0x80000208, wb=1, rd=x13, ex=ALU (#99)
DEBUG Fetch: PC=0x80000210 (#100)
DEBUG Instr 0x120213: ADDI x4, x4, 0x1
DEBUG Src0 Reg: x4={0x0}
DEBUG Dest Reg: x4={0x1}
TRACE        145: pipeline-fetch: PC=0x80000210, wb=1, rd=x4, ex=ALU (#100)
TRACE        146: pipeline-decode: PC=0x80000210, wb=1, rd=x4, ex=ALU (#100)
DEBUG Fetch: PC=0x80000214 (#101)
DEBUG Instr 0x200293: ADDI x5, x0, 0x2
DEBUG Src0 Reg: x0={0x0}
DEBUG Dest Reg: x5={0x2}
TRACE        146: pipeline-fetch: PC=0x80000214, wb=1, rd=x5, ex=ALU (#101)
TRACE        147: pipeline-execute: PC=0x80000210, wb=1, rd=x4, ex=ALU (#100)
TRACE        147: pipeline-decode: PC=0x80000214, wb=1, rd=x5, ex=ALU (#101)
DEBUG Fetch: PC=0x80000218 (#102)
DEBUG Instr 0xfe5212e3: BNE x4, x5, 0xffffffe4
DEBUG Src0 Reg: x4={0x1}
DEBUG Src1 Reg: x5={0x2}
DEBUG *** Next PC=0x800001fc
TRACE        147: pipeline-fetch: PC=0x80000218, wb=0, ex=ALU (#102)
TRACE        148: pipeline-memory: PC=0x80000210, wb=1, rd=x4, ex=ALU (#100)
TRACE        148: pipeline-execute: PC=0x80000214, wb=1, rd=x5, ex=ALU (#101)
TRACE        148: pipeline-decode: PC=0x80000218, wb=0, ex=ALU (#102)
TRACE        148: *** pipeline-fetch stalled!
TRACE        149: pipeline-writeback: PC=0x80000210, wb=1, rd=x4, ex=ALU (#100)
TRACE        149: pipeline-memory: PC=0x80000214, wb=1, rd=x5, ex=ALU (#101)
TRACE        149: pipeline-execute: PC=0x80000218, wb=0, ex=ALU (#102)
TRACE        149: *** pipeline-fetch stalled!
TRACE        150: pipeline-writeback: PC=0x80000214, wb=1, rd=x5, ex=ALU (#101)
TRACE        150: pipeline-memory: PC=0x80000218, wb=0, ex=ALU (#102)
TRACE        150: *** pipeline-fetch stalled!
TRACE        151: pipeline-writeback: PC=0x80000218, wb=0, ex=ALU (#102)
DEBUG Fetch: PC=0x800001fc (#65632)
DEBUG Instr 0x317: AUIPC x6, 0x0
DEBUG Dest Reg: x6={0x800001fc}
TRACE        151: pipeline-fetch: PC=0x800001fc, wb=1, rd=x6, ex=ALU (#65632)
TRACE        152: pipeline-decode: PC=0x800001fc, wb=1, rd=x6, ex=ALU (#65632)
DEBUG Fetch: PC=0x80000200 (#65633)
DEBUG Instr 0x1430313: ADDI x6, x6, 0x14
DEBUG Src0 Reg: x6={0x800001fc}
DEBUG Dest Reg: x6={0x80000210}
TRACE        152: pipeline-fetch: PC=0x80000200, wb=1, rd=x6, ex=ALU (#65633)
TRACE        153: pipeline-execute: PC=0x800001fc, wb=1, rd=x6, ex=ALU (#65632)
TRACE        153: pipeline-decode: PC=0x80000200, wb=1, rd=x6, ex=ALU (#65633)
DEBUG Fetch: PC=0x80000204 (#65634)
DEBUG Instr 0x13: ADDI x0, x0, 0x0
DEBUG Src0 Reg: x0={0x0}
TRACE        153: pipeline-fetch: PC=0x80000204, wb=0, ex=ALU (#65634)
TRACE        154: pipeline-memory: PC=0x800001fc, wb=1, rd=x6, ex=ALU (#65632)
TRACE        154: pipeline-execute: PC=0x80000200, wb=1, rd=x6, ex=ALU (#65633)
TRACE        154: pipeline-decode: PC=0x80000204, wb=0, ex=ALU (#65634)
DEBUG Fetch: PC=0x80000208 (#65635)
DEBUG Instr 0x306e7: JALR x13, x6, 0x0
DEBUG Src0 Reg: x6={0x80000210}
DEBUG Dest Reg: x13={0x8000020c}
DEBUG *** Next PC=0x80000210
TRACE        154: pipeline-fetch: PC=0x80000208, wb=1, rd=x13, ex=ALU (#65635)
TRACE        155: pipeline-writeback: PC=0x800001fc, wb=1, rd=x6, ex=ALU (#65632)
TRACE        155: pipeline-memory: PC=0x80000200, wb=1, rd=x6, ex=ALU (#65633)
TRACE        155: pipeline-execute: PC=0x80000204, wb=0, ex=ALU (#65634)
TRACE        155: pipeline-decode: PC=0x80000208, wb=1, rd=x13, ex=ALU (#65635)
TRACE        155: *** pipeline-fetch stalled!
TRACE        156: pipeline-writeback: PC=0x80000200, wb=1, rd=x6, ex=ALU (#65633)
TRACE        156: pipeline-memory: PC=0x80000204, wb=0, ex=ALU (#65634)
TRACE        156: pipeline-execute: PC=0x80000208, wb=1, rd=x13, ex=ALU (#65635)
TRACE        156: *** pipeline-fetch stalled!
TRACE        157: pipeline-writeback: PC=0x80000204, wb=0, ex=ALU (#65634)
TRACE        157: pipeline-memory: PC=0x80000208, wb=1, rd=x13, ex=ALU (#65635)
TRACE        157: *** pipeline-fetch stalled!
TRACE        158: pipeline-writeback: PC=0x80000208, wb=1, rd=x13, ex=ALU (#65635)
DEBUG Fetch: PC=0x80000210 (#65636)
DEBUG Instr 0x120213: ADDI x4, x4, 0x1
DEBUG Src0 Reg: x4={0x1}
DEBUG Dest Reg: x4={0x2}
TRACE        158: pipeline-fetch: PC=0x80000210, wb=1, rd=x4, ex=ALU (#65636)
TRACE        159: pipeline-decode: PC=0x80000210, wb=1, rd=x4, ex=ALU (#65636)
DEBUG Fetch: PC=0x80000214 (#65637)
DEBUG Instr 0x200293: ADDI x5, x0, 0x2
DEBUG Src0 Reg: x0={0x0}
DEBUG Dest Reg: x5={0x2}
TRACE        159: pipeline-fetch: PC=0x80000214, wb=1, rd=x5, ex=ALU (#65637)
TRACE        160: pipeline-execute: PC=0x80000210, wb=1, rd=x4, ex=ALU (#65636)
TRACE        160: pipeline-decode: PC=0x80000214, wb=1, rd=x5, ex=ALU (#65637)
DEBUG Fetch: PC=0x80000218 (#65638)
DEBUG Instr 0xfe5212e3: BNE x4, x5, 0xffffffe4
DEBUG Src0 Reg: x4={0x2}
DEBUG Src1 Reg: x5={0x2}
TRACE        160: pipeline-fetch: PC=0x80000218, wb=0, ex=ALU (#65638)
TRACE        161: pipeline-memory: PC=0x80000210, wb=1, rd=x4, ex=ALU (#65636)
TRACE        161: pipeline-execute: PC=0x80000214, wb=1, rd=x5, ex=ALU (#65637)
TRACE        161: pipeline-decode: PC=0x80000218, wb=0, ex=ALU (#65638)
TRACE        161: *** pipeline-fetch stalled!
TRACE        162: pipeline-writeback: PC=0x80000210, wb=1, rd=x4, ex=ALU (#65636)
TRACE        162: pipeline-memory: PC=0x80000214, wb=1, rd=x5, ex=ALU (#65637)
TRACE        162: pipeline-execute: PC=0x80000218, wb=0, ex=ALU (#65638)
TRACE        162: *** pipeline-fetch stalled!
TRACE        163: pipeline-writeback: PC=0x80000214, wb=1, rd=x5, ex=ALU (#65637)
TRACE        163: pipeline-memory: PC=0x80000218, wb=0, ex=ALU (#65638)
TRACE        163: *** pipeline-fetch stalled!
TRACE        164: pipeline-writeback: PC=0x80000218, wb=0, ex=ALU (#65638)
DEBUG Fetch: PC=0x8000021c (#103)
DEBUG Instr 0x600193: ADDI x3, x0, 0x6
DEBUG Src0 Reg: x0={0x0}
DEBUG Dest Reg: x3={0x6}
TRACE        164: pipeline-fetch: PC=0x8000021c, wb=1, rd=x3, ex=ALU (#103)
TRACE        165: pipeline-decode: PC=0x8000021c, wb=1, rd=x3, ex=ALU (#103)
DEBUG Fetch: PC=0x80000220 (#104)
DEBUG Instr 0x213: ADDI x4, x0, 0x0
DEBUG Src0 Reg: x0={0x0}
DEBUG Dest Reg: x4={0x0}
TRACE        165: pipeline-fetch: PC=0x80000220, wb=1, rd=x4, ex=ALU (#104)
TRACE        166: pipeline-execute: PC=0x8000021c, wb=1, rd=x3, ex=ALU (#103)
TRACE        166: pipeline-decode: PC=0x80000220, wb=1, rd=x4, ex=ALU (#104)
DEBUG Fetch: PC=0x80000224 (#105)
DEBUG Instr 0x317: AUIPC x6, 0x0
DEBUG Dest Reg: x6={0x80000224}
TRACE        166: pipeline-fetch: PC=0x80000224, wb=1, rd=x6, ex=ALU (#105)
TRACE        167: pipeline-memory: PC=0x8000021c, wb=1, rd=x3, ex=ALU (#103)
TRACE        167: pipeline-execute: PC=0x80000220, wb=1, rd=x4, ex=ALU (#104)
TRACE        167: pipeline-decode: PC=0x80000224, wb=1, rd=x6, ex=ALU (#105)
DEBUG Fetch: PC=0x80000228 (#106)
DEBUG Instr 0x1830313: ADDI x6, x6, 0x18
DEBUG Src0 Reg: x6={0x80000224}
DEBUG Dest Reg: x6={0x8000023c}
TRACE        167: pipeline-fetch: PC=0x80000228, wb=1, rd=x6, ex=ALU (#106)
TRACE        168: pipeline-writeback: PC=0x8000021c, wb=1, rd=x3, ex=ALU (#103)
TRACE        168: pipeline-memory: PC=0x80000220, wb=1, rd=x4, ex=ALU (#104)
TRACE        168: pipeline-execute: PC=0x80000224, wb=1, rd=x6, ex=ALU (#105)
TRACE        168: pipeline-decode: PC=0x80000228, wb=1, rd=x6, ex=ALU (#106)
DEBUG Fetch: PC=0x8000022c (#107)
DEBUG Instr 0x13: ADDI x0, x0, 0x0
DEBUG Src0 Reg: x0={0x0}
TRACE        168: pipeline-fetch: PC=0x8000022c, wb=0, ex=ALU (#107)
TRACE        169: pipeline-writeback: PC=0x80000220, wb=1, rd=x4, ex=ALU (#104)
TRACE        169: pipeline-memory: PC=0x80000224, wb=1, rd=x6, ex=ALU (#105)
TRACE        169: pipeline-execute: PC=0x80000228, wb=1, rd=x6, ex=ALU (#106)
TRACE        169: pipeline-decode: PC=0x8000022c, wb=0, ex=ALU (#107)
DEBUG Fetch: PC=0x80000230 (#108)
DEBUG Instr 0x13: ADDI x0, x0, 0x0
DEBUG Src0 Reg: x0={0x0}
TRACE        169: pipeline-fetch: PC=0x80000230, wb=0, ex=ALU (#108)
TRACE        170: pipeline-writeback: PC=0x80000224, wb=1, rd=x6, ex=ALU (#105)
TRACE        170: pipeline-memory: PC=0x80000228, wb=1, rd=x6, ex=ALU (#106)
TRACE        170: pipeline-execute: PC=0x8000022c, wb=0, ex=ALU (#107)
TRACE        170: pipeline-decode: PC=0x80000230, wb=0, ex=ALU (#108)
DEBUG Fetch: PC=0x80000234 (#109)
DEBUG Instr 0x306e7: JALR x13, x6, 0x0
DEBUG Src0 Reg: x6={0x8000023c}
DEBUG Dest Reg: x13={0x80000238}
DEBUG *** Next PC=0x8000023c
TRACE        170: pipeline-fetch: PC=0x80000234, wb=1, rd=x13, ex=ALU (#109)
TRACE        171: pipeline-writeback: PC=0x80000228, wb=1, rd=x6, ex=ALU (#106)
TRACE        171: pipeline-memory: PC=0x8000022c, wb=0, ex=ALU (#107)
TRACE        171: pipeline-execute: PC=0x80000230, wb=0, ex=ALU (#108)
TRACE        171: pipeline-decode: PC=0x80000234, wb=1, rd=x13, ex=ALU (#109)
TRACE        171: *** pipeline-fetch stalled!
TRACE        172: pipeline-writeback: PC=0x8000022c, wb=0, ex=ALU (#107)
TRACE        172: pipeline-memory: PC=0x80000230, wb=0, ex=ALU (#108)
TRACE        172: pipeline-execute: PC=0x80000234, wb=1, rd=x13, ex=ALU (#109)
TRACE        172: *** pipeline-fetch stalled!
TRACE        173: pipeline-writeback: PC=0x80000230, wb=0, ex=ALU (#108)
TRACE        173: pipeline-memory: PC=0x80000234, wb=1, rd=x13, ex=ALU (#109)
TRACE        173: *** pipeline-fetch stalled!
TRACE        174: pipeline-writeback: PC=0x80000234, wb=1, rd=x13, ex=ALU (#109)
DEBUG Fetch: PC=0x8000023c (#110)
DEBUG Instr 0x120213: ADDI x4, x4, 0x1
DEBUG Src0 Reg: x4={0x0}
DEBUG Dest Reg: x4={0x1}
TRACE        174: pipeline-fetch: PC=0x8000023c, wb=1, rd=x4, ex=ALU (#110)
TRACE        175: pipeline-decode: PC=0x8000023c, wb=1, rd=x4, ex=ALU (#110)
DEBUG Fetch: PC=0x80000240 (#111)
DEBUG Instr 0x200293: ADDI x5, x0, 0x2
DEBUG Src0 Reg: x0={0x0}
DEBUG Dest Reg: x5={0x2}
TRACE        175: pipeline-fetch: PC=0x80000240, wb=1, rd=x5, ex=ALU (#111)
TRACE        176: pipeline-execute: PC=0x8000023c, wb=1, rd=x4, ex=ALU (#110)
TRACE        176: pipeline-decode: PC=0x80000240, wb=1, rd=x5, ex=ALU (#111)
DEBUG Fetch: PC=0x80000244 (#112)
DEBUG Instr 0xfe5210e3: BNE x4, x5, 0xffffffe0
DEBUG Src0 Reg: x4={0x1}
DEBUG Src1 Reg: x5={0x2}
DEBUG *** Next PC=0x80000224
TRACE        176: pipeline-fetch: PC=0x80000244, wb=0, ex=ALU (#112)
TRACE        177: pipeline-memory: PC=0x8000023c, wb=1, rd=x4, ex=ALU (#110)
TRACE        177: pipeline-execute: PC=0x80000240, wb=1, rd=x5, ex=ALU (#111)
TRACE        177: pipeline-decode: PC=0x80000244, wb=0, ex=ALU (#112)
TRACE        177: *** pipeline-fetch stalled!
TRACE        178: pipeline-writeback: PC=0x8000023c, wb=1, rd=x4, ex=ALU (#110)
TRACE        178: pipeline-memory: PC=0x80000240, wb=1, rd=x5, ex=ALU (#111)
TRACE        178: pipeline-execute: PC=0x80000244, wb=0, ex=ALU (#112)
TRACE        178: *** pipeline-fetch stalled!
TRACE        179: pipeline-writeback: PC=0x80000240, wb=1, rd=x5, ex=ALU (#111)
TRACE        179: pipeline-memory: PC=0x80000244, wb=0, ex=ALU (#112)
TRACE        179: *** pipeline-fetch stalled!
TRACE        180: pipeline-writeback: PC=0x80000244, wb=0, ex=ALU (#112)
DEBUG Fetch: PC=0x80000224 (#65641)
DEBUG Instr 0x317: AUIPC x6, 0x0
DEBUG Dest Reg: x6={0x80000224}
TRACE        180: pipeline-fetch: PC=0x80000224, wb=1, rd=x6, ex=ALU (#65641)
TRACE        181: pipeline-decode: PC=0x80000224, wb=1, rd=x6, ex=ALU (#65641)
DEBUG Fetch: PC=0x80000228 (#65642)
DEBUG Instr 0x1830313: ADDI x6, x6, 0x18
DEBUG Src0 Reg: x6={0x80000224}
DEBUG Dest Reg: x6={0x8000023c}
TRACE        181: pipeline-fetch: PC=0x80000228, wb=1, rd=x6, ex=ALU (#65642)
TRACE        182: pipeline-execute: PC=0x80000224, wb=1, rd=x6, ex=ALU (#65641)
TRACE        182: pipeline-decode: PC=0x80000228, wb=1, rd=x6, ex=ALU (#65642)
DEBUG Fetch: PC=0x8000022c (#65643)
DEBUG Instr 0x13: ADDI x0, x0, 0x0
DEBUG Src0 Reg: x0={0x0}
TRACE        182: pipeline-fetch: PC=0x8000022c, wb=0, ex=ALU (#65643)
TRACE        183: pipeline-memory: PC=0x80000224, wb=1, rd=x6, ex=ALU (#65641)
TRACE        183: pipeline-execute: PC=0x80000228, wb=1, rd=x6, ex=ALU (#65642)
TRACE        183: pipeline-decode: PC=0x8000022c, wb=0, ex=ALU (#65643)
DEBUG Fetch: PC=0x80000230 (#65644)
DEBUG Instr 0x13: ADDI x0, x0, 0x0
DEBUG Src0 Reg: x0={0x0}
TRACE        183: pipeline-fetch: PC=0x80000230, wb=0, ex=ALU (#65644)
TRACE        184: pipeline-writeback: PC=0x80000224, wb=1, rd=x6, ex=ALU (#65641)
TRACE        184: pipeline-memory: PC=0x80000228, wb=1, rd=x6, ex=ALU (#65642)
TRACE        184: pipeline-execute: PC=0x8000022c, wb=0, ex=ALU (#65643)
TRACE        184: pipeline-decode: PC=0x80000230, wb=0, ex=ALU (#65644)
DEBUG Fetch: PC=0x80000234 (#65645)
DEBUG Instr 0x306e7: JALR x13, x6, 0x0
DEBUG Src0 Reg: x6={0x8000023c}
DEBUG Dest Reg: x13={0x80000238}
DEBUG *** Next PC=0x8000023c
TRACE        184: pipeline-fetch: PC=0x80000234, wb=1, rd=x13, ex=ALU (#65645)
TRACE        185: pipeline-writeback: PC=0x80000228, wb=1, rd=x6, ex=ALU (#65642)
TRACE        185: pipeline-memory: PC=0x8000022c, wb=0, ex=ALU (#65643)
TRACE        185: pipeline-execute: PC=0x80000230, wb=0, ex=ALU (#65644)
TRACE        185: pipeline-decode: PC=0x80000234, wb=1, rd=x13, ex=ALU (#65645)
TRACE        185: *** pipeline-fetch stalled!
TRACE        186: pipeline-writeback: PC=0x8000022c, wb=0, ex=ALU (#65643)
TRACE        186: pipeline-memory: PC=0x80000230, wb=0, ex=ALU (#65644)
TRACE        186: pipeline-execute: PC=0x80000234, wb=1, rd=x13, ex=ALU (#65645)
TRACE        186: *** pipeline-fetch stalled!
TRACE        187: pipeline-writeback: PC=0x80000230, wb=0, ex=ALU (#65644)
TRACE        187: pipeline-memory: PC=0x80000234, wb=1, rd=x13, ex=ALU (#65645)
TRACE        187: *** pipeline-fetch stalled!
TRACE        188: pipeline-writeback: PC=0x80000234, wb=1, rd=x13, ex=ALU (#65645)
DEBUG Fetch: PC=0x8000023c (#65646)
DEBUG Instr 0x120213: ADDI x4, x4, 0x1
DEBUG Src0 Reg: x4={0x1}
DEBUG Dest Reg: x4={0x2}
TRACE        188: pipeline-fetch: PC=0x8000023c, wb=1, rd=x4, ex=ALU (#65646)
TRACE        189: pipeline-decode: PC=0x8000023c, wb=1, rd=x4, ex=ALU (#65646)
DEBUG Fetch: PC=0x80000240 (#65647)
DEBUG Instr 0x200293: ADDI x5, x0, 0x2
DEBUG Src0 Reg: x0={0x0}
DEBUG Dest Reg: x5={0x2}
TRACE        189: pipeline-fetch: PC=0x80000240, wb=1, rd=x5, ex=ALU (#65647)
TRACE        190: pipeline-execute: PC=0x8000023c, wb=1, rd=x4, ex=ALU (#65646)
TRACE        190: pipeline-decode: PC=0x80000240, wb=1, rd=x5, ex=ALU (#65647)
DEBUG Fetch: PC=0x80000244 (#65648)
DEBUG Instr 0xfe5210e3: BNE x4, x5, 0xffffffe0
DEBUG Src0 Reg: x4={0x2}
DEBUG Src1 Reg: x5={0x2}
TRACE        190: pipeline-fetch: PC=0x80000244, wb=0, ex=ALU (#65648)
TRACE        191: pipeline-memory: PC=0x8000023c, wb=1, rd=x4, ex=ALU (#65646)
TRACE        191: pipeline-execute: PC=0x80000240, wb=1, rd=x5, ex=ALU (#65647)
TRACE        191: pipeline-decode: PC=0x80000244, wb=0, ex=ALU (#65648)
TRACE        191: *** pipeline-fetch stalled!
TRACE        192: pipeline-writeback: PC=0x8000023c, wb=1, rd=x4, ex=ALU (#65646)
TRACE        192: pipeline-memory: PC=0x80000240, wb=1, rd=x5, ex=ALU (#65647)
TRACE        192: pipeline-execute: PC=0x80000244, wb=0, ex=ALU (#65648)
TRACE        192: *** pipeline-fetch stalled!
TRACE        193: pipeline-writeback: PC=0x80000240, wb=1, rd=x5, ex=ALU (#65647)
TRACE        193: pipeline-memory: PC=0x80000244, wb=0, ex=ALU (#65648)
TRACE        193: *** pipeline-fetch stalled!
TRACE        194: pipeline-writeback: PC=0x80000244, wb=0, ex=ALU (#65648)
DEBUG Fetch: PC=0x80000248 (#113)
DEBUG Instr 0x700193: ADDI x3, x0, 0x7
DEBUG Src0 Reg: x0={0x0}
DEBUG Dest Reg: x3={0x7}
TRACE        194: pipeline-fetch: PC=0x80000248, wb=1, rd=x3, ex=ALU (#113)
TRACE        195: pipeline-decode: PC=0x80000248, wb=1, rd=x3, ex=ALU (#113)
DEBUG Fetch: PC=0x8000024c (#114)
DEBUG Instr 0x100293: ADDI x5, x0, 0x1
DEBUG Src0 Reg: x0={0x0}
DEBUG Dest Reg: x5={0x1}
TRACE        195: pipeline-fetch: PC=0x8000024c, wb=1, rd=x5, ex=ALU (#114)
TRACE        196: pipeline-execute: PC=0x80000248, wb=1, rd=x3, ex=ALU (#113)
TRACE        196: pipeline-decode: PC=0x8000024c, wb=1, rd=x5, ex=ALU (#114)
DEBUG Fetch: PC=0x80000250 (#115)
DEBUG Instr 0x317: AUIPC x6, 0x0
DEBUG Dest Reg: x6={0x80000250}
TRACE        196: pipeline-fetch: PC=0x80000250, wb=1, rd=x6, ex=ALU (#115)
TRACE        197: pipeline-memory: PC=0x80000248, wb=1, rd=x3, ex=ALU (#113)
TRACE        197: pipeline-execute: PC=0x8000024c, wb=1, rd=x5, ex=ALU (#114)
TRACE        197: pipeline-decode: PC=0x80000250, wb=1, rd=x6, ex=ALU (#115)
DEBUG Fetch: PC=0x80000254 (#116)
DEBUG Instr 0x1c30313: ADDI x6, x6, 0x1c
DEBUG Src0 Reg: x6={0x80000250}
DEBUG Dest Reg: x6={0x8000026c}
TRACE        197: pipeline-fetch: PC=0x80000254, wb=1, rd=x6, ex=ALU (#116)
TRACE        198: pipeline-writeback: PC=0x80000248, wb=1, rd=x3, ex=ALU (#113)
TRACE        198: pipeline-memory: PC=0x8000024c, wb=1, rd=x5, ex=ALU (#114)
TRACE        198: pipeline-execute: PC=0x80000250, wb=1, rd=x6, ex=ALU (#115)
TRACE        198: pipeline-decode: PC=0x80000254, wb=1, rd=x6, ex=ALU (#116)
DEBUG Fetch: PC=0x80000258 (#117)
DEBUG Instr 0xffc30067: JALR x0, x6, 0xfffffffc
DEBUG Src0 Reg: x6={0x8000026c}
DEBUG *** Next PC=0x80000268
TRACE        198: pipeline-fetch: PC=0x80000258, wb=0, ex=ALU (#117)
TRACE        199: pipeline-writeback: PC=0x8000024c, wb=1, rd=x5, ex=ALU (#114)
TRACE        199: pipeline-memory: PC=0x80000250, wb=1, rd=x6, ex=ALU (#115)
TRACE        199: pipeline-execute: PC=0x80000254, wb=1, rd=x6, ex=ALU (#116)
TRACE        199: pipeline-decode: PC=0x80000258, wb=0, ex=ALU (#117)
TRACE        199: *** pipeline-fetch stalled!
TRACE        200: pipeline-writeback: PC=0x80000250, wb=1, rd=x6, ex=ALU (#115)
TRACE        200: pipeline-memory: PC=0x80000254, wb=1, rd=x6, ex=ALU (#116)
TRACE        200: pipeline-execute: PC=0x80000258, wb=0, ex=ALU (#117)
TRACE        200: *** pipeline-fetch stalled!
TRACE        201: pipeline-writeback: PC=0x80000254, wb=1, rd=x6, ex=ALU (#116)
TRACE        201: pipeline-memory: PC=0x80000258, wb=0, ex=ALU (#117)
TRACE        201: *** pipeline-fetch stalled!
TRACE        202: pipeline-writeback: PC=0x80000258, wb=0, ex=ALU (#117)
DEBUG Fetch: PC=0x80000268 (#118)
DEBUG Instr 0x128293: ADDI x5, x5, 0x1
DEBUG Src0 Reg: x5={0x1}
DEBUG Dest Reg: x5={0x2}
TRACE        202: pipeline-fetch: PC=0x80000268, wb=1, rd=x5, ex=ALU (#118)
TRACE        203: pipeline-decode: PC=0x80000268, wb=1, rd=x5, ex=ALU (#118)
DEBUG Fetch: PC=0x8000026c (#119)
DEBUG Instr 0x128293: ADDI x5, x5, 0x1
DEBUG Src0 Reg: x5={0x2}
DEBUG Dest Reg: x5={0x3}
TRACE        203: pipeline-fetch: PC=0x8000026c, wb=1, rd=x5, ex=ALU (#119)
TRACE        204: pipeline-execute: PC=0x80000268, wb=1, rd=x5, ex=ALU (#118)
TRACE        204: pipeline-decode: PC=0x8000026c, wb=1, rd=x5, ex=ALU (#119)
DEBUG Fetch: PC=0x80000270 (#120)
DEBUG Instr 0x128293: ADDI x5, x5, 0x1
DEBUG Src0 Reg: x5={0x3}
DEBUG Dest Reg: x5={0x4}
TRACE        204: pipeline-fetch: PC=0x80000270, wb=1, rd=x5, ex=ALU (#120)
TRACE        205: pipeline-memory: PC=0x80000268, wb=1, rd=x5, ex=ALU (#118)
TRACE        205: pipeline-execute: PC=0x8000026c, wb=1, rd=x5, ex=ALU (#119)
TRACE        205: pipeline-decode: PC=0x80000270, wb=1, rd=x5, ex=ALU (#120)
DEBUG Fetch: PC=0x80000274 (#121)
DEBUG Instr 0x400393: ADDI x7, x0, 0x4
DEBUG Src0 Reg: x0={0x0}
DEBUG Dest Reg: x7={0x4}
TRACE        205: pipeline-fetch: PC=0x80000274, wb=1, rd=x7, ex=ALU (#121)
TRACE        206: pipeline-writeback: PC=0x80000268, wb=1, rd=x5, ex=ALU (#118)
TRACE        206: pipeline-memory: PC=0x8000026c, wb=1, rd=x5, ex=ALU (#119)
TRACE        206: pipeline-execute: PC=0x80000270, wb=1, rd=x5, ex=ALU (#120)
TRACE        206: pipeline-decode: PC=0x80000274, wb=1, rd=x7, ex=ALU (#121)
DEBUG Fetch: PC=0x80000278 (#122)
DEBUG Instr 0x729463: BNE x5, x7, 0x8
DEBUG Src0 Reg: x5={0x4}
DEBUG Src1 Reg: x7={0x4}
TRACE        206: pipeline-fetch: PC=0x80000278, wb=0, ex=ALU (#122)
TRACE        207: pipeline-writeback: PC=0x8000026c, wb=1, rd=x5, ex=ALU (#119)
TRACE        207: pipeline-memory: PC=0x80000270, wb=1, rd=x5, ex=ALU (#120)
TRACE        207: pipeline-execute: PC=0x80000274, wb=1, rd=x7, ex=ALU (#121)
TRACE        207: pipeline-decode: PC=0x80000278, wb=0, ex=ALU (#122)
TRACE        207: *** pipeline-fetch stalled!
TRACE        208: pipeline-writeback: PC=0x80000270, wb=1, rd=x5, ex=ALU (#120)
TRACE        208: pipeline-memory: PC=0x80000274, wb=1, rd=x7, ex=ALU (#121)
TRACE        208: pipeline-execute: PC=0x80000278, wb=0, ex=ALU (#122)
TRACE        208: *** pipeline-fetch stalled!
TRACE        209: pipeline-writeback: PC=0x80000274, wb=1, rd=x7, ex=ALU (#121)
TRACE        209: pipeline-memory: PC=0x80000278, wb=0, ex=ALU (#122)
TRACE        209: *** pipeline-fetch stalled!
TRACE        210: pipeline-writeback: PC=0x80000278, wb=0, ex=ALU (#122)
DEBUG Fetch: PC=0x8000027c (#123)
DEBUG Instr 0x2301063: BNE x0, x3, 0x20
DEBUG Src0 Reg: x0={0x0}
DEBUG Src1 Reg: x3={0x7}
DEBUG *** Next PC=0x8000029c
TRACE        210: pipeline-fetch: PC=0x8000027c, wb=0, ex=ALU (#123)
TRACE        211: pipeline-decode: PC=0x8000027c, wb=0, ex=ALU (#123)
TRACE        211: *** pipeline-fetch stalled!
TRACE        212: pipeline-execute: PC=0x8000027c, wb=0, ex=ALU (#123)
TRACE        212: *** pipeline-fetch stalled!
TRACE        213: pipeline-memory: PC=0x8000027c, wb=0, ex=ALU (#123)
TRACE        213: *** pipeline-fetch stalled!
TRACE        214: pipeline-writeback: PC=0x8000027c, wb=0, ex=ALU (#123)
DEBUG Fetch: PC=0x8000029c (#124)
DEBUG Instr 0xff0000f: FENCE 0xff
TRACE        214: pipeline-fetch: PC=0x8000029c, wb=0, ex=LSU (#124)
TRACE        215: pipeline-decode: PC=0x8000029c, wb=0, ex=LSU (#124)
DEBUG Fetch: PC=0x800002a0 (#125)
DEBUG Instr 0x100193: ADDI x3, x0, 0x1
DEBUG Src0 Reg: x0={0x0}
DEBUG Dest Reg: x3={0x1}
TRACE        215: pipeline-fetch: PC=0x800002a0, wb=1, rd=x3, ex=ALU (#125)
TRACE        216: pipeline-execute: PC=0x8000029c, wb=0, ex=LSU (#124)
TRACE        216: pipeline-decode: PC=0x800002a0, wb=1, rd=x3, ex=ALU (#125)
DEBUG Fetch: PC=0x800002a4 (#126)
DEBUG Instr 0x5d00893: ADDI x17, x0, 0x5d
DEBUG Src0 Reg: x0={0x0}
DEBUG Dest Reg: x17={0x5d}
TRACE        216: pipeline-fetch: PC=0x800002a4, wb=1, rd=x17, ex=ALU (#126)
TRACE        217: pipeline-memory: PC=0x8000029c, wb=0, ex=LSU (#124)
TRACE        217: pipeline-execute: PC=0x800002a0, wb=1, rd=x3, ex=ALU (#125)
TRACE        217: pipeline-decode: PC=0x800002a4, wb=1, rd=x17, ex=ALU (#126)
DEBUG Fetch: PC=0x800002a8 (#127)
DEBUG Instr 0x513: ADDI x10, x0, 0x0
DEBUG Src0 Reg: x0={0x0}
DEBUG Dest Reg: x10={0x0}
TRACE        217: pipeline-fetch: PC=0x800002a8, wb=1, rd=x10, ex=ALU (#127)
TRACE        218: pipeline-writeback: PC=0x8000029c, wb=0, ex=LSU (#124)
TRACE        218: pipeline-memory: PC=0x800002a0, wb=1, rd=x3, ex=ALU (#125)
TRACE        218: pipeline-execute: PC=0x800002a4, wb=1, rd=x17, ex=ALU (#126)
TRACE        218: pipeline-decode: PC=0x800002a8, wb=1, rd=x10, ex=ALU (#127)
DEBUG Fetch: PC=0x800002ac (#128)
DEBUG Instr 0x73: ECALL 0x0
TRACE        218: pipeline-fetch: PC=0x800002ac, wb=0, ex=ALU (#128)
PASSED!
