Running rv32ui-p-jalr.hex..
DEBUG Fetch: PC=0x80000000 (#0)
DEBUG Instr 0x500006f: JAL x0, 0x50
DEBUG Fetch: PC=0x80000050 (#1)
DEBUG Instr 0x93: ADDI x1, x0, 0x0
DEBUG Src0 Reg: x0={0x0}
DEBUG Dest Reg: x1={0x0}
DEBUG Fetch: PC=0x80000054 (#2)
DEBUG Instr 0x113: ADDI x2, x0, 0x0
DEBUG Src0 Reg: x0={0x0}
DEBUG Dest Reg: x2={0x0}
DEBUG Fetch: PC=0x80000058 (#3)
DEBUG Instr 0x193: ADDI x3, x0, 0x0
DEBUG Src0 Reg: x0={0x0}
DEBUG Dest Reg: x3={0x0}
DEBUG Fetch: PC=0x8000005c (#4)
DEBUG Instr 0x213: ADDI x4, x0, 0x0
DEBUG Src0 Reg: x0={0x0}
DEBUG Dest Reg: x4={0x0}
DEBUG Fetch: PC=0x80000060 (#5)
DEBUG Instr 0x293: ADDI x5, x0, 0x0
DEBUG Src0 Reg: x0={0x0}
DEBUG Dest Reg: x5={0x0}
DEBUG Fetch: PC=0x80000064 (#6)
DEBUG Instr 0x313: ADDI x6, x0, 0x0
DEBUG Src0 Reg: x0={0x0}
DEBUG Dest Reg: x6={0x0}
DEBUG Fetch: PC=0x80000068 (#7)
DEBUG Instr 0x393: ADDI x7, x0, 0x0
DEBUG Src0 Reg: x0={0x0}
DEBUG Dest Reg: x7={0x0}
DEBUG Fetch: PC=0x8000006c (#8)
DEBUG Instr 0x413: ADDI x8, x0, 0x0
DEBUG Src0 Reg: x0={0x0}
DEBUG Dest Reg: x8={0x0}
DEBUG Fetch: PC=0x80000070 (#9)
DEBUG Instr 0x493: ADDI x9, x0, 0x0
DEBUG Src0 Reg: x0={0x0}
DEBUG Dest Reg: x9={0x0}
DEBUG Fetch: PC=0x80000074 (#10)
DEBUG Instr 0x513: ADDI x10, x0, 0x0
DEBUG Src0 Reg: x0={0x0}
DEBUG Dest Reg: x10={0x0}
DEBUG Fetch: PC=0x80000078 (#11)
DEBUG Instr 0x593: ADDI x11, x0, 0x0
DEBUG Src0 Reg: x0={0x0}
DEBUG Dest Reg: x11={0x0}
DEBUG Fetch: PC=0x8000007c (#12)
DEBUG Instr 0x613: ADDI x12, x0, 0x0
DEBUG Src0 Reg: x0={0x0}
DEBUG Dest Reg: x12={0x0}
DEBUG Fetch: PC=0x80000080 (#13)
DEBUG Instr 0x693: ADDI x13, x0, 0x0
DEBUG Src0 Reg: x0={0x0}
DEBUG Dest Reg: x13={0x0}
DEBUG Fetch: PC=0x80000084 (#14)
DEBUG Instr 0x713: ADDI x14, x0, 0x0
DEBUG Src0 Reg: x0={0x0}
DEBUG Dest Reg: x14={0x0}
DEBUG Fetch: PC=0x80000088 (#15)
DEBUG Instr 0x793: ADDI x15, x0, 0x0
DEBUG Src0 Reg: x0={0x0}
DEBUG Dest Reg: x15={0x0}
DEBUG Fetch: PC=0x8000008c (#16)
DEBUG Instr 0x813: ADDI x16, x0, 0x0
DEBUG Src0 Reg: x0={0x0}
DEBUG Dest Reg: x16={0x0}
DEBUG Fetch: PC=0x80000090 (#17)
DEBUG Instr 0x893: ADDI x17, x0, 0x0
DEBUG Src0 Reg: x0={0x0}
DEBUG Dest Reg: x17={0x0}
DEBUG Fetch: PC=0x80000094 (#18)
DEBUG Instr 0x913: ADDI x18, x0, 0x0
DEBUG Src0 Reg: x0={0x0}
DEBUG Dest Reg: x18={0x0}
DEBUG Fetch: PC=0x80000098 (#19)
DEBUG Instr 0x993: ADDI x19, x0, 0x0
DEBUG Src0 Reg: x0={0x0}
DEBUG Dest Reg: x19={0x0}
DEBUG Fetch: PC=0x8000009c (#20)
DEBUG Instr 0xa13: ADDI x20, x0, 0x0
DEBUG Src0 Reg: x0={0x0}
DEBUG Dest Reg: x20={0x0}
DEBUG Fetch: PC=0x800000a0 (#21)
DEBUG Instr 0xa93: ADDI x21, x0, 0x0
DEBUG Src0 Reg: x0={0x0}
DEBUG Dest Reg: x21={0x0}
DEBUG Fetch: PC=0x800000a4 (#22)
DEBUG Instr 0xb13: ADDI x22, x0, 0x0
DEBUG Src0 Reg: x0={0x0}
DEBUG Dest Reg: x22={0x0}
DEBUG Fetch: PC=0x800000a8 (#23)
DEBUG Instr 0xb93: ADDI x23, x0, 0x0
DEBUG Src0 Reg: x0={0x0}
DEBUG Dest Reg: x23={0x0}
DEBUG Fetch: PC=0x800000ac (#24)
DEBUG Instr 0xc13: ADDI x24, x0, 0x0
DEBUG Src0 Reg: x0={0x0}
DEBUG Dest Reg: x24={0x0}
DEBUG Fetch: PC=0x800000b0 (#25)
DEBUG Instr 0xc93: ADDI x25, x0, 0x0
DEBUG Src0 Reg: x0={0x0}
DEBUG Dest Reg: x25={0x0}
DEBUG Fetch: PC=0x800000b4 (#26)
DEBUG Instr 0xd13: ADDI x26, x0, 0x0
DEBUG Src0 Reg: x0={0x0}
DEBUG Dest Reg: x26={0x0}
DEBUG Fetch: PC=0x800000b8 (#27)
DEBUG Instr 0xd93: ADDI x27, x0, 0x0
DEBUG Src0 Reg: x0={0x0}
DEBUG Dest Reg: x27={0x0}
DEBUG Fetch: PC=0x800000bc (#28)
DEBUG Instr 0xe13: ADDI x28, x0, 0x0
DEBUG Src0 Reg: x0={0x0}
DEBUG Dest Reg: x28={0x0}
DEBUG Fetch: PC=0x800000c0 (#29)
DEBUG Instr 0xe93: ADDI x29, x0, 0x0
DEBUG Src0 Reg: x0={0x0}
DEBUG Dest Reg: x29={0x0}
DEBUG Fetch: PC=0x800000c4 (#30)
DEBUG Instr 0xf13: ADDI x30, x0, 0x0
DEBUG Src0 Reg: x0={0x0}
DEBUG Dest Reg: x30={0x0}
DEBUG Fetch: PC=0x800000c8 (#31)
DEBUG Instr 0xf93: ADDI x31, x0, 0x0
DEBUG Src0 Reg: x0={0x0}
DEBUG Dest Reg: x31={0x0}
DEBUG Fetch: PC=0x800000cc (#32)
DEBUG Instr 0xf1402573: CSRRS x10, x0, 0xf14
DEBUG Src0 Reg: x0={0x0}
DEBUG Dest Reg: x10={0x0}
DEBUG Fetch: PC=0x800000d0 (#33)
DEBUG Instr 0x51063: BNE x10, x0, 0x0
DEBUG Src0 Reg: x10={0x0}
DEBUG Src1 Reg: x0={0x0}
DEBUG Fetch: PC=0x800000d4 (#34)
DEBUG Instr 0x297: AUIPC x5, 0x0
DEBUG Dest Reg: x5={0x800000d4}
DEBUG Fetch: PC=0x800000d8 (#35)
DEBUG Instr 0x1028293: ADDI x5, x5, 0x10
DEBUG Src0 Reg: x5={0x800000d4}
DEBUG Dest Reg: x5={0x800000e4}
DEBUG Fetch: PC=0x800000dc (#36)
DEBUG Instr 0x30529073: CSRRW x0, x5, 0x305
DEBUG Src0 Reg: x5={0x800000e4}
DEBUG Fetch: PC=0x800000e0 (#37)
DEBUG Instr 0x74445073: CSRRWI x0, 0x744, 0x8
DEBUG Fetch: PC=0x800000e4 (#38)
DEBUG Instr 0x297: AUIPC x5, 0x0
DEBUG Dest Reg: x5={0x800000e4}
DEBUG Fetch: PC=0x800000e8 (#39)
DEBUG Instr 0x1028293: ADDI x5, x5, 0x10
DEBUG Src0 Reg: x5={0x800000e4}
DEBUG Dest Reg: x5={0x800000f4}
DEBUG Fetch: PC=0x800000ec (#40)
DEBUG Instr 0x30529073: CSRRW x0, x5, 0x305
DEBUG Src0 Reg: x5={0x800000f4}
DEBUG Fetch: PC=0x800000f0 (#41)
DEBUG Instr 0x18005073: CSRRWI x0, 0x180, 0x0
DEBUG Fetch: PC=0x800000f4 (#42)
DEBUG Instr 0x297: AUIPC x5, 0x0
DEBUG Dest Reg: x5={0x800000f4}
DEBUG Fetch: PC=0x800000f8 (#43)
DEBUG Instr 0x2028293: ADDI x5, x5, 0x20
DEBUG Src0 Reg: x5={0x800000f4}
DEBUG Dest Reg: x5={0x80000114}
DEBUG Fetch: PC=0x800000fc (#44)
DEBUG Instr 0x30529073: CSRRW x0, x5, 0x305
DEBUG Src0 Reg: x5={0x80000114}
DEBUG Fetch: PC=0x80000100 (#45)
DEBUG Instr 0x800002b7: LUI x5, 0xfff80000
DEBUG Dest Reg: x5={0x80000000}
DEBUG Fetch: PC=0x80000104 (#46)
DEBUG Instr 0xfff28293: ADDI x5, x5, 0xffffffff
DEBUG Src0 Reg: x5={0x80000000}
DEBUG Dest Reg: x5={0x7fffffff}
DEBUG Fetch: PC=0x80000108 (#47)
DEBUG Instr 0x3b029073: CSRRW x0, x5, 0x3b0
DEBUG Src0 Reg: x5={0x7fffffff}
DEBUG Fetch: PC=0x8000010c (#48)
DEBUG Instr 0x1f00293: ADDI x5, x0, 0x1f
DEBUG Src0 Reg: x0={0x0}
DEBUG Dest Reg: x5={0x1f}
DEBUG Fetch: PC=0x80000110 (#49)
DEBUG Instr 0x3a029073: CSRRW x0, x5, 0x3a0
DEBUG Src0 Reg: x5={0x1f}
DEBUG Fetch: PC=0x80000114 (#50)
DEBUG Instr 0x30405073: CSRRWI x0, 0x304, 0x0
DEBUG Fetch: PC=0x80000118 (#51)
DEBUG Instr 0x297: AUIPC x5, 0x0
DEBUG Dest Reg: x5={0x80000118}
DEBUG Fetch: PC=0x8000011c (#52)
DEBUG Instr 0x1428293: ADDI x5, x5, 0x14
DEBUG Src0 Reg: x5={0x80000118}
DEBUG Dest Reg: x5={0x8000012c}
DEBUG Fetch: PC=0x80000120 (#53)
DEBUG Instr 0x30529073: CSRRW x0, x5, 0x305
DEBUG Src0 Reg: x5={0x8000012c}
DEBUG Fetch: PC=0x80000124 (#54)
DEBUG Instr 0x30205073: CSRRWI x0, 0x302, 0x0
DEBUG Fetch: PC=0x80000128 (#55)
DEBUG Instr 0x30305073: CSRRWI x0, 0x303, 0x0
DEBUG Fetch: PC=0x8000012c (#56)
DEBUG Instr 0x193: ADDI x3, x0, 0x0
DEBUG Src0 Reg: x0={0x0}
DEBUG Dest Reg: x3={0x0}
DEBUG Fetch: PC=0x80000130 (#57)
DEBUG Instr 0x297: AUIPC x5, 0x0
DEBUG Dest Reg: x5={0x80000130}
DEBUG Fetch: PC=0x80000134 (#58)
DEBUG Instr 0xed428293: ADDI x5, x5, 0xfffffed4
DEBUG Src0 Reg: x5={0x80000130}
DEBUG Dest Reg: x5={0x80000004}
DEBUG Fetch: PC=0x80000138 (#59)
DEBUG Instr 0x30529073: CSRRW x0, x5, 0x305
DEBUG Src0 Reg: x5={0x80000004}
DEBUG Fetch: PC=0x8000013c (#60)
DEBUG Instr 0x100513: ADDI x10, x0, 0x1
DEBUG Src0 Reg: x0={0x0}
DEBUG Dest Reg: x10={0x1}
DEBUG Fetch: PC=0x80000140 (#61)
DEBUG Instr 0x1f51513: SLLI x10, x10, 0x1f
DEBUG Src0 Reg: x10={0x1}
DEBUG Dest Reg: x10={0x80000000}
DEBUG Fetch: PC=0x80000144 (#62)
DEBUG Instr 0x54c63: BLT x10, x0, 0x18
DEBUG Src0 Reg: x10={0x80000000}
DEBUG Src1 Reg: x0={0x0}
DEBUG Fetch: PC=0x8000015c (#63)
DEBUG Instr 0x293: ADDI x5, x0, 0x0
DEBUG Src0 Reg: x0={0x0}
DEBUG Dest Reg: x5={0x0}
DEBUG Fetch: PC=0x80000160 (#64)
DEBUG Instr 0x28a63: BEQ x5, x0, 0x14
DEBUG Src0 Reg: x5={0x0}
DEBUG Src1 Reg: x0={0x0}
DEBUG Fetch: PC=0x80000174 (#65)
DEBUG Instr 0x30005073: CSRRWI x0, 0x300, 0x0
DEBUG Fetch: PC=0x80000178 (#66)
DEBUG Instr 0x297: AUIPC x5, 0x0
DEBUG Dest Reg: x5={0x80000178}
DEBUG Fetch: PC=0x8000017c (#67)
DEBUG Instr 0x1428293: ADDI x5, x5, 0x14
DEBUG Src0 Reg: x5={0x80000178}
DEBUG Dest Reg: x5={0x8000018c}
DEBUG Fetch: PC=0x80000180 (#68)
DEBUG Instr 0x34129073: CSRRW x0, x5, 0x341
DEBUG Src0 Reg: x5={0x8000018c}
DEBUG Fetch: PC=0x80000184 (#69)
DEBUG Instr 0xf1402573: CSRRS x10, x0, 0xf14
DEBUG Src0 Reg: x0={0x0}
DEBUG Dest Reg: x10={0x0}
DEBUG Fetch: PC=0x80000188 (#70)
DEBUG Instr 0x30200073: MRET 0x302
DEBUG Fetch: PC=0x8000018c (#71)
DEBUG Instr 0x200193: ADDI x3, x0, 0x2
DEBUG Src0 Reg: x0={0x0}
DEBUG Dest Reg: x3={0x2}
DEBUG Fetch: PC=0x80000190 (#72)
DEBUG Instr 0x293: ADDI x5, x0, 0x0
DEBUG Src0 Reg: x0={0x0}
DEBUG Dest Reg: x5={0x0}
DEBUG Fetch: PC=0x80000194 (#73)
DEBUG Instr 0x317: AUIPC x6, 0x0
DEBUG Dest Reg: x6={0x80000194}
DEBUG Fetch: PC=0x80000198 (#74)
DEBUG Instr 0x1030313: ADDI x6, x6, 0x10
DEBUG Src0 Reg: x6={0x80000194}
DEBUG Dest Reg: x6={0x800001a4}
DEBUG Fetch: PC=0x8000019c (#75)
DEBUG Instr 0x302e7: JALR x5, x6, 0x0
DEBUG Src0 Reg: x6={0x800001a4}
DEBUG Dest Reg: x5={0x800001a0}
DEBUG Fetch: PC=0x800001a4 (#76)
DEBUG Instr 0x317: AUIPC x6, 0x0
DEBUG Dest Reg: x6={0x800001a4}
DEBUG Fetch: PC=0x800001a8 (#77)
DEBUG Instr 0xffc30313: ADDI x6, x6, 0xfffffffc
DEBUG Src0 Reg: x6={0x800001a4}
DEBUG Dest Reg: x6={0x800001a0}
DEBUG Fetch: PC=0x800001ac (#78)
DEBUG Instr 0xc629a63: BNE x5, x6, 0xd4
DEBUG Src0 Reg: x5={0x800001a0}
DEBUG Src1 Reg: x6={0x800001a0}
DEBUG Fetch: PC=0x800001b0 (#79)
DEBUG Instr 0x300193: ADDI x3, x0, 0x3
DEBUG Src0 Reg: x0={0x0}
DEBUG Dest Reg: x3={0x3}
DEBUG Fetch: PC=0x800001b4 (#80)
DEBUG Instr 0x297: AUIPC x5, 0x0
DEBUG Dest Reg: x5={0x800001b4}
DEBUG Fetch: PC=0x800001b8 (#81)
DEBUG Instr 0x1028293: ADDI x5, x5, 0x10
DEBUG Src0 Reg: x5={0x800001b4}
DEBUG Dest Reg: x5={0x800001c4}
DEBUG Fetch: PC=0x800001bc (#82)
DEBUG Instr 0x282e7: JALR x5, x5, 0x0
DEBUG Src0 Reg: x5={0x800001c4}
DEBUG Dest Reg: x5={0x800001c0}
DEBUG Fetch: PC=0x800001c4 (#83)
DEBUG Instr 0x317: AUIPC x6, 0x0
DEBUG Dest Reg: x6={0x800001c4}
DEBUG Fetch: PC=0x800001c8 (#84)
DEBUG Instr 0xffc30313: ADDI x6, x6, 0xfffffffc
DEBUG Src0 Reg: x6={0x800001c4}
DEBUG Dest Reg: x6={0x800001c0}
DEBUG Fetch: PC=0x800001cc (#85)
DEBUG Instr 0xa629a63: BNE x5, x6, 0xb4
DEBUG Src0 Reg: x5={0x800001c0}
DEBUG Src1 Reg: x6={0x800001c0}
DEBUG Fetch: PC=0x800001d0 (#86)
DEBUG Instr 0x400193: ADDI x3, x0, 0x4
DEBUG Src0 Reg: x0={0x0}
DEBUG Dest Reg: x3={0x4}
DEBUG Fetch: PC=0x800001d4 (#87)
DEBUG Instr 0x213: ADDI x4, x0, 0x0
DEBUG Src0 Reg: x0={0x0}
DEBUG Dest Reg: x4={0x0}
DEBUG Fetch: PC=0x800001d8 (#88)
DEBUG Instr 0x317: AUIPC x6, 0x0
DEBUG Dest Reg: x6={0x800001d8}
DEBUG Fetch: PC=0x800001dc (#89)
DEBUG Instr 0x1030313: ADDI x6, x6, 0x10
DEBUG Src0 Reg: x6={0x800001d8}
DEBUG Dest Reg: x6={0x800001e8}
DEBUG Fetch: PC=0x800001e0 (#90)
DEBUG Instr 0x306e7: JALR x13, x6, 0x0
DEBUG Src0 Reg: x6={0x800001e8}
DEBUG Dest Reg: x13={0x800001e4}
DEBUG Fetch: PC=0x800001e8 (#91)
DEBUG Instr 0x120213: ADDI x4, x4, 0x1
DEBUG Src0 Reg: x4={0x0}
DEBUG Dest Reg: x4={0x1}
DEBUG Fetch: PC=0x800001ec (#92)
DEBUG Instr 0x200293: ADDI x5, x0, 0x2
DEBUG Src0 Reg: x0={0x0}
DEBUG Dest Reg: x5={0x2}
DEBUG Fetch: PC=0x800001f0 (#93)
DEBUG Instr 0xfe5214e3: BNE x4, x5, 0xffffffe8
DEBUG Src0 Reg: x4={0x1}
DEBUG Src1 Reg: x5={0x2}
DEBUG Fetch: PC=0x800001d8 (#65624)
DEBUG Instr 0x317: AUIPC x6, 0x0
DEBUG Dest Reg: x6={0x800001d8}
DEBUG Fetch: PC=0x800001dc (#65625)
DEBUG Instr 0x1030313: ADDI x6, x6, 0x10
DEBUG Src0 Reg: x6={0x800001d8}
DEBUG Dest Reg: x6={0x800001e8}
DEBUG Fetch: PC=0x800001e0 (#65626)
DEBUG Instr 0x306e7: JALR x13, x6, 0x0
DEBUG Src0 Reg: x6={0x800001e8}
DEBUG Dest Reg: x13={0x800001e4}
DEBUG Fetch: PC=0x800001e8 (#65627)
DEBUG Instr 0x120213: ADDI x4, x4, 0x1
DEBUG Src0 Reg: x4={0x1}
DEBUG Dest Reg: x4={0x2}
DEBUG Fetch: PC=0x800001ec (#65628)
DEBUG Instr 0x200293: ADDI x5, x0, 0x2
DEBUG Src0 Reg: x0={0x0}
DEBUG Dest Reg: x5={0x2}
DEBUG Fetch: PC=0x800001f0 (#65629)
DEBUG Instr 0xfe5214e3: BNE x4, x5, 0xffffffe8
DEBUG Src0 Reg: x4={0x2}
DEBUG Src1 Reg: x5={0x2}
DEBUG Fetch: PC=0x800001f4 (#94)
DEBUG Instr 0x500193: ADDI x3, x0, 0x5
DEBUG Src0 Reg: x0={0x0}
DEBUG Dest Reg: x3={0x5}
DEBUG Fetch: PC=0x800001f8 (#95)
DEBUG Instr 0x213: ADDI x4, x0, 0x0
DEBUG Src0 Reg: x0={0x0}
DEBUG Dest Reg: x4={0x0}
DEBUG Fetch: PC=0x800001fc (#96)
DEBUG Instr 0x317: AUIPC x6, 0x0
DEBUG Dest Reg: x6={0x800001fc}
DEBUG Fetch: PC=0x80000200 (#97)
DEBUG Instr 0x1430313: ADDI x6, x6, 0x14
DEBUG Src0 Reg: x6={0x800001fc}
DEBUG Dest Reg: x6={0x80000210}
DEBUG Fetch: PC=0x80000204 (#98)
DEBUG Instr 0x13: ADDI x0, x0, 0x0
DEBUG Src0 Reg: x0={0x0}
DEBUG Fetch: PC=0x80000208 (#99)
DEBUG Instr 0x306e7: JALR x13, x6, 0x0
DEBUG Src0 Reg: x6={0x80000210}
DEBUG Dest Reg: x13={0x8000020c}
DEBUG Fetch: PC=0x80000210 (#100)
DEBUG Instr 0x120213: ADDI x4, x4, 0x1
DEBUG Src0 Reg: x4={0x0}
DEBUG Dest Reg: x4={0x1}
DEBUG Fetch: PC=0x80000214 (#101)
DEBUG Instr 0x200293: ADDI x5, x0, 0x2
DEBUG Src0 Reg: x0={0x0}
DEBUG Dest Reg: x5={0x2}
DEBUG Fetch: PC=0x80000218 (#102)
DEBUG Instr 0xfe5212e3: BNE x4, x5, 0xffffffe4
DEBUG Src0 Reg: x4={0x1}
DEBUG Src1 Reg: x5={0x2}
DEBUG Fetch: PC=0x800001fc (#65632)
DEBUG Instr 0x317: AUIPC x6, 0x0
DEBUG Dest Reg: x6={0x800001fc}
DEBUG Fetch: PC=0x80000200 (#65633)
DEBUG Instr 0x1430313: ADDI x6, x6, 0x14
DEBUG Src0 Reg: x6={0x800001fc}
DEBUG Dest Reg: x6={0x80000210}
DEBUG Fetch: PC=0x80000204 (#65634)
DEBUG Instr 0x13: ADDI x0, x0, 0x0
DEBUG Src0 Reg: x0={0x0}
DEBUG Fetch: PC=0x80000208 (#65635)
DEBUG Instr 0x306e7: JALR x13, x6, 0x0
DEBUG Src0 Reg: x6={0x80000210}
DEBUG Dest Reg: x13={0x8000020c}
DEBUG Fetch: PC=0x80000210 (#65636)
DEBUG Instr 0x120213: ADDI x4, x4, 0x1
DEBUG Src0 Reg: x4={0x1}
DEBUG Dest Reg: x4={0x2}
DEBUG Fetch: PC=0x80000214 (#65637)
DEBUG Instr 0x200293: ADDI x5, x0, 0x2
DEBUG Src0 Reg: x0={0x0}
DEBUG Dest Reg: x5={0x2}
DEBUG Fetch: PC=0x80000218 (#65638)
DEBUG Instr 0xfe5212e3: BNE x4, x5, 0xffffffe4
DEBUG Src0 Reg: x4={0x2}
DEBUG Src1 Reg: x5={0x2}
DEBUG Fetch: PC=0x8000021c (#103)
DEBUG Instr 0x600193: ADDI x3, x0, 0x6
DEBUG Src0 Reg: x0={0x0}
DEBUG Dest Reg: x3={0x6}
DEBUG Fetch: PC=0x80000220 (#104)
DEBUG Instr 0x213: ADDI x4, x0, 0x0
DEBUG Src0 Reg: x0={0x0}
DEBUG Dest Reg: x4={0x0}
DEBUG Fetch: PC=0x80000224 (#105)
DEBUG Instr 0x317: AUIPC x6, 0x0
DEBUG Dest Reg: x6={0x80000224}
DEBUG Fetch: PC=0x80000228 (#106)
DEBUG Instr 0x1830313: ADDI x6, x6, 0x18
DEBUG Src0 Reg: x6={0x80000224}
DEBUG Dest Reg: x6={0x8000023c}
DEBUG Fetch: PC=0x8000022c (#107)
DEBUG Instr 0x13: ADDI x0, x0, 0x0
DEBUG Src0 Reg: x0={0x0}
DEBUG Fetch: PC=0x80000230 (#108)
DEBUG Instr 0x13: ADDI x0, x0, 0x0
DEBUG Src0 Reg: x0={0x0}
DEBUG Fetch: PC=0x80000234 (#109)
DEBUG Instr 0x306e7: JALR x13, x6, 0x0
DEBUG Src0 Reg: x6={0x8000023c}
DEBUG Dest Reg: x13={0x80000238}
DEBUG Fetch: PC=0x8000023c (#110)
DEBUG Instr 0x120213: ADDI x4, x4, 0x1
DEBUG Src0 Reg: x4={0x0}
DEBUG Dest Reg: x4={0x1}
DEBUG Fetch: PC=0x80000240 (#111)
DEBUG Instr 0x200293: ADDI x5, x0, 0x2
DEBUG Src0 Reg: x0={0x0}
DEBUG Dest Reg: x5={0x2}
DEBUG Fetch: PC=0x80000244 (#112)
DEBUG Instr 0xfe5210e3: BNE x4, x5, 0xffffffe0
DEBUG Src0 Reg: x4={0x1}
DEBUG Src1 Reg: x5={0x2}
DEBUG Fetch: PC=0x80000224 (#65641)
DEBUG Instr 0x317: AUIPC x6, 0x0
DEBUG Dest Reg: x6={0x80000224}
DEBUG Fetch: PC=0x80000228 (#65642)
DEBUG Instr 0x1830313: ADDI x6, x6, 0x18
DEBUG Src0 Reg: x6={0x80000224}
DEBUG Dest Reg: x6={0x8000023c}
DEBUG Fetch: PC=0x8000022c (#65643)
DEBUG Instr 0x13: ADDI x0, x0, 0x0
DEBUG Src0 Reg: x0={0x0}
DEBUG Fetch: PC=0x80000230 (#65644)
DEBUG Instr 0x13: ADDI x0, x0, 0x0
DEBUG Src0 Reg: x0={0x0}
DEBUG Fetch: PC=0x80000234 (#65645)
DEBUG Instr 0x306e7: JALR x13, x6, 0x0
DEBUG Src0 Reg: x6={0x8000023c}
DEBUG Dest Reg: x13={0x80000238}
DEBUG Fetch: PC=0x8000023c (#65646)
DEBUG Instr 0x120213: ADDI x4, x4, 0x1
DEBUG Src0 Reg: x4={0x1}
DEBUG Dest Reg: x4={0x2}
DEBUG Fetch: PC=0x80000240 (#65647)
DEBUG Instr 0x200293: ADDI x5, x0, 0x2
DEBUG Src0 Reg: x0={0x0}
DEBUG Dest Reg: x5={0x2}
DEBUG Fetch: PC=0x80000244 (#65648)
DEBUG Instr 0xfe5210e3: BNE x4, x5, 0xffffffe0
DEBUG Src0 Reg: x4={0x2}
DEBUG Src1 Reg: x5={0x2}
DEBUG Fetch: PC=0x80000248 (#113)
DEBUG Instr 0x700193: ADDI x3, x0, 0x7
DEBUG Src0 Reg: x0={0x0}
DEBUG Dest Reg: x3={0x7}
DEBUG Fetch: PC=0x8000024c (#114)
DEBUG Instr 0x100293: ADDI x5, x0, 0x1
DEBUG Src0 Reg: x0={0x0}
DEBUG Dest Reg: x5={0x1}
DEBUG Fetch: PC=0x80000250 (#115)
DEBUG Instr 0x317: AUIPC x6, 0x0
DEBUG Dest Reg: x6={0x80000250}
DEBUG Fetch: PC=0x80000254 (#116)
DEBUG Instr 0x1c30313: ADDI x6, x6, 0x1c
DEBUG Src0 Reg: x6={0x80000250}
DEBUG Dest Reg: x6={0x8000026c}
DEBUG Fetch: PC=0x80000258 (#117)
DEBUG Instr 0xffc30067: JALR x0, x6, 0xfffffffc
DEBUG Src0 Reg: x6={0x8000026c}
DEBUG Fetch: PC=0x80000268 (#118)
DEBUG Instr 0x128293: ADDI x5, x5, 0x1
DEBUG Src0 Reg: x5={0x1}
DEBUG Dest Reg: x5={0x2}
DEBUG Fetch: PC=0x8000026c (#119)
DEBUG Instr 0x128293: ADDI x5, x5, 0x1
DEBUG Src0 Reg: x5={0x2}
DEBUG Dest Reg: x5={0x3}
DEBUG Fetch: PC=0x80000270 (#120)
DEBUG Instr 0x128293: ADDI x5, x5, 0x1
DEBUG Src0 Reg: x5={0x3}
DEBUG Dest Reg: x5={0x4}
DEBUG Fetch: PC=0x80000274 (#121)
DEBUG Instr 0x400393: ADDI x7, x0, 0x4
DEBUG Src0 Reg: x0={0x0}
DEBUG Dest Reg: x7={0x4}
DEBUG Fetch: PC=0x80000278 (#122)
DEBUG Instr 0x729463: BNE x5, x7, 0x8
DEBUG Src0 Reg: x5={0x4}
DEBUG Src1 Reg: x7={0x4}
DEBUG Fetch: PC=0x8000027c (#123)
DEBUG Instr 0x2301063: BNE x0, x3, 0x20
DEBUG Src0 Reg: x0={0x0}
DEBUG Src1 Reg: x3={0x7}
DEBUG Fetch: PC=0x8000029c (#124)
DEBUG Instr 0xff0000f: FENCE 0xff
DEBUG Fetch: PC=0x800002a0 (#125)
DEBUG Instr 0x100193: ADDI x3, x0, 0x1
DEBUG Src0 Reg: x0={0x0}
DEBUG Dest Reg: x3={0x1}
DEBUG Fetch: PC=0x800002a4 (#126)
DEBUG Instr 0x5d00893: ADDI x17, x0, 0x5d
DEBUG Src0 Reg: x0={0x0}
DEBUG Dest Reg: x17={0x5d}
DEBUG Fetch: PC=0x800002a8 (#127)
DEBUG Instr 0x513: ADDI x10, x0, 0x0
DEBUG Src0 Reg: x0={0x0}
DEBUG Dest Reg: x10={0x0}
DEBUG Fetch: PC=0x800002ac (#128)
DEBUG Instr 0x73: ECALL 0x0
PASSED!
