Running rv32ui-p-slti.hex..
DEBUG Fetch: PC=0x80000000 (#0)
DEBUG Instr 0x500006f: JAL x0, 0x50
DEBUG Fetch: PC=0x80000050 (#1)
DEBUG Instr 0x93: ADDI x1, x0, 0x0
DEBUG Src0 Reg: x0={0x0}
DEBUG Dest Reg: x1={0x0}
DEBUG Fetch: PC=0x80000054 (#2)
DEBUG Instr 0x113: ADDI x2, x0, 0x0
DEBUG Src0 Reg: x0={0x0}
DEBUG Dest Reg: x2={0x0}
DEBUG Fetch: PC=0x80000058 (#3)
DEBUG Instr 0x193: ADDI x3, x0, 0x0
DEBUG Src0 Reg: x0={0x0}
DEBUG Dest Reg: x3={0x0}
DEBUG Fetch: PC=0x8000005c (#4)
DEBUG Instr 0x213: ADDI x4, x0, 0x0
DEBUG Src0 Reg: x0={0x0}
DEBUG Dest Reg: x4={0x0}
DEBUG Fetch: PC=0x80000060 (#5)
DEBUG Instr 0x293: ADDI x5, x0, 0x0
DEBUG Src0 Reg: x0={0x0}
DEBUG Dest Reg: x5={0x0}
DEBUG Fetch: PC=0x80000064 (#6)
DEBUG Instr 0x313: ADDI x6, x0, 0x0
DEBUG Src0 Reg: x0={0x0}
DEBUG Dest Reg: x6={0x0}
DEBUG Fetch: PC=0x80000068 (#7)
DEBUG Instr 0x393: ADDI x7, x0, 0x0
DEBUG Src0 Reg: x0={0x0}
DEBUG Dest Reg: x7={0x0}
DEBUG Fetch: PC=0x8000006c (#8)
DEBUG Instr 0x413: ADDI x8, x0, 0x0
DEBUG Src0 Reg: x0={0x0}
DEBUG Dest Reg: x8={0x0}
DEBUG Fetch: PC=0x80000070 (#9)
DEBUG Instr 0x493: ADDI x9, x0, 0x0
DEBUG Src0 Reg: x0={0x0}
DEBUG Dest Reg: x9={0x0}
DEBUG Fetch: PC=0x80000074 (#10)
DEBUG Instr 0x513: ADDI x10, x0, 0x0
DEBUG Src0 Reg: x0={0x0}
DEBUG Dest Reg: x10={0x0}
DEBUG Fetch: PC=0x80000078 (#11)
DEBUG Instr 0x593: ADDI x11, x0, 0x0
DEBUG Src0 Reg: x0={0x0}
DEBUG Dest Reg: x11={0x0}
DEBUG Fetch: PC=0x8000007c (#12)
DEBUG Instr 0x613: ADDI x12, x0, 0x0
DEBUG Src0 Reg: x0={0x0}
DEBUG Dest Reg: x12={0x0}
DEBUG Fetch: PC=0x80000080 (#13)
DEBUG Instr 0x693: ADDI x13, x0, 0x0
DEBUG Src0 Reg: x0={0x0}
DEBUG Dest Reg: x13={0x0}
DEBUG Fetch: PC=0x80000084 (#14)
DEBUG Instr 0x713: ADDI x14, x0, 0x0
DEBUG Src0 Reg: x0={0x0}
DEBUG Dest Reg: x14={0x0}
DEBUG Fetch: PC=0x80000088 (#15)
DEBUG Instr 0x793: ADDI x15, x0, 0x0
DEBUG Src0 Reg: x0={0x0}
DEBUG Dest Reg: x15={0x0}
DEBUG Fetch: PC=0x8000008c (#16)
DEBUG Instr 0x813: ADDI x16, x0, 0x0
DEBUG Src0 Reg: x0={0x0}
DEBUG Dest Reg: x16={0x0}
DEBUG Fetch: PC=0x80000090 (#17)
DEBUG Instr 0x893: ADDI x17, x0, 0x0
DEBUG Src0 Reg: x0={0x0}
DEBUG Dest Reg: x17={0x0}
DEBUG Fetch: PC=0x80000094 (#18)
DEBUG Instr 0x913: ADDI x18, x0, 0x0
DEBUG Src0 Reg: x0={0x0}
DEBUG Dest Reg: x18={0x0}
DEBUG Fetch: PC=0x80000098 (#19)
DEBUG Instr 0x993: ADDI x19, x0, 0x0
DEBUG Src0 Reg: x0={0x0}
DEBUG Dest Reg: x19={0x0}
DEBUG Fetch: PC=0x8000009c (#20)
DEBUG Instr 0xa13: ADDI x20, x0, 0x0
DEBUG Src0 Reg: x0={0x0}
DEBUG Dest Reg: x20={0x0}
DEBUG Fetch: PC=0x800000a0 (#21)
DEBUG Instr 0xa93: ADDI x21, x0, 0x0
DEBUG Src0 Reg: x0={0x0}
DEBUG Dest Reg: x21={0x0}
DEBUG Fetch: PC=0x800000a4 (#22)
DEBUG Instr 0xb13: ADDI x22, x0, 0x0
DEBUG Src0 Reg: x0={0x0}
DEBUG Dest Reg: x22={0x0}
DEBUG Fetch: PC=0x800000a8 (#23)
DEBUG Instr 0xb93: ADDI x23, x0, 0x0
DEBUG Src0 Reg: x0={0x0}
DEBUG Dest Reg: x23={0x0}
DEBUG Fetch: PC=0x800000ac (#24)
DEBUG Instr 0xc13: ADDI x24, x0, 0x0
DEBUG Src0 Reg: x0={0x0}
DEBUG Dest Reg: x24={0x0}
DEBUG Fetch: PC=0x800000b0 (#25)
DEBUG Instr 0xc93: ADDI x25, x0, 0x0
DEBUG Src0 Reg: x0={0x0}
DEBUG Dest Reg: x25={0x0}
DEBUG Fetch: PC=0x800000b4 (#26)
DEBUG Instr 0xd13: ADDI x26, x0, 0x0
DEBUG Src0 Reg: x0={0x0}
DEBUG Dest Reg: x26={0x0}
DEBUG Fetch: PC=0x800000b8 (#27)
DEBUG Instr 0xd93: ADDI x27, x0, 0x0
DEBUG Src0 Reg: x0={0x0}
DEBUG Dest Reg: x27={0x0}
DEBUG Fetch: PC=0x800000bc (#28)
DEBUG Instr 0xe13: ADDI x28, x0, 0x0
DEBUG Src0 Reg: x0={0x0}
DEBUG Dest Reg: x28={0x0}
DEBUG Fetch: PC=0x800000c0 (#29)
DEBUG Instr 0xe93: ADDI x29, x0, 0x0
DEBUG Src0 Reg: x0={0x0}
DEBUG Dest Reg: x29={0x0}
DEBUG Fetch: PC=0x800000c4 (#30)
DEBUG Instr 0xf13: ADDI x30, x0, 0x0
DEBUG Src0 Reg: x0={0x0}
DEBUG Dest Reg: x30={0x0}
DEBUG Fetch: PC=0x800000c8 (#31)
DEBUG Instr 0xf93: ADDI x31, x0, 0x0
DEBUG Src0 Reg: x0={0x0}
DEBUG Dest Reg: x31={0x0}
DEBUG Fetch: PC=0x800000cc (#32)
DEBUG Instr 0xf1402573: CSRRS x10, x0, 0xf14
DEBUG Src0 Reg: x0={0x0}
DEBUG Dest Reg: x10={0x0}
DEBUG Fetch: PC=0x800000d0 (#33)
DEBUG Instr 0x51063: BNE x10, x0, 0x0
DEBUG Src0 Reg: x10={0x0}
DEBUG Src1 Reg: x0={0x0}
DEBUG Fetch: PC=0x800000d4 (#34)
DEBUG Instr 0x297: AUIPC x5, 0x0
DEBUG Dest Reg: x5={0x800000d4}
DEBUG Fetch: PC=0x800000d8 (#35)
DEBUG Instr 0x1028293: ADDI x5, x5, 0x10
DEBUG Src0 Reg: x5={0x800000d4}
DEBUG Dest Reg: x5={0x800000e4}
DEBUG Fetch: PC=0x800000dc (#36)
DEBUG Instr 0x30529073: CSRRW x0, x5, 0x305
DEBUG Src0 Reg: x5={0x800000e4}
DEBUG Fetch: PC=0x800000e0 (#37)
DEBUG Instr 0x74445073: CSRRWI x0, 0x744, 0x8
DEBUG Fetch: PC=0x800000e4 (#38)
DEBUG Instr 0x297: AUIPC x5, 0x0
DEBUG Dest Reg: x5={0x800000e4}
DEBUG Fetch: PC=0x800000e8 (#39)
DEBUG Instr 0x1028293: ADDI x5, x5, 0x10
DEBUG Src0 Reg: x5={0x800000e4}
DEBUG Dest Reg: x5={0x800000f4}
DEBUG Fetch: PC=0x800000ec (#40)
DEBUG Instr 0x30529073: CSRRW x0, x5, 0x305
DEBUG Src0 Reg: x5={0x800000f4}
DEBUG Fetch: PC=0x800000f0 (#41)
DEBUG Instr 0x18005073: CSRRWI x0, 0x180, 0x0
DEBUG Fetch: PC=0x800000f4 (#42)
DEBUG Instr 0x297: AUIPC x5, 0x0
DEBUG Dest Reg: x5={0x800000f4}
DEBUG Fetch: PC=0x800000f8 (#43)
DEBUG Instr 0x2028293: ADDI x5, x5, 0x20
DEBUG Src0 Reg: x5={0x800000f4}
DEBUG Dest Reg: x5={0x80000114}
DEBUG Fetch: PC=0x800000fc (#44)
DEBUG Instr 0x30529073: CSRRW x0, x5, 0x305
DEBUG Src0 Reg: x5={0x80000114}
DEBUG Fetch: PC=0x80000100 (#45)
DEBUG Instr 0x800002b7: LUI x5, 0xfff80000
DEBUG Dest Reg: x5={0x80000000}
DEBUG Fetch: PC=0x80000104 (#46)
DEBUG Instr 0xfff28293: ADDI x5, x5, 0xffffffff
DEBUG Src0 Reg: x5={0x80000000}
DEBUG Dest Reg: x5={0x7fffffff}
DEBUG Fetch: PC=0x80000108 (#47)
DEBUG Instr 0x3b029073: CSRRW x0, x5, 0x3b0
DEBUG Src0 Reg: x5={0x7fffffff}
DEBUG Fetch: PC=0x8000010c (#48)
DEBUG Instr 0x1f00293: ADDI x5, x0, 0x1f
DEBUG Src0 Reg: x0={0x0}
DEBUG Dest Reg: x5={0x1f}
DEBUG Fetch: PC=0x80000110 (#49)
DEBUG Instr 0x3a029073: CSRRW x0, x5, 0x3a0
DEBUG Src0 Reg: x5={0x1f}
DEBUG Fetch: PC=0x80000114 (#50)
DEBUG Instr 0x30405073: CSRRWI x0, 0x304, 0x0
DEBUG Fetch: PC=0x80000118 (#51)
DEBUG Instr 0x297: AUIPC x5, 0x0
DEBUG Dest Reg: x5={0x80000118}
DEBUG Fetch: PC=0x8000011c (#52)
DEBUG Instr 0x1428293: ADDI x5, x5, 0x14
DEBUG Src0 Reg: x5={0x80000118}
DEBUG Dest Reg: x5={0x8000012c}
DEBUG Fetch: PC=0x80000120 (#53)
DEBUG Instr 0x30529073: CSRRW x0, x5, 0x305
DEBUG Src0 Reg: x5={0x8000012c}
DEBUG Fetch: PC=0x80000124 (#54)
DEBUG Instr 0x30205073: CSRRWI x0, 0x302, 0x0
DEBUG Fetch: PC=0x80000128 (#55)
DEBUG Instr 0x30305073: CSRRWI x0, 0x303, 0x0
DEBUG Fetch: PC=0x8000012c (#56)
DEBUG Instr 0x193: ADDI x3, x0, 0x0
DEBUG Src0 Reg: x0={0x0}
DEBUG Dest Reg: x3={0x0}
DEBUG Fetch: PC=0x80000130 (#57)
DEBUG Instr 0x297: AUIPC x5, 0x0
DEBUG Dest Reg: x5={0x80000130}
DEBUG Fetch: PC=0x80000134 (#58)
DEBUG Instr 0xed428293: ADDI x5, x5, 0xfffffed4
DEBUG Src0 Reg: x5={0x80000130}
DEBUG Dest Reg: x5={0x80000004}
DEBUG Fetch: PC=0x80000138 (#59)
DEBUG Instr 0x30529073: CSRRW x0, x5, 0x305
DEBUG Src0 Reg: x5={0x80000004}
DEBUG Fetch: PC=0x8000013c (#60)
DEBUG Instr 0x100513: ADDI x10, x0, 0x1
DEBUG Src0 Reg: x0={0x0}
DEBUG Dest Reg: x10={0x1}
DEBUG Fetch: PC=0x80000140 (#61)
DEBUG Instr 0x1f51513: SLLI x10, x10, 0x1f
DEBUG Src0 Reg: x10={0x1}
DEBUG Dest Reg: x10={0x80000000}
DEBUG Fetch: PC=0x80000144 (#62)
DEBUG Instr 0x54c63: BLT x10, x0, 0x18
DEBUG Src0 Reg: x10={0x80000000}
DEBUG Src1 Reg: x0={0x0}
DEBUG Fetch: PC=0x8000015c (#63)
DEBUG Instr 0x293: ADDI x5, x0, 0x0
DEBUG Src0 Reg: x0={0x0}
DEBUG Dest Reg: x5={0x0}
DEBUG Fetch: PC=0x80000160 (#64)
DEBUG Instr 0x28a63: BEQ x5, x0, 0x14
DEBUG Src0 Reg: x5={0x0}
DEBUG Src1 Reg: x0={0x0}
DEBUG Fetch: PC=0x80000174 (#65)
DEBUG Instr 0x30005073: CSRRWI x0, 0x300, 0x0
DEBUG Fetch: PC=0x80000178 (#66)
DEBUG Instr 0x297: AUIPC x5, 0x0
DEBUG Dest Reg: x5={0x80000178}
DEBUG Fetch: PC=0x8000017c (#67)
DEBUG Instr 0x1428293: ADDI x5, x5, 0x14
DEBUG Src0 Reg: x5={0x80000178}
DEBUG Dest Reg: x5={0x8000018c}
DEBUG Fetch: PC=0x80000180 (#68)
DEBUG Instr 0x34129073: CSRRW x0, x5, 0x341
DEBUG Src0 Reg: x5={0x8000018c}
DEBUG Fetch: PC=0x80000184 (#69)
DEBUG Instr 0xf1402573: CSRRS x10, x0, 0xf14
DEBUG Src0 Reg: x0={0x0}
DEBUG Dest Reg: x10={0x0}
DEBUG Fetch: PC=0x80000188 (#70)
DEBUG Instr 0x30200073: MRET 0x302
DEBUG Fetch: PC=0x8000018c (#71)
DEBUG Instr 0x200193: ADDI x3, x0, 0x2
DEBUG Src0 Reg: x0={0x0}
DEBUG Dest Reg: x3={0x2}
DEBUG Fetch: PC=0x80000190 (#72)
DEBUG Instr 0x93: ADDI x1, x0, 0x0
DEBUG Src0 Reg: x0={0x0}
DEBUG Dest Reg: x1={0x0}
DEBUG Fetch: PC=0x80000194 (#73)
DEBUG Instr 0xa713: SLTI x14, x1, 0x0
DEBUG Src0 Reg: x1={0x0}
DEBUG Dest Reg: x14={0x0}
DEBUG Fetch: PC=0x80000198 (#74)
DEBUG Instr 0x393: ADDI x7, x0, 0x0
DEBUG Src0 Reg: x0={0x0}
DEBUG Dest Reg: x7={0x0}
DEBUG Fetch: PC=0x8000019c (#75)
DEBUG Instr 0x26771263: BNE x14, x7, 0x264
DEBUG Src0 Reg: x14={0x0}
DEBUG Src1 Reg: x7={0x0}
DEBUG Fetch: PC=0x800001a0 (#76)
DEBUG Instr 0x300193: ADDI x3, x0, 0x3
DEBUG Src0 Reg: x0={0x0}
DEBUG Dest Reg: x3={0x3}
DEBUG Fetch: PC=0x800001a4 (#77)
DEBUG Instr 0x100093: ADDI x1, x0, 0x1
DEBUG Src0 Reg: x0={0x0}
DEBUG Dest Reg: x1={0x1}
DEBUG Fetch: PC=0x800001a8 (#78)
DEBUG Instr 0x10a713: SLTI x14, x1, 0x1
DEBUG Src0 Reg: x1={0x1}
DEBUG Dest Reg: x14={0x0}
DEBUG Fetch: PC=0x800001ac (#79)
DEBUG Instr 0x393: ADDI x7, x0, 0x0
DEBUG Src0 Reg: x0={0x0}
DEBUG Dest Reg: x7={0x0}
DEBUG Fetch: PC=0x800001b0 (#80)
DEBUG Instr 0x24771863: BNE x14, x7, 0x250
DEBUG Src0 Reg: x14={0x0}
DEBUG Src1 Reg: x7={0x0}
DEBUG Fetch: PC=0x800001b4 (#81)
DEBUG Instr 0x400193: ADDI x3, x0, 0x4
DEBUG Src0 Reg: x0={0x0}
DEBUG Dest Reg: x3={0x4}
DEBUG Fetch: PC=0x800001b8 (#82)
DEBUG Instr 0x300093: ADDI x1, x0, 0x3
DEBUG Src0 Reg: x0={0x0}
DEBUG Dest Reg: x1={0x3}
DEBUG Fetch: PC=0x800001bc (#83)
DEBUG Instr 0x70a713: SLTI x14, x1, 0x7
DEBUG Src0 Reg: x1={0x3}
DEBUG Dest Reg: x14={0x1}
DEBUG Fetch: PC=0x800001c0 (#84)
DEBUG Instr 0x100393: ADDI x7, x0, 0x1
DEBUG Src0 Reg: x0={0x0}
DEBUG Dest Reg: x7={0x1}
DEBUG Fetch: PC=0x800001c4 (#85)
DEBUG Instr 0x22771e63: BNE x14, x7, 0x23c
DEBUG Src0 Reg: x14={0x1}
DEBUG Src1 Reg: x7={0x1}
DEBUG Fetch: PC=0x800001c8 (#86)
DEBUG Instr 0x500193: ADDI x3, x0, 0x5
DEBUG Src0 Reg: x0={0x0}
DEBUG Dest Reg: x3={0x5}
DEBUG Fetch: PC=0x800001cc (#87)
DEBUG Instr 0x700093: ADDI x1, x0, 0x7
DEBUG Src0 Reg: x0={0x0}
DEBUG Dest Reg: x1={0x7}
DEBUG Fetch: PC=0x800001d0 (#88)
DEBUG Instr 0x30a713: SLTI x14, x1, 0x3
DEBUG Src0 Reg: x1={0x7}
DEBUG Dest Reg: x14={0x0}
DEBUG Fetch: PC=0x800001d4 (#89)
DEBUG Instr 0x393: ADDI x7, x0, 0x0
DEBUG Src0 Reg: x0={0x0}
DEBUG Dest Reg: x7={0x0}
DEBUG Fetch: PC=0x800001d8 (#90)
DEBUG Instr 0x22771463: BNE x14, x7, 0x228
DEBUG Src0 Reg: x14={0x0}
DEBUG Src1 Reg: x7={0x0}
DEBUG Fetch: PC=0x800001dc (#91)
DEBUG Instr 0x600193: ADDI x3, x0, 0x6
DEBUG Src0 Reg: x0={0x0}
DEBUG Dest Reg: x3={0x6}
DEBUG Fetch: PC=0x800001e0 (#92)
DEBUG Instr 0x93: ADDI x1, x0, 0x0
DEBUG Src0 Reg: x0={0x0}
DEBUG Dest Reg: x1={0x0}
DEBUG Fetch: PC=0x800001e4 (#93)
DEBUG Instr 0x8000a713: SLTI x14, x1, 0xfffff800
DEBUG Src0 Reg: x1={0x0}
DEBUG Dest Reg: x14={0x0}
DEBUG Fetch: PC=0x800001e8 (#94)
DEBUG Instr 0x393: ADDI x7, x0, 0x0
DEBUG Src0 Reg: x0={0x0}
DEBUG Dest Reg: x7={0x0}
DEBUG Fetch: PC=0x800001ec (#95)
DEBUG Instr 0x20771a63: BNE x14, x7, 0x214
DEBUG Src0 Reg: x14={0x0}
DEBUG Src1 Reg: x7={0x0}
DEBUG Fetch: PC=0x800001f0 (#96)
DEBUG Instr 0x700193: ADDI x3, x0, 0x7
DEBUG Src0 Reg: x0={0x0}
DEBUG Dest Reg: x3={0x7}
DEBUG Fetch: PC=0x800001f4 (#97)
DEBUG Instr 0x800000b7: LUI x1, 0xfff80000
DEBUG Dest Reg: x1={0x80000000}
DEBUG Fetch: PC=0x800001f8 (#98)
DEBUG Instr 0xa713: SLTI x14, x1, 0x0
DEBUG Src0 Reg: x1={0x80000000}
DEBUG Dest Reg: x14={0x1}
DEBUG Fetch: PC=0x800001fc (#99)
DEBUG Instr 0x100393: ADDI x7, x0, 0x1
DEBUG Src0 Reg: x0={0x0}
DEBUG Dest Reg: x7={0x1}
DEBUG Fetch: PC=0x80000200 (#100)
DEBUG Instr 0x20771063: BNE x14, x7, 0x200
DEBUG Src0 Reg: x14={0x1}
DEBUG Src1 Reg: x7={0x1}
DEBUG Fetch: PC=0x80000204 (#101)
DEBUG Instr 0x800193: ADDI x3, x0, 0x8
DEBUG Src0 Reg: x0={0x0}
DEBUG Dest Reg: x3={0x8}
DEBUG Fetch: PC=0x80000208 (#102)
DEBUG Instr 0x800000b7: LUI x1, 0xfff80000
DEBUG Dest Reg: x1={0x80000000}
DEBUG Fetch: PC=0x8000020c (#103)
DEBUG Instr 0x8000a713: SLTI x14, x1, 0xfffff800
DEBUG Src0 Reg: x1={0x80000000}
DEBUG Dest Reg: x14={0x1}
DEBUG Fetch: PC=0x80000210 (#104)
DEBUG Instr 0x100393: ADDI x7, x0, 0x1
DEBUG Src0 Reg: x0={0x0}
DEBUG Dest Reg: x7={0x1}
DEBUG Fetch: PC=0x80000214 (#105)
DEBUG Instr 0x1e771663: BNE x14, x7, 0x1ec
DEBUG Src0 Reg: x14={0x1}
DEBUG Src1 Reg: x7={0x1}
DEBUG Fetch: PC=0x80000218 (#106)
DEBUG Instr 0x900193: ADDI x3, x0, 0x9
DEBUG Src0 Reg: x0={0x0}
DEBUG Dest Reg: x3={0x9}
DEBUG Fetch: PC=0x8000021c (#107)
DEBUG Instr 0x93: ADDI x1, x0, 0x0
DEBUG Src0 Reg: x0={0x0}
DEBUG Dest Reg: x1={0x0}
DEBUG Fetch: PC=0x80000220 (#108)
DEBUG Instr 0x7ff0a713: SLTI x14, x1, 0x7ff
DEBUG Src0 Reg: x1={0x0}
DEBUG Dest Reg: x14={0x1}
DEBUG Fetch: PC=0x80000224 (#109)
DEBUG Instr 0x100393: ADDI x7, x0, 0x1
DEBUG Src0 Reg: x0={0x0}
DEBUG Dest Reg: x7={0x1}
DEBUG Fetch: PC=0x80000228 (#110)
DEBUG Instr 0x1c771c63: BNE x14, x7, 0x1d8
DEBUG Src0 Reg: x14={0x1}
DEBUG Src1 Reg: x7={0x1}
DEBUG Fetch: PC=0x8000022c (#111)
DEBUG Instr 0xa00193: ADDI x3, x0, 0xa
DEBUG Src0 Reg: x0={0x0}
DEBUG Dest Reg: x3={0xa}
DEBUG Fetch: PC=0x80000230 (#112)
DEBUG Instr 0x800000b7: LUI x1, 0xfff80000
DEBUG Dest Reg: x1={0x80000000}
DEBUG Fetch: PC=0x80000234 (#113)
DEBUG Instr 0xfff08093: ADDI x1, x1, 0xffffffff
DEBUG Src0 Reg: x1={0x80000000}
DEBUG Dest Reg: x1={0x7fffffff}
DEBUG Fetch: PC=0x80000238 (#114)
DEBUG Instr 0xa713: SLTI x14, x1, 0x0
DEBUG Src0 Reg: x1={0x7fffffff}
DEBUG Dest Reg: x14={0x0}
DEBUG Fetch: PC=0x8000023c (#115)
DEBUG Instr 0x393: ADDI x7, x0, 0x0
DEBUG Src0 Reg: x0={0x0}
DEBUG Dest Reg: x7={0x0}
DEBUG Fetch: PC=0x80000240 (#116)
DEBUG Instr 0x1c771063: BNE x14, x7, 0x1c0
DEBUG Src0 Reg: x14={0x0}
DEBUG Src1 Reg: x7={0x0}
DEBUG Fetch: PC=0x80000244 (#117)
DEBUG Instr 0xb00193: ADDI x3, x0, 0xb
DEBUG Src0 Reg: x0={0x0}
DEBUG Dest Reg: x3={0xb}
DEBUG Fetch: PC=0x80000248 (#118)
DEBUG Instr 0x800000b7: LUI x1, 0xfff80000
DEBUG Dest Reg: x1={0x80000000}
DEBUG Fetch: PC=0x8000024c (#119)
DEBUG Instr 0xfff08093: ADDI x1, x1, 0xffffffff
DEBUG Src0 Reg: x1={0x80000000}
DEBUG Dest Reg: x1={0x7fffffff}
DEBUG Fetch: PC=0x80000250 (#120)
DEBUG Instr 0x7ff0a713: SLTI x14, x1, 0x7ff
DEBUG Src0 Reg: x1={0x7fffffff}
DEBUG Dest Reg: x14={0x0}
DEBUG Fetch: PC=0x80000254 (#121)
DEBUG Instr 0x393: ADDI x7, x0, 0x0
DEBUG Src0 Reg: x0={0x0}
DEBUG Dest Reg: x7={0x0}
DEBUG Fetch: PC=0x80000258 (#122)
DEBUG Instr 0x1a771463: BNE x14, x7, 0x1a8
DEBUG Src0 Reg: x14={0x0}
DEBUG Src1 Reg: x7={0x0}
DEBUG Fetch: PC=0x8000025c (#123)
DEBUG Instr 0xc00193: ADDI x3, x0, 0xc
DEBUG Src0 Reg: x0={0x0}
DEBUG Dest Reg: x3={0xc}
DEBUG Fetch: PC=0x80000260 (#124)
DEBUG Instr 0x800000b7: LUI x1, 0xfff80000
DEBUG Dest Reg: x1={0x80000000}
DEBUG Fetch: PC=0x80000264 (#125)
DEBUG Instr 0x7ff0a713: SLTI x14, x1, 0x7ff
DEBUG Src0 Reg: x1={0x80000000}
DEBUG Dest Reg: x14={0x1}
DEBUG Fetch: PC=0x80000268 (#126)
DEBUG Instr 0x100393: ADDI x7, x0, 0x1
DEBUG Src0 Reg: x0={0x0}
DEBUG Dest Reg: x7={0x1}
DEBUG Fetch: PC=0x8000026c (#127)
DEBUG Instr 0x18771a63: BNE x14, x7, 0x194
DEBUG Src0 Reg: x14={0x1}
DEBUG Src1 Reg: x7={0x1}
DEBUG Fetch: PC=0x80000270 (#128)
DEBUG Instr 0xd00193: ADDI x3, x0, 0xd
DEBUG Src0 Reg: x0={0x0}
DEBUG Dest Reg: x3={0xd}
DEBUG Fetch: PC=0x80000274 (#129)
DEBUG Instr 0x800000b7: LUI x1, 0xfff80000
DEBUG Dest Reg: x1={0x80000000}
DEBUG Fetch: PC=0x80000278 (#130)
DEBUG Instr 0xfff08093: ADDI x1, x1, 0xffffffff
DEBUG Src0 Reg: x1={0x80000000}
DEBUG Dest Reg: x1={0x7fffffff}
DEBUG Fetch: PC=0x8000027c (#131)
DEBUG Instr 0x8000a713: SLTI x14, x1, 0xfffff800
DEBUG Src0 Reg: x1={0x7fffffff}
DEBUG Dest Reg: x14={0x0}
DEBUG Fetch: PC=0x80000280 (#132)
DEBUG Instr 0x393: ADDI x7, x0, 0x0
DEBUG Src0 Reg: x0={0x0}
DEBUG Dest Reg: x7={0x0}
DEBUG Fetch: PC=0x80000284 (#133)
DEBUG Instr 0x16771e63: BNE x14, x7, 0x17c
DEBUG Src0 Reg: x14={0x0}
DEBUG Src1 Reg: x7={0x0}
DEBUG Fetch: PC=0x80000288 (#134)
DEBUG Instr 0xe00193: ADDI x3, x0, 0xe
DEBUG Src0 Reg: x0={0x0}
DEBUG Dest Reg: x3={0xe}
DEBUG Fetch: PC=0x8000028c (#135)
DEBUG Instr 0x93: ADDI x1, x0, 0x0
DEBUG Src0 Reg: x0={0x0}
DEBUG Dest Reg: x1={0x0}
DEBUG Fetch: PC=0x80000290 (#136)
DEBUG Instr 0xfff0a713: SLTI x14, x1, 0xffffffff
DEBUG Src0 Reg: x1={0x0}
DEBUG Dest Reg: x14={0x0}
DEBUG Fetch: PC=0x80000294 (#137)
DEBUG Instr 0x393: ADDI x7, x0, 0x0
DEBUG Src0 Reg: x0={0x0}
DEBUG Dest Reg: x7={0x0}
DEBUG Fetch: PC=0x80000298 (#138)
DEBUG Instr 0x16771463: BNE x14, x7, 0x168
DEBUG Src0 Reg: x14={0x0}
DEBUG Src1 Reg: x7={0x0}
DEBUG Fetch: PC=0x8000029c (#139)
DEBUG Instr 0xf00193: ADDI x3, x0, 0xf
DEBUG Src0 Reg: x0={0x0}
DEBUG Dest Reg: x3={0xf}
DEBUG Fetch: PC=0x800002a0 (#140)
DEBUG Instr 0xfff00093: ADDI x1, x0, 0xffffffff
DEBUG Src0 Reg: x0={0x0}
DEBUG Dest Reg: x1={0xffffffff}
DEBUG Fetch: PC=0x800002a4 (#141)
DEBUG Instr 0x10a713: SLTI x14, x1, 0x1
DEBUG Src0 Reg: x1={0xffffffff}
DEBUG Dest Reg: x14={0x1}
DEBUG Fetch: PC=0x800002a8 (#142)
DEBUG Instr 0x100393: ADDI x7, x0, 0x1
DEBUG Src0 Reg: x0={0x0}
DEBUG Dest Reg: x7={0x1}
DEBUG Fetch: PC=0x800002ac (#143)
DEBUG Instr 0x14771a63: BNE x14, x7, 0x154
DEBUG Src0 Reg: x14={0x1}
DEBUG Src1 Reg: x7={0x1}
DEBUG Fetch: PC=0x800002b0 (#144)
DEBUG Instr 0x1000193: ADDI x3, x0, 0x10
DEBUG Src0 Reg: x0={0x0}
DEBUG Dest Reg: x3={0x10}
DEBUG Fetch: PC=0x800002b4 (#145)
DEBUG Instr 0xfff00093: ADDI x1, x0, 0xffffffff
DEBUG Src0 Reg: x0={0x0}
DEBUG Dest Reg: x1={0xffffffff}
DEBUG Fetch: PC=0x800002b8 (#146)
DEBUG Instr 0xfff0a713: SLTI x14, x1, 0xffffffff
DEBUG Src0 Reg: x1={0xffffffff}
DEBUG Dest Reg: x14={0x0}
DEBUG Fetch: PC=0x800002bc (#147)
DEBUG Instr 0x393: ADDI x7, x0, 0x0
DEBUG Src0 Reg: x0={0x0}
DEBUG Dest Reg: x7={0x0}
DEBUG Fetch: PC=0x800002c0 (#148)
DEBUG Instr 0x14771063: BNE x14, x7, 0x140
DEBUG Src0 Reg: x14={0x0}
DEBUG Src1 Reg: x7={0x0}
DEBUG Fetch: PC=0x800002c4 (#149)
DEBUG Instr 0x1100193: ADDI x3, x0, 0x11
DEBUG Src0 Reg: x0={0x0}
DEBUG Dest Reg: x3={0x11}
DEBUG Fetch: PC=0x800002c8 (#150)
DEBUG Instr 0xb00093: ADDI x1, x0, 0xb
DEBUG Src0 Reg: x0={0x0}
DEBUG Dest Reg: x1={0xb}
DEBUG Fetch: PC=0x800002cc (#151)
DEBUG Instr 0xd0a093: SLTI x1, x1, 0xd
DEBUG Src0 Reg: x1={0xb}
DEBUG Dest Reg: x1={0x1}
DEBUG Fetch: PC=0x800002d0 (#152)
DEBUG Instr 0x100393: ADDI x7, x0, 0x1
DEBUG Src0 Reg: x0={0x0}
DEBUG Dest Reg: x7={0x1}
DEBUG Fetch: PC=0x800002d4 (#153)
DEBUG Instr 0x12709663: BNE x1, x7, 0x12c
DEBUG Src0 Reg: x1={0x1}
DEBUG Src1 Reg: x7={0x1}
DEBUG Fetch: PC=0x800002d8 (#154)
DEBUG Instr 0x1200193: ADDI x3, x0, 0x12
DEBUG Src0 Reg: x0={0x0}
DEBUG Dest Reg: x3={0x12}
DEBUG Fetch: PC=0x800002dc (#155)
DEBUG Instr 0x213: ADDI x4, x0, 0x0
DEBUG Src0 Reg: x0={0x0}
DEBUG Dest Reg: x4={0x0}
DEBUG Fetch: PC=0x800002e0 (#156)
DEBUG Instr 0xf00093: ADDI x1, x0, 0xf
DEBUG Src0 Reg: x0={0x0}
DEBUG Dest Reg: x1={0xf}
DEBUG Fetch: PC=0x800002e4 (#157)
DEBUG Instr 0xa0a713: SLTI x14, x1, 0xa
DEBUG Src0 Reg: x1={0xf}
DEBUG Dest Reg: x14={0x0}
DEBUG Fetch: PC=0x800002e8 (#158)
DEBUG Instr 0x70313: ADDI x6, x14, 0x0
DEBUG Src0 Reg: x14={0x0}
DEBUG Dest Reg: x6={0x0}
DEBUG Fetch: PC=0x800002ec (#159)
DEBUG Instr 0x120213: ADDI x4, x4, 0x1
DEBUG Src0 Reg: x4={0x0}
DEBUG Dest Reg: x4={0x1}
DEBUG Fetch: PC=0x800002f0 (#160)
DEBUG Instr 0x200293: ADDI x5, x0, 0x2
DEBUG Src0 Reg: x0={0x0}
DEBUG Dest Reg: x5={0x2}
DEBUG Fetch: PC=0x800002f4 (#161)
DEBUG Instr 0xfe5216e3: BNE x4, x5, 0xffffffec
DEBUG Src0 Reg: x4={0x1}
DEBUG Src1 Reg: x5={0x2}
DEBUG Fetch: PC=0x800002e0 (#65692)
DEBUG Instr 0xf00093: ADDI x1, x0, 0xf
DEBUG Src0 Reg: x0={0x0}
DEBUG Dest Reg: x1={0xf}
DEBUG Fetch: PC=0x800002e4 (#65693)
DEBUG Instr 0xa0a713: SLTI x14, x1, 0xa
DEBUG Src0 Reg: x1={0xf}
DEBUG Dest Reg: x14={0x0}
DEBUG Fetch: PC=0x800002e8 (#65694)
DEBUG Instr 0x70313: ADDI x6, x14, 0x0
DEBUG Src0 Reg: x14={0x0}
DEBUG Dest Reg: x6={0x0}
DEBUG Fetch: PC=0x800002ec (#65695)
DEBUG Instr 0x120213: ADDI x4, x4, 0x1
DEBUG Src0 Reg: x4={0x1}
DEBUG Dest Reg: x4={0x2}
DEBUG Fetch: PC=0x800002f0 (#65696)
DEBUG Instr 0x200293: ADDI x5, x0, 0x2
DEBUG Src0 Reg: x0={0x0}
DEBUG Dest Reg: x5={0x2}
DEBUG Fetch: PC=0x800002f4 (#65697)
DEBUG Instr 0xfe5216e3: BNE x4, x5, 0xffffffec
DEBUG Src0 Reg: x4={0x2}
DEBUG Src1 Reg: x5={0x2}
DEBUG Fetch: PC=0x800002f8 (#162)
DEBUG Instr 0x393: ADDI x7, x0, 0x0
DEBUG Src0 Reg: x0={0x0}
DEBUG Dest Reg: x7={0x0}
DEBUG Fetch: PC=0x800002fc (#163)
DEBUG Instr 0x10731263: BNE x6, x7, 0x104
DEBUG Src0 Reg: x6={0x0}
DEBUG Src1 Reg: x7={0x0}
DEBUG Fetch: PC=0x80000300 (#164)
DEBUG Instr 0x1300193: ADDI x3, x0, 0x13
DEBUG Src0 Reg: x0={0x0}
DEBUG Dest Reg: x3={0x13}
DEBUG Fetch: PC=0x80000304 (#165)
DEBUG Instr 0x213: ADDI x4, x0, 0x0
DEBUG Src0 Reg: x0={0x0}
DEBUG Dest Reg: x4={0x0}
DEBUG Fetch: PC=0x80000308 (#166)
DEBUG Instr 0xa00093: ADDI x1, x0, 0xa
DEBUG Src0 Reg: x0={0x0}
DEBUG Dest Reg: x1={0xa}
DEBUG Fetch: PC=0x8000030c (#167)
DEBUG Instr 0x100a713: SLTI x14, x1, 0x10
DEBUG Src0 Reg: x1={0xa}
DEBUG Dest Reg: x14={0x1}
DEBUG Fetch: PC=0x80000310 (#168)
DEBUG Instr 0x13: ADDI x0, x0, 0x0
DEBUG Src0 Reg: x0={0x0}
DEBUG Fetch: PC=0x80000314 (#169)
DEBUG Instr 0x70313: ADDI x6, x14, 0x0
DEBUG Src0 Reg: x14={0x1}
DEBUG Dest Reg: x6={0x1}
DEBUG Fetch: PC=0x80000318 (#170)
DEBUG Instr 0x120213: ADDI x4, x4, 0x1
DEBUG Src0 Reg: x4={0x0}
DEBUG Dest Reg: x4={0x1}
DEBUG Fetch: PC=0x8000031c (#171)
DEBUG Instr 0x200293: ADDI x5, x0, 0x2
DEBUG Src0 Reg: x0={0x0}
DEBUG Dest Reg: x5={0x2}
DEBUG Fetch: PC=0x80000320 (#172)
DEBUG Instr 0xfe5214e3: BNE x4, x5, 0xffffffe8
DEBUG Src0 Reg: x4={0x1}
DEBUG Src1 Reg: x5={0x2}
DEBUG Fetch: PC=0x80000308 (#65702)
DEBUG Instr 0xa00093: ADDI x1, x0, 0xa
DEBUG Src0 Reg: x0={0x0}
DEBUG Dest Reg: x1={0xa}
DEBUG Fetch: PC=0x8000030c (#65703)
DEBUG Instr 0x100a713: SLTI x14, x1, 0x10
DEBUG Src0 Reg: x1={0xa}
DEBUG Dest Reg: x14={0x1}
DEBUG Fetch: PC=0x80000310 (#65704)
DEBUG Instr 0x13: ADDI x0, x0, 0x0
DEBUG Src0 Reg: x0={0x0}
DEBUG Fetch: PC=0x80000314 (#65705)
DEBUG Instr 0x70313: ADDI x6, x14, 0x0
DEBUG Src0 Reg: x14={0x1}
DEBUG Dest Reg: x6={0x1}
DEBUG Fetch: PC=0x80000318 (#65706)
DEBUG Instr 0x120213: ADDI x4, x4, 0x1
DEBUG Src0 Reg: x4={0x1}
DEBUG Dest Reg: x4={0x2}
DEBUG Fetch: PC=0x8000031c (#65707)
DEBUG Instr 0x200293: ADDI x5, x0, 0x2
DEBUG Src0 Reg: x0={0x0}
DEBUG Dest Reg: x5={0x2}
DEBUG Fetch: PC=0x80000320 (#65708)
DEBUG Instr 0xfe5214e3: BNE x4, x5, 0xffffffe8
DEBUG Src0 Reg: x4={0x2}
DEBUG Src1 Reg: x5={0x2}
DEBUG Fetch: PC=0x80000324 (#173)
DEBUG Instr 0x100393: ADDI x7, x0, 0x1
DEBUG Src0 Reg: x0={0x0}
DEBUG Dest Reg: x7={0x1}
DEBUG Fetch: PC=0x80000328 (#174)
DEBUG Instr 0xc731c63: BNE x6, x7, 0xd8
DEBUG Src0 Reg: x6={0x1}
DEBUG Src1 Reg: x7={0x1}
DEBUG Fetch: PC=0x8000032c (#175)
DEBUG Instr 0x1400193: ADDI x3, x0, 0x14
DEBUG Src0 Reg: x0={0x0}
DEBUG Dest Reg: x3={0x14}
DEBUG Fetch: PC=0x80000330 (#176)
DEBUG Instr 0x213: ADDI x4, x0, 0x0
DEBUG Src0 Reg: x0={0x0}
DEBUG Dest Reg: x4={0x0}
DEBUG Fetch: PC=0x80000334 (#177)
DEBUG Instr 0x1000093: ADDI x1, x0, 0x10
DEBUG Src0 Reg: x0={0x0}
DEBUG Dest Reg: x1={0x10}
DEBUG Fetch: PC=0x80000338 (#178)
DEBUG Instr 0x90a713: SLTI x14, x1, 0x9
DEBUG Src0 Reg: x1={0x10}
DEBUG Dest Reg: x14={0x0}
DEBUG Fetch: PC=0x8000033c (#179)
DEBUG Instr 0x13: ADDI x0, x0, 0x0
DEBUG Src0 Reg: x0={0x0}
DEBUG Fetch: PC=0x80000340 (#180)
DEBUG Instr 0x13: ADDI x0, x0, 0x0
DEBUG Src0 Reg: x0={0x0}
DEBUG Fetch: PC=0x80000344 (#181)
DEBUG Instr 0x70313: ADDI x6, x14, 0x0
DEBUG Src0 Reg: x14={0x0}
DEBUG Dest Reg: x6={0x0}
DEBUG Fetch: PC=0x80000348 (#182)
DEBUG Instr 0x120213: ADDI x4, x4, 0x1
DEBUG Src0 Reg: x4={0x0}
DEBUG Dest Reg: x4={0x1}
DEBUG Fetch: PC=0x8000034c (#183)
DEBUG Instr 0x200293: ADDI x5, x0, 0x2
DEBUG Src0 Reg: x0={0x0}
DEBUG Dest Reg: x5={0x2}
DEBUG Fetch: PC=0x80000350 (#184)
DEBUG Instr 0xfe5212e3: BNE x4, x5, 0xffffffe4
DEBUG Src0 Reg: x4={0x1}
DEBUG Src1 Reg: x5={0x2}
DEBUG Fetch: PC=0x80000334 (#65713)
DEBUG Instr 0x1000093: ADDI x1, x0, 0x10
DEBUG Src0 Reg: x0={0x0}
DEBUG Dest Reg: x1={0x10}
DEBUG Fetch: PC=0x80000338 (#65714)
DEBUG Instr 0x90a713: SLTI x14, x1, 0x9
DEBUG Src0 Reg: x1={0x10}
DEBUG Dest Reg: x14={0x0}
DEBUG Fetch: PC=0x8000033c (#65715)
DEBUG Instr 0x13: ADDI x0, x0, 0x0
DEBUG Src0 Reg: x0={0x0}
DEBUG Fetch: PC=0x80000340 (#65716)
DEBUG Instr 0x13: ADDI x0, x0, 0x0
DEBUG Src0 Reg: x0={0x0}
DEBUG Fetch: PC=0x80000344 (#65717)
DEBUG Instr 0x70313: ADDI x6, x14, 0x0
DEBUG Src0 Reg: x14={0x0}
DEBUG Dest Reg: x6={0x0}
DEBUG Fetch: PC=0x80000348 (#65718)
DEBUG Instr 0x120213: ADDI x4, x4, 0x1
DEBUG Src0 Reg: x4={0x1}
DEBUG Dest Reg: x4={0x2}
DEBUG Fetch: PC=0x8000034c (#65719)
DEBUG Instr 0x200293: ADDI x5, x0, 0x2
DEBUG Src0 Reg: x0={0x0}
DEBUG Dest Reg: x5={0x2}
DEBUG Fetch: PC=0x80000350 (#65720)
DEBUG Instr 0xfe5212e3: BNE x4, x5, 0xffffffe4
DEBUG Src0 Reg: x4={0x2}
DEBUG Src1 Reg: x5={0x2}
DEBUG Fetch: PC=0x80000354 (#185)
DEBUG Instr 0x393: ADDI x7, x0, 0x0
DEBUG Src0 Reg: x0={0x0}
DEBUG Dest Reg: x7={0x0}
DEBUG Fetch: PC=0x80000358 (#186)
DEBUG Instr 0xa731463: BNE x6, x7, 0xa8
DEBUG Src0 Reg: x6={0x0}
DEBUG Src1 Reg: x7={0x0}
DEBUG Fetch: PC=0x8000035c (#187)
DEBUG Instr 0x1500193: ADDI x3, x0, 0x15
DEBUG Src0 Reg: x0={0x0}
DEBUG Dest Reg: x3={0x15}
DEBUG Fetch: PC=0x80000360 (#188)
DEBUG Instr 0x213: ADDI x4, x0, 0x0
DEBUG Src0 Reg: x0={0x0}
DEBUG Dest Reg: x4={0x0}
DEBUG Fetch: PC=0x80000364 (#189)
DEBUG Instr 0xb00093: ADDI x1, x0, 0xb
DEBUG Src0 Reg: x0={0x0}
DEBUG Dest Reg: x1={0xb}
DEBUG Fetch: PC=0x80000368 (#190)
DEBUG Instr 0xf0a713: SLTI x14, x1, 0xf
DEBUG Src0 Reg: x1={0xb}
DEBUG Dest Reg: x14={0x1}
DEBUG Fetch: PC=0x8000036c (#191)
DEBUG Instr 0x120213: ADDI x4, x4, 0x1
DEBUG Src0 Reg: x4={0x0}
DEBUG Dest Reg: x4={0x1}
DEBUG Fetch: PC=0x80000370 (#192)
DEBUG Instr 0x200293: ADDI x5, x0, 0x2
DEBUG Src0 Reg: x0={0x0}
DEBUG Dest Reg: x5={0x2}
DEBUG Fetch: PC=0x80000374 (#193)
DEBUG Instr 0xfe5218e3: BNE x4, x5, 0xfffffff0
DEBUG Src0 Reg: x4={0x1}
DEBUG Src1 Reg: x5={0x2}
DEBUG Fetch: PC=0x80000364 (#65725)
DEBUG Instr 0xb00093: ADDI x1, x0, 0xb
DEBUG Src0 Reg: x0={0x0}
DEBUG Dest Reg: x1={0xb}
DEBUG Fetch: PC=0x80000368 (#65726)
DEBUG Instr 0xf0a713: SLTI x14, x1, 0xf
DEBUG Src0 Reg: x1={0xb}
DEBUG Dest Reg: x14={0x1}
DEBUG Fetch: PC=0x8000036c (#65727)
DEBUG Instr 0x120213: ADDI x4, x4, 0x1
DEBUG Src0 Reg: x4={0x1}
DEBUG Dest Reg: x4={0x2}
DEBUG Fetch: PC=0x80000370 (#65728)
DEBUG Instr 0x200293: ADDI x5, x0, 0x2
DEBUG Src0 Reg: x0={0x0}
DEBUG Dest Reg: x5={0x2}
DEBUG Fetch: PC=0x80000374 (#65729)
DEBUG Instr 0xfe5218e3: BNE x4, x5, 0xfffffff0
DEBUG Src0 Reg: x4={0x2}
DEBUG Src1 Reg: x5={0x2}
DEBUG Fetch: PC=0x80000378 (#194)
DEBUG Instr 0x100393: ADDI x7, x0, 0x1
DEBUG Src0 Reg: x0={0x0}
DEBUG Dest Reg: x7={0x1}
DEBUG Fetch: PC=0x8000037c (#195)
DEBUG Instr 0x8771263: BNE x14, x7, 0x84
DEBUG Src0 Reg: x14={0x1}
DEBUG Src1 Reg: x7={0x1}
DEBUG Fetch: PC=0x80000380 (#196)
DEBUG Instr 0x1600193: ADDI x3, x0, 0x16
DEBUG Src0 Reg: x0={0x0}
DEBUG Dest Reg: x3={0x16}
DEBUG Fetch: PC=0x80000384 (#197)
DEBUG Instr 0x213: ADDI x4, x0, 0x0
DEBUG Src0 Reg: x0={0x0}
DEBUG Dest Reg: x4={0x0}
DEBUG Fetch: PC=0x80000388 (#198)
DEBUG Instr 0x1100093: ADDI x1, x0, 0x11
DEBUG Src0 Reg: x0={0x0}
DEBUG Dest Reg: x1={0x11}
DEBUG Fetch: PC=0x8000038c (#199)
DEBUG Instr 0x13: ADDI x0, x0, 0x0
DEBUG Src0 Reg: x0={0x0}
DEBUG Fetch: PC=0x80000390 (#200)
DEBUG Instr 0x80a713: SLTI x14, x1, 0x8
DEBUG Src0 Reg: x1={0x11}
DEBUG Dest Reg: x14={0x0}
DEBUG Fetch: PC=0x80000394 (#201)
DEBUG Instr 0x120213: ADDI x4, x4, 0x1
DEBUG Src0 Reg: x4={0x0}
DEBUG Dest Reg: x4={0x1}
DEBUG Fetch: PC=0x80000398 (#202)
DEBUG Instr 0x200293: ADDI x5, x0, 0x2
DEBUG Src0 Reg: x0={0x0}
DEBUG Dest Reg: x5={0x2}
DEBUG Fetch: PC=0x8000039c (#203)
DEBUG Instr 0xfe5216e3: BNE x4, x5, 0xffffffec
DEBUG Src0 Reg: x4={0x1}
DEBUG Src1 Reg: x5={0x2}
DEBUG Fetch: PC=0x80000388 (#65734)
DEBUG Instr 0x1100093: ADDI x1, x0, 0x11
DEBUG Src0 Reg: x0={0x0}
DEBUG Dest Reg: x1={0x11}
DEBUG Fetch: PC=0x8000038c (#65735)
DEBUG Instr 0x13: ADDI x0, x0, 0x0
DEBUG Src0 Reg: x0={0x0}
DEBUG Fetch: PC=0x80000390 (#65736)
DEBUG Instr 0x80a713: SLTI x14, x1, 0x8
DEBUG Src0 Reg: x1={0x11}
DEBUG Dest Reg: x14={0x0}
DEBUG Fetch: PC=0x80000394 (#65737)
DEBUG Instr 0x120213: ADDI x4, x4, 0x1
DEBUG Src0 Reg: x4={0x1}
DEBUG Dest Reg: x4={0x2}
DEBUG Fetch: PC=0x80000398 (#65738)
DEBUG Instr 0x200293: ADDI x5, x0, 0x2
DEBUG Src0 Reg: x0={0x0}
DEBUG Dest Reg: x5={0x2}
DEBUG Fetch: PC=0x8000039c (#65739)
DEBUG Instr 0xfe5216e3: BNE x4, x5, 0xffffffec
DEBUG Src0 Reg: x4={0x2}
DEBUG Src1 Reg: x5={0x2}
DEBUG Fetch: PC=0x800003a0 (#204)
DEBUG Instr 0x393: ADDI x7, x0, 0x0
DEBUG Src0 Reg: x0={0x0}
DEBUG Dest Reg: x7={0x0}
DEBUG Fetch: PC=0x800003a4 (#205)
DEBUG Instr 0x4771e63: BNE x14, x7, 0x5c
DEBUG Src0 Reg: x14={0x0}
DEBUG Src1 Reg: x7={0x0}
DEBUG Fetch: PC=0x800003a8 (#206)
DEBUG Instr 0x1700193: ADDI x3, x0, 0x17
DEBUG Src0 Reg: x0={0x0}
DEBUG Dest Reg: x3={0x17}
DEBUG Fetch: PC=0x800003ac (#207)
DEBUG Instr 0x213: ADDI x4, x0, 0x0
DEBUG Src0 Reg: x0={0x0}
DEBUG Dest Reg: x4={0x0}
DEBUG Fetch: PC=0x800003b0 (#208)
DEBUG Instr 0xc00093: ADDI x1, x0, 0xc
DEBUG Src0 Reg: x0={0x0}
DEBUG Dest Reg: x1={0xc}
DEBUG Fetch: PC=0x800003b4 (#209)
DEBUG Instr 0x13: ADDI x0, x0, 0x0
DEBUG Src0 Reg: x0={0x0}
DEBUG Fetch: PC=0x800003b8 (#210)
DEBUG Instr 0x13: ADDI x0, x0, 0x0
DEBUG Src0 Reg: x0={0x0}
DEBUG Fetch: PC=0x800003bc (#211)
DEBUG Instr 0xe0a713: SLTI x14, x1, 0xe
DEBUG Src0 Reg: x1={0xc}
DEBUG Dest Reg: x14={0x1}
DEBUG Fetch: PC=0x800003c0 (#212)
DEBUG Instr 0x120213: ADDI x4, x4, 0x1
DEBUG Src0 Reg: x4={0x0}
DEBUG Dest Reg: x4={0x1}
DEBUG Fetch: PC=0x800003c4 (#213)
DEBUG Instr 0x200293: ADDI x5, x0, 0x2
DEBUG Src0 Reg: x0={0x0}
DEBUG Dest Reg: x5={0x2}
DEBUG Fetch: PC=0x800003c8 (#214)
DEBUG Instr 0xfe5214e3: BNE x4, x5, 0xffffffe8
DEBUG Src0 Reg: x4={0x1}
DEBUG Src1 Reg: x5={0x2}
DEBUG Fetch: PC=0x800003b0 (#65744)
DEBUG Instr 0xc00093: ADDI x1, x0, 0xc
DEBUG Src0 Reg: x0={0x0}
DEBUG Dest Reg: x1={0xc}
DEBUG Fetch: PC=0x800003b4 (#65745)
DEBUG Instr 0x13: ADDI x0, x0, 0x0
DEBUG Src0 Reg: x0={0x0}
DEBUG Fetch: PC=0x800003b8 (#65746)
DEBUG Instr 0x13: ADDI x0, x0, 0x0
DEBUG Src0 Reg: x0={0x0}
DEBUG Fetch: PC=0x800003bc (#65747)
DEBUG Instr 0xe0a713: SLTI x14, x1, 0xe
DEBUG Src0 Reg: x1={0xc}
DEBUG Dest Reg: x14={0x1}
DEBUG Fetch: PC=0x800003c0 (#65748)
DEBUG Instr 0x120213: ADDI x4, x4, 0x1
DEBUG Src0 Reg: x4={0x1}
DEBUG Dest Reg: x4={0x2}
DEBUG Fetch: PC=0x800003c4 (#65749)
DEBUG Instr 0x200293: ADDI x5, x0, 0x2
DEBUG Src0 Reg: x0={0x0}
DEBUG Dest Reg: x5={0x2}
DEBUG Fetch: PC=0x800003c8 (#65750)
DEBUG Instr 0xfe5214e3: BNE x4, x5, 0xffffffe8
DEBUG Src0 Reg: x4={0x2}
DEBUG Src1 Reg: x5={0x2}
DEBUG Fetch: PC=0x800003cc (#215)
DEBUG Instr 0x100393: ADDI x7, x0, 0x1
DEBUG Src0 Reg: x0={0x0}
DEBUG Dest Reg: x7={0x1}
DEBUG Fetch: PC=0x800003d0 (#216)
DEBUG Instr 0x2771863: BNE x14, x7, 0x30
DEBUG Src0 Reg: x14={0x1}
DEBUG Src1 Reg: x7={0x1}
DEBUG Fetch: PC=0x800003d4 (#217)
DEBUG Instr 0x1800193: ADDI x3, x0, 0x18
DEBUG Src0 Reg: x0={0x0}
DEBUG Dest Reg: x3={0x18}
DEBUG Fetch: PC=0x800003d8 (#218)
DEBUG Instr 0xfff02093: SLTI x1, x0, 0xffffffff
DEBUG Src0 Reg: x0={0x0}
DEBUG Dest Reg: x1={0x0}
DEBUG Fetch: PC=0x800003dc (#219)
DEBUG Instr 0x393: ADDI x7, x0, 0x0
DEBUG Src0 Reg: x0={0x0}
DEBUG Dest Reg: x7={0x0}
DEBUG Fetch: PC=0x800003e0 (#220)
DEBUG Instr 0x2709063: BNE x1, x7, 0x20
DEBUG Src0 Reg: x1={0x0}
DEBUG Src1 Reg: x7={0x0}
DEBUG Fetch: PC=0x800003e4 (#221)
DEBUG Instr 0x1900193: ADDI x3, x0, 0x19
DEBUG Src0 Reg: x0={0x0}
DEBUG Dest Reg: x3={0x19}
DEBUG Fetch: PC=0x800003e8 (#222)
DEBUG Instr 0xff00b7: LUI x1, 0xff0
DEBUG Dest Reg: x1={0xff0000}
DEBUG Fetch: PC=0x800003ec (#223)
DEBUG Instr 0xff08093: ADDI x1, x1, 0xff
DEBUG Src0 Reg: x1={0xff0000}
DEBUG Dest Reg: x1={0xff00ff}
DEBUG Fetch: PC=0x800003f0 (#224)
DEBUG Instr 0xfff0a013: SLTI x0, x1, 0xffffffff
DEBUG Src0 Reg: x1={0xff00ff}
DEBUG Fetch: PC=0x800003f4 (#225)
DEBUG Instr 0x393: ADDI x7, x0, 0x0
DEBUG Src0 Reg: x0={0x0}
DEBUG Dest Reg: x7={0x0}
DEBUG Fetch: PC=0x800003f8 (#226)
DEBUG Instr 0x701463: BNE x0, x7, 0x8
DEBUG Src0 Reg: x0={0x0}
DEBUG Src1 Reg: x7={0x0}
DEBUG Fetch: PC=0x800003fc (#227)
DEBUG Instr 0x2301063: BNE x0, x3, 0x20
DEBUG Src0 Reg: x0={0x0}
DEBUG Src1 Reg: x3={0x19}
DEBUG Fetch: PC=0x8000041c (#228)
DEBUG Instr 0xff0000f: FENCE 0xff
DEBUG Fetch: PC=0x80000420 (#229)
DEBUG Instr 0x100193: ADDI x3, x0, 0x1
DEBUG Src0 Reg: x0={0x0}
DEBUG Dest Reg: x3={0x1}
DEBUG Fetch: PC=0x80000424 (#230)
DEBUG Instr 0x5d00893: ADDI x17, x0, 0x5d
DEBUG Src0 Reg: x0={0x0}
DEBUG Dest Reg: x17={0x5d}
DEBUG Fetch: PC=0x80000428 (#231)
DEBUG Instr 0x513: ADDI x10, x0, 0x0
DEBUG Src0 Reg: x0={0x0}
DEBUG Dest Reg: x10={0x0}
DEBUG Fetch: PC=0x8000042c (#232)
DEBUG Instr 0x73: ECALL 0x0
PASSED!
